Log file open, 12/06/21 17:42:35
LogInit: Display: Running engine for game: Robot_Survival
LogPlatformFile: Not using cached read wrapper
LogTaskGraph: Started task graph with 5 named threads and 11 total threads with 3 sets of task threads.
LogStats: Stats thread started at 1.032745
LogD3D11RHI: Loaded GFSDK_Aftermath_Lib.x64.dll
LogICUInternationalization: ICU TimeZone Detection - Raw Offset: +9:30, Platform Override: ''
LogPluginManager: Mounting plugin Paper2D
LogPluginManager: Mounting plugin AISupport
LogPluginManager: Mounting plugin LightPropagationVolume
LogPluginManager: Mounting plugin CameraShakePreviewer
LogPluginManager: Mounting plugin ActorLayerUtilities
LogPluginManager: Mounting plugin AnimationSharing
LogPluginManager: Mounting plugin CLionSourceCodeAccess
LogPluginManager: Mounting plugin CodeLiteSourceCodeAccess
LogPluginManager: Mounting plugin GitSourceControl
LogPluginManager: Mounting plugin KDevelopSourceCodeAccess
LogPluginManager: Mounting plugin NullSourceCodeAccess
LogPluginManager: Mounting plugin PerforceSourceControl
LogPluginManager: Mounting plugin PlasticSourceControl
LogPluginManager: Mounting plugin RiderSourceCodeAccess
LogPluginManager: Mounting plugin SubversionSourceControl
LogPluginManager: Mounting plugin UObjectPlugin
LogPluginManager: Mounting plugin VisualStudioCodeSourceCodeAccess
LogPluginManager: Mounting plugin VisualStudioSourceCodeAccess
LogPluginManager: Mounting plugin XCodeSourceCodeAccess
LogPluginManager: Mounting plugin AssetManagerEditor
LogPluginManager: Mounting plugin CryptoKeys
LogPluginManager: Mounting plugin CurveEditorTools
LogPluginManager: Mounting plugin DataValidation
LogPluginManager: Mounting plugin EditorScriptingUtilities
LogPluginManager: Mounting plugin FacialAnimation
LogPluginManager: Mounting plugin GameplayTagsEditor
LogPluginManager: Mounting plugin GeometryMode
LogPluginManager: Mounting plugin MacGraphicsSwitching
LogPluginManager: Mounting plugin MaterialAnalyzer
LogPluginManager: Mounting plugin MobileLauncherProfileWizard
LogPluginManager: Mounting plugin PluginBrowser
LogPluginManager: Mounting plugin SpeedTreeImporter
LogPluginManager: Mounting plugin DatasmithContent
LogPluginManager: Mounting plugin VariantManagerContent
LogPluginManager: Mounting plugin AlembicImporter
LogPluginManager: Mounting plugin AutomationUtils
LogPluginManager: Mounting plugin BackChannel
LogPluginManager: Mounting plugin ChaosCloth
LogPluginManager: Mounting plugin ChaosClothEditor
LogPluginManager: Mounting plugin ChaosEditor
LogPluginManager: Mounting plugin ChaosNiagara
LogPluginManager: Mounting plugin ChaosSolverPlugin
LogPluginManager: Mounting plugin CharacterAI
LogPluginManager: Mounting plugin GeometryCache
LogPluginManager: Mounting plugin GeometryCollectionPlugin
LogPluginManager: Mounting plugin GeometryProcessing
LogPluginManager: Mounting plugin PlanarCut
LogPluginManager: Mounting plugin PlatformCrypto
LogPluginManager: Mounting plugin ProxyLODPlugin
LogPluginManager: Mounting plugin SkeletalReduction
LogPluginManager: Mounting plugin Niagara
LogPluginManager: Mounting plugin MagicLeap
LogPluginManager: Mounting plugin MagicLeapLightEstimation
LogPluginManager: Mounting plugin MagicLeapMedia
LogPluginManager: Mounting plugin MagicLeapPassableWorld
LogPluginManager: Mounting plugin MLSDK
LogPluginManager: Mounting plugin AndroidMedia
LogPluginManager: Mounting plugin AvfMedia
LogPluginManager: Mounting plugin ImgMedia
LogPluginManager: Mounting plugin MediaCompositing
LogPluginManager: Mounting plugin MediaPlayerEditor
LogPluginManager: Mounting plugin WebMMedia
LogPluginManager: Mounting plugin WmfMedia
LogPluginManager: Mounting plugin MeshPainting
LogPluginManager: Mounting plugin TcpMessaging
LogPluginManager: Mounting plugin UdpMessaging
LogPluginManager: Mounting plugin ActorSequence
LogPluginManager: Mounting plugin LevelSequenceEditor
LogPluginManager: Mounting plugin MatineeToLevelSequence
LogPluginManager: Mounting plugin MovieRenderPipeline
LogPluginManager: Mounting plugin TemplateSequence
LogPluginManager: Mounting plugin NetcodeUnitTest
LogPluginManager: Mounting plugin NUTUnrealEngine4
LogPluginManager: Mounting plugin OnlineSubsystemGooglePlay
LogPluginManager: Mounting plugin OnlineSubsystemIOS
LogPluginManager: Mounting plugin OnlineSubsystem
LogPluginManager: Mounting plugin OnlineSubsystemNull
LogPluginManager: Mounting plugin OnlineSubsystemUtils
LogPluginManager: Mounting plugin LauncherChunkInstaller
LogPluginManager: Mounting plugin AndroidDeviceProfileSelector
LogPluginManager: Mounting plugin AndroidMoviePlayer
LogPluginManager: Mounting plugin AndroidPermission
LogPluginManager: Mounting plugin AppleImageUtils
LogPluginManager: Mounting plugin AppleMoviePlayer
LogPluginManager: Mounting plugin ArchVisCharacter
LogPluginManager: Mounting plugin AssetTags
LogPluginManager: Mounting plugin AudioCapture
LogPluginManager: Mounting plugin CableComponent
LogPluginManager: Mounting plugin CustomMeshComponent
LogPluginManager: Mounting plugin EditableMesh
LogPluginManager: Mounting plugin ExampleDeviceProfileSelector
LogPluginManager: Mounting plugin GoogleCloudMessaging
LogPluginManager: Mounting plugin GooglePAD
LogPluginManager: Mounting plugin IOSDeviceProfileSelector
LogPluginManager: Mounting plugin LinuxDeviceProfileSelector
LogPluginManager: Mounting plugin LocationServicesBPLibrary
LogPluginManager: Mounting plugin MobilePatchingUtils
LogPluginManager: Mounting plugin OculusVR
LogPluginManager: Mounting plugin PhysXVehicles
LogPluginManager: Mounting plugin PostSplashScreen
LogPluginManager: Mounting plugin ProceduralMeshComponent
LogPluginManager: Mounting plugin RuntimePhysXCooking
LogPluginManager: Mounting plugin SignificanceManager
LogPluginManager: Mounting plugin SoundFields
LogPluginManager: Mounting plugin SteamVR
LogPluginManager: Mounting plugin Synthesis
LogPluginManager: Mounting plugin WebMMoviePlayer
LogPluginManager: Mounting plugin WindowsMoviePlayer
LogPluginManager: Mounting plugin ScreenshotTools
LogInit: Using libcurl 7.55.1-DEV
LogInit:  - built for x86_64-pc-win32
LogInit:  - supports SSL with OpenSSL/1.1.1
LogInit:  - supports HTTP deflate (compression) using libz 1.2.8
LogInit:  - other features:
LogInit:      CURL_VERSION_SSL
LogInit:      CURL_VERSION_LIBZ
LogInit:      CURL_VERSION_IPV6
LogInit:      CURL_VERSION_ASYNCHDNS
LogInit:      CURL_VERSION_LARGEFILE
LogInit:      CURL_VERSION_IDN
LogInit:  CurlRequestOptions (configurable via config and command line):
LogInit:  - bVerifyPeer = true  - Libcurl will verify peer certificate
LogInit:  - bUseHttpProxy = false  - Libcurl will NOT use HTTP proxy
LogInit:  - bDontReuseConnections = false  - Libcurl will reuse connections
LogInit:  - MaxHostConnections = 16  - Libcurl will limit the number of connections to a host
LogInit:  - LocalHostAddr = Default
LogInit:  - BufferSize = 65536
LogOnline: OSS: Creating online subsystem instance for: NULL
LogInit: WinSock: version 1.1 (2.2), MaxSocks=32767, MaxUdp=65467
LogOnline: OSS: TryLoadSubsystemAndSetDefault: Loaded subsystem for module [NULL]
LogInit: Build: ++UE4+Release-4.25-CL-14469661
LogInit: Engine Version: 4.25.4-14469661+++UE4+Release-4.25
LogInit: Compatible Engine Version: 4.25.0-13144385+++UE4+Release-4.25
LogInit: Net CL: 13144385
LogInit: OS: Windows 10 (Release 1903) (), CPU: Intel(R) Core(TM) i5-7Y54 CPU @ 1.20GHz, GPU: Intel(R) HD Graphics 615
LogInit: Compiled (64-bit): Oct 11 2020 08:10:49
LogInit: Compiled with Visual C++: 19.24.28315.00
LogInit: Build Configuration: Development
LogInit: Branch Name: ++UE4+Release-4.25
LogInit: Command Line: 
LogInit: Base Directory: C:/Program Files/Epic Games/UE_4.25/Engine/Binaries/Win64/
LogInit: Allocator: TBB
LogInit: Installed Engine Build: 1
LogDevObjectVersion: Number of dev versions registered: 26
LogDevObjectVersion:   Dev-Blueprints (B0D832E4-1F89-4F0D-ACCF-7EB736FD4AA2): 10
LogDevObjectVersion:   Dev-Build (E1C64328-A22C-4D53-A36C-8E866417BD8C): 0
LogDevObjectVersion:   Dev-Core (375EC13C-06E4-48FB-B500-84F0262A717E): 4
LogDevObjectVersion:   Dev-Editor (E4B068ED-F494-42E9-A231-DA0B2E46BB41): 38
LogDevObjectVersion:   Dev-Framework (CFFC743F-43B0-4480-9391-14DF171D2073): 37
LogDevObjectVersion:   Dev-Mobile (B02B49B5-BB20-44E9-A304-32B752E40360): 2
LogDevObjectVersion:   Dev-Networking (A4E4105C-59A1-49B5-A7C5-40C4547EDFEE): 0
LogDevObjectVersion:   Dev-Online (39C831C9-5AE6-47DC-9A44-9C173E1C8E7C): 0
LogDevObjectVersion:   Dev-Physics (78F01B33-EBEA-4F98-B9B4-84EACCB95AA2): 4
LogDevObjectVersion:   Dev-Platform (6631380F-2D4D-43E0-8009-CF276956A95A): 0
LogDevObjectVersion:   Dev-Rendering (12F88B9F-8875-4AFC-A67C-D90C383ABD29): 43
LogDevObjectVersion:   Dev-Sequencer (7B5AE74C-D270-4C10-A958-57980B212A5A): 12
LogDevObjectVersion:   Dev-VR (D7296918-1DD6-4BDD-9DE2-64A83CC13884): 3
LogDevObjectVersion:   Dev-LoadTimes (C2A15278-BFE7-4AFE-6C17-90FF531DF755): 1
LogDevObjectVersion:   Private-Geometry (6EACA3D4-40EC-4CC1-B786-8BED09428FC5): 3
LogDevObjectVersion:   Dev-AnimPhys (29E575DD-E0A3-4627-9D10-D276232CDCEA): 17
LogDevObjectVersion:   Dev-Anim (AF43A65D-7FD3-4947-9873-3E8ED9C1BB05): 7
LogDevObjectVersion:   Dev-ReflectionCapture (6B266CEC-1EC7-4B8F-A30B-E4D90942FC07): 1
LogDevObjectVersion:   Dev-Automation (0DF73D61-A23F-47EA-B727-89E90C41499A): 1
LogDevObjectVersion:   FortniteMain (601D1886-AC64-4F84-AA16-D3DE0DEAC7D6): 31
LogDevObjectVersion:   Dev-Enterprise (9DFFBCD6-494F-0158-E221-12823C92A888): 10
LogDevObjectVersion:   Dev-Niagara (F2AED0AC-9AFE-416F-8664-AA7FFA26D6FC): 1
LogDevObjectVersion:   Dev-Destruction (174F1F0B-B4C6-45A5-B13F-2EE8D0FB917D): 10
LogDevObjectVersion:   Dev-Physics-Ext (35F94A83-E258-406C-A318-09F59610247C): 37
LogDevObjectVersion:   Dev-PhysicsMaterial-Chaos (B68FC16E-8B1B-42E2-B453-215C058844FE): 1
LogDevObjectVersion:   Dev-CineCamera (B2E18506-4273-CFC2-A54E-F4BB758BBA07): 1
LogInit: Presizing for max 25165824 objects, including 0 objects not considered by GC, pre-allocating 0 bytes for permanent pool.
LogConfig: Applying CVar settings from Section [/Script/Engine.StreamingSettings] File [C:/Users/floojosh/Work Folders/game development course/github/Group_5_AIE_Assesment/Robot_Survival/Saved/Config/Windows/Engine.ini]
LogConfig: Setting CVar [[s.MinBulkDataSizeForAsyncLoading:131072]]
LogConfig: Setting CVar [[s.AsyncLoadingThreadEnabled:0]]
LogConfig: Setting CVar [[s.EventDrivenLoaderEnabled:1]]
LogConfig: Setting CVar [[s.WarnIfTimeLimitExceeded:0]]
LogConfig: Setting CVar [[s.TimeLimitExceededMultiplier:1.5]]
LogConfig: Setting CVar [[s.TimeLimitExceededMinTime:0.005]]
LogConfig: Setting CVar [[s.UseBackgroundLevelStreaming:1]]
LogConfig: Setting CVar [[s.PriorityAsyncLoadingExtraTime:15.0]]
LogConfig: Setting CVar [[s.LevelStreamingActorsUpdateTimeLimit:5.0]]
LogConfig: Setting CVar [[s.PriorityLevelStreamingActorsUpdateExtraTime:5.0]]
LogConfig: Setting CVar [[s.LevelStreamingComponentsRegistrationGranularity:10]]
LogConfig: Setting CVar [[s.UnregisterComponentsTimeLimit:1.0]]
LogConfig: Setting CVar [[s.LevelStreamingComponentsUnregistrationGranularity:5]]
LogConfig: Setting CVar [[s.FlushStreamingOnExit:1]]
LogInit: Object subsystem initialized
LogConfig: Setting CVar [[con.DebugEarlyDefault:1]]
LogConfig: Setting CVar [[r.setres:1280x720]]
[2021.12.06-07.12.37:551][  0]LogConfig: Setting CVar [[r.VSync:0]]
[2021.12.06-07.12.37:551][  0]LogConfig: Setting CVar [[r.RHICmdBypass:0]]
[2021.12.06-07.12.37:551][  0]LogConfig: Applying CVar settings from Section [/Script/Engine.RendererSettings] File [C:/Users/floojosh/Work Folders/game development course/github/Group_5_AIE_Assesment/Robot_Survival/Saved/Config/Windows/Engine.ini]
[2021.12.06-07.12.37:551][  0]LogConfig: Setting CVar [[r.GPUCrashDebugging:0]]
[2021.12.06-07.12.37:551][  0]LogConfig: Applying CVar settings from Section [/Script/Engine.RendererOverrideSettings] File [C:/Users/floojosh/Work Folders/game development course/github/Group_5_AIE_Assesment/Robot_Survival/Saved/Config/Windows/Engine.ini]
[2021.12.06-07.12.37:551][  0]LogConfig: Applying CVar settings from Section [/Script/Engine.StreamingSettings] File [C:/Users/floojosh/Work Folders/game development course/github/Group_5_AIE_Assesment/Robot_Survival/Saved/Config/Windows/Engine.ini]
[2021.12.06-07.12.37:551][  0]LogConfig: Setting CVar [[s.MinBulkDataSizeForAsyncLoading:131072]]
[2021.12.06-07.12.37:551][  0]LogConfig: Setting CVar [[s.AsyncLoadingThreadEnabled:0]]
[2021.12.06-07.12.37:551][  0]LogConfig: Setting CVar [[s.EventDrivenLoaderEnabled:1]]
[2021.12.06-07.12.37:551][  0]LogConfig: Setting CVar [[s.WarnIfTimeLimitExceeded:0]]
[2021.12.06-07.12.37:551][  0]LogConfig: Setting CVar [[s.TimeLimitExceededMultiplier:1.5]]
[2021.12.06-07.12.37:551][  0]LogConfig: Setting CVar [[s.TimeLimitExceededMinTime:0.005]]
[2021.12.06-07.12.37:551][  0]LogConfig: Setting CVar [[s.UseBackgroundLevelStreaming:1]]
[2021.12.06-07.12.37:551][  0]LogConfig: Setting CVar [[s.PriorityAsyncLoadingExtraTime:15.0]]
[2021.12.06-07.12.37:551][  0]LogConfig: Setting CVar [[s.LevelStreamingActorsUpdateTimeLimit:5.0]]
[2021.12.06-07.12.37:551][  0]LogConfig: Setting CVar [[s.PriorityLevelStreamingActorsUpdateExtraTime:5.0]]
[2021.12.06-07.12.37:551][  0]LogConfig: Setting CVar [[s.LevelStreamingComponentsRegistrationGranularity:10]]
[2021.12.06-07.12.37:551][  0]LogConfig: Setting CVar [[s.UnregisterComponentsTimeLimit:1.0]]
[2021.12.06-07.12.37:551][  0]LogConfig: Setting CVar [[s.LevelStreamingComponentsUnregistrationGranularity:5]]
[2021.12.06-07.12.37:551][  0]LogConfig: Setting CVar [[s.FlushStreamingOnExit:1]]
[2021.12.06-07.12.37:551][  0]LogConfig: Applying CVar settings from Section [/Script/Engine.GarbageCollectionSettings] File [C:/Users/floojosh/Work Folders/game development course/github/Group_5_AIE_Assesment/Robot_Survival/Saved/Config/Windows/Engine.ini]
[2021.12.06-07.12.37:551][  0]LogConfig: Setting CVar [[gc.MaxObjectsNotConsideredByGC:1]]
[2021.12.06-07.12.37:551][  0]LogConfig: Setting CVar [[gc.SizeOfPermanentObjectPool:0]]
[2021.12.06-07.12.37:551][  0]LogConfig: Setting CVar [[gc.FlushStreamingOnGC:0]]
[2021.12.06-07.12.37:551][  0]LogConfig: Setting CVar [[gc.NumRetriesBeforeForcingGC:10]]
[2021.12.06-07.12.37:551][  0]LogConfig: Setting CVar [[gc.AllowParallelGC:1]]
[2021.12.06-07.12.37:552][  0]LogConfig: Setting CVar [[gc.TimeBetweenPurgingPendingKillObjects:61.1]]
[2021.12.06-07.12.37:552][  0]LogConfig: Setting CVar [[gc.MaxObjectsInEditor:25165824]]
[2021.12.06-07.12.37:552][  0]LogConfig: Setting CVar [[gc.IncrementalBeginDestroyEnabled:1]]
[2021.12.06-07.12.37:552][  0]LogConfig: Setting CVar [[gc.CreateGCClusters:1]]
[2021.12.06-07.12.37:552][  0]LogConfig: Setting CVar [[gc.MinGCClusterSize:5]]
[2021.12.06-07.12.37:552][  0]LogConfig: Setting CVar [[gc.ActorClusteringEnabled:0]]
[2021.12.06-07.12.37:552][  0]LogConfig: Setting CVar [[gc.BlueprintClusteringEnabled:0]]
[2021.12.06-07.12.37:552][  0]LogConfig: Setting CVar [[gc.UseDisregardForGCOnDedicatedServers:0]]
[2021.12.06-07.12.37:552][  0]LogConfig: Applying CVar settings from Section [/Script/Engine.NetworkSettings] File [C:/Users/floojosh/Work Folders/game development course/github/Group_5_AIE_Assesment/Robot_Survival/Saved/Config/Windows/Engine.ini]
[2021.12.06-07.12.37:552][  0]LogConfig: Applying CVar settings from Section [/Script/UnrealEd.CookerSettings] File [C:/Users/floojosh/Work Folders/game development course/github/Group_5_AIE_Assesment/Robot_Survival/Saved/Config/Windows/Engine.ini]
[2021.12.06-07.12.37:556][  0]LogConfig: Applying CVar settings from Section [ViewDistanceQuality@3] File [C:/Users/floojosh/Work Folders/game development course/github/Group_5_AIE_Assesment/Robot_Survival/Saved/Config/Windows/Scalability.ini]
[2021.12.06-07.12.37:556][  0]LogConfig: Setting CVar [[r.SkeletalMeshLODBias:0]]
[2021.12.06-07.12.37:556][  0]LogConfig: Setting CVar [[r.ViewDistanceScale:1.0]]
[2021.12.06-07.12.37:556][  0]LogConfig: Applying CVar settings from Section [AntiAliasingQuality@3] File [C:/Users/floojosh/Work Folders/game development course/github/Group_5_AIE_Assesment/Robot_Survival/Saved/Config/Windows/Scalability.ini]
[2021.12.06-07.12.37:556][  0]LogConfig: Setting CVar [[r.PostProcessAAQuality:4]]
[2021.12.06-07.12.37:557][  0]LogConfig: Applying CVar settings from Section [ShadowQuality@3] File [C:/Users/floojosh/Work Folders/game development course/github/Group_5_AIE_Assesment/Robot_Survival/Saved/Config/Windows/Scalability.ini]
[2021.12.06-07.12.37:557][  0]LogConfig: Setting CVar [[r.LightFunctionQuality:1]]
[2021.12.06-07.12.37:557][  0]LogConfig: Setting CVar [[r.ShadowQuality:5]]
[2021.12.06-07.12.37:557][  0]LogConfig: Setting CVar [[r.Shadow.CSM.MaxCascades:10]]
[2021.12.06-07.12.37:557][  0]LogConfig: Setting CVar [[r.Shadow.MaxResolution:2048]]
[2021.12.06-07.12.37:557][  0]LogConfig: Setting CVar [[r.Shadow.MaxCSMResolution:2048]]
[2021.12.06-07.12.37:557][  0]LogConfig: Setting CVar [[r.Shadow.RadiusThreshold:0.01]]
[2021.12.06-07.12.37:557][  0]LogConfig: Setting CVar [[r.Shadow.DistanceScale:1.0]]
[2021.12.06-07.12.37:557][  0]LogConfig: Setting CVar [[r.Shadow.CSM.TransitionScale:1.0]]
[2021.12.06-07.12.37:557][  0]LogConfig: Setting CVar [[r.Shadow.PreShadowResolutionFactor:1.0]]
[2021.12.06-07.12.37:557][  0]LogConfig: Setting CVar [[r.DistanceFieldShadowing:1]]
[2021.12.06-07.12.37:557][  0]LogConfig: Setting CVar [[r.DistanceFieldAO:1]]
[2021.12.06-07.12.37:557][  0]LogConfig: Setting CVar [[r.AOQuality:2]]
[2021.12.06-07.12.37:557][  0]LogConfig: Setting CVar [[r.VolumetricFog:1]]
[2021.12.06-07.12.37:557][  0]LogConfig: Setting CVar [[r.VolumetricFog.GridPixelSize:8]]
[2021.12.06-07.12.37:557][  0]LogConfig: Setting CVar [[r.VolumetricFog.GridSizeZ:128]]
[2021.12.06-07.12.37:557][  0]LogConfig: Setting CVar [[r.VolumetricFog.HistoryMissSupersampleCount:4]]
[2021.12.06-07.12.37:557][  0]LogConfig: Setting CVar [[r.LightMaxDrawDistanceScale:1]]
[2021.12.06-07.12.37:557][  0]LogConfig: Setting CVar [[r.CapsuleShadows:1]]
[2021.12.06-07.12.37:557][  0]LogConfig: Applying CVar settings from Section [PostProcessQuality@3] File [C:/Users/floojosh/Work Folders/game development course/github/Group_5_AIE_Assesment/Robot_Survival/Saved/Config/Windows/Scalability.ini]
[2021.12.06-07.12.37:557][  0]LogConfig: Setting CVar [[r.MotionBlurQuality:4]]
[2021.12.06-07.12.37:557][  0]LogConfig: Setting CVar [[r.AmbientOcclusionMipLevelFactor:0.4]]
[2021.12.06-07.12.37:557][  0]LogConfig: Setting CVar [[r.AmbientOcclusionMaxQuality:100]]
[2021.12.06-07.12.37:557][  0]LogConfig: Setting CVar [[r.AmbientOcclusionLevels:-1]]
[2021.12.06-07.12.37:557][  0]LogConfig: Setting CVar [[r.AmbientOcclusionRadiusScale:1.0]]
[2021.12.06-07.12.37:557][  0]LogConfig: Setting CVar [[r.DepthOfFieldQuality:2]]
[2021.12.06-07.12.37:557][  0]LogConfig: Setting CVar [[r.RenderTargetPoolMin:400]]
[2021.12.06-07.12.37:557][  0]LogConfig: Setting CVar [[r.LensFlareQuality:2]]
[2021.12.06-07.12.37:557][  0]LogConfig: Setting CVar [[r.SceneColorFringeQuality:1]]
[2021.12.06-07.12.37:557][  0]LogConfig: Setting CVar [[r.EyeAdaptationQuality:2]]
[2021.12.06-07.12.37:557][  0]LogConfig: Setting CVar [[r.BloomQuality:5]]
[2021.12.06-07.12.37:557][  0]LogConfig: Setting CVar [[r.FastBlurThreshold:100]]
[2021.12.06-07.12.37:557][  0]LogConfig: Setting CVar [[r.Upscale.Quality:3]]
[2021.12.06-07.12.37:557][  0]LogConfig: Setting CVar [[r.Tonemapper.GrainQuantization:1]]
[2021.12.06-07.12.37:558][  0]LogConfig: Setting CVar [[r.LightShaftQuality:1]]
[2021.12.06-07.12.37:558][  0]LogConfig: Setting CVar [[r.Filter.SizeScale:1]]
[2021.12.06-07.12.37:558][  0]LogConfig: Setting CVar [[r.Tonemapper.Quality:5]]
[2021.12.06-07.12.37:558][  0]LogConfig: Setting CVar [[r.DOF.Gather.AccumulatorQuality:1        ; higher gathering accumulator quality]]
[2021.12.06-07.12.37:558][  0]LogConfig: Setting CVar [[r.DOF.Gather.PostfilterMethod:1          ; Median3x3 postfilering method]]
[2021.12.06-07.12.37:558][  0]LogConfig: Setting CVar [[r.DOF.Gather.EnableBokehSettings:0       ; no bokeh simulation when gathering]]
[2021.12.06-07.12.37:558][  0]LogConfig: Setting CVar [[r.DOF.Gather.RingCount:4                 ; medium number of samples when gathering]]
[2021.12.06-07.12.37:558][  0]LogConfig: Setting CVar [[r.DOF.Scatter.ForegroundCompositing:1    ; additive foreground scattering]]
[2021.12.06-07.12.37:558][  0]LogConfig: Setting CVar [[r.DOF.Scatter.BackgroundCompositing:2    ; additive background scattering]]
[2021.12.06-07.12.37:558][  0]LogConfig: Setting CVar [[r.DOF.Scatter.EnableBokehSettings:1      ; bokeh simulation when scattering]]
[2021.12.06-07.12.37:558][  0]LogConfig: Setting CVar [[r.DOF.Scatter.MaxSpriteRatio:0.1         ; only a maximum of 10% of scattered bokeh]]
[2021.12.06-07.12.37:558][  0]LogConfig: Setting CVar [[r.DOF.Recombine.Quality:1                ; cheap slight out of focus]]
[2021.12.06-07.12.37:558][  0]LogConfig: Setting CVar [[r.DOF.Recombine.EnableBokehSettings:0    ; no bokeh simulation on slight out of focus]]
[2021.12.06-07.12.37:558][  0]LogConfig: Setting CVar [[r.DOF.TemporalAAQuality:1                ; more stable temporal accumulation]]
[2021.12.06-07.12.37:558][  0]LogConfig: Setting CVar [[r.DOF.Kernel.MaxForegroundRadius:0.025]]
[2021.12.06-07.12.37:558][  0]LogConfig: Setting CVar [[r.DOF.Kernel.MaxBackgroundRadius:0.025]]
[2021.12.06-07.12.37:558][  0]LogConfig: Applying CVar settings from Section [TextureQuality@3] File [C:/Users/floojosh/Work Folders/game development course/github/Group_5_AIE_Assesment/Robot_Survival/Saved/Config/Windows/Scalability.ini]
[2021.12.06-07.12.37:558][  0]LogConfig: Setting CVar [[r.Streaming.MipBias:0]]
[2021.12.06-07.12.37:558][  0]LogConfig: Setting CVar [[r.Streaming.AmortizeCPUToGPUCopy:0]]
[2021.12.06-07.12.37:558][  0]LogConfig: Setting CVar [[r.Streaming.MaxNumTexturesToStreamPerFrame:0]]
[2021.12.06-07.12.37:558][  0]LogConfig: Setting CVar [[r.Streaming.Boost:1]]
[2021.12.06-07.12.37:558][  0]LogConfig: Setting CVar [[r.MaxAnisotropy:8]]
[2021.12.06-07.12.37:558][  0]LogConfig: Setting CVar [[r.VT.MaxAnisotropy:8]]
[2021.12.06-07.12.37:558][  0]LogConfig: Setting CVar [[r.Streaming.LimitPoolSizeToVRAM:0]]
[2021.12.06-07.12.37:558][  0]LogConfig: Setting CVar [[r.Streaming.PoolSize:1000]]
[2021.12.06-07.12.37:558][  0]LogConfig: Setting CVar [[r.Streaming.MaxEffectiveScreenSize:0]]
[2021.12.06-07.12.37:558][  0]LogConfig: Applying CVar settings from Section [EffectsQuality@3] File [C:/Users/floojosh/Work Folders/game development course/github/Group_5_AIE_Assesment/Robot_Survival/Saved/Config/Windows/Scalability.ini]
[2021.12.06-07.12.37:558][  0]LogConfig: Setting CVar [[r.TranslucencyLightingVolumeDim:64]]
[2021.12.06-07.12.37:558][  0]LogConfig: Setting CVar [[r.RefractionQuality:2]]
[2021.12.06-07.12.37:558][  0]LogConfig: Setting CVar [[r.SSR.Quality:3]]
[2021.12.06-07.12.37:558][  0]LogConfig: Setting CVar [[r.SSR.HalfResSceneColor:0]]
[2021.12.06-07.12.37:558][  0]LogConfig: Setting CVar [[r.SceneColorFormat:4]]
[2021.12.06-07.12.37:558][  0]LogConfig: Setting CVar [[r.DetailMode:2]]
[2021.12.06-07.12.37:558][  0]LogConfig: Setting CVar [[r.TranslucencyVolumeBlur:1]]
[2021.12.06-07.12.37:558][  0]LogConfig: Setting CVar [[r.MaterialQualityLevel:1 ; High quality]]
[2021.12.06-07.12.37:558][  0]LogConfig: Setting CVar [[r.SSS.Scale:1]]
[2021.12.06-07.12.37:559][  0]LogConfig: Setting CVar [[r.SSS.SampleSet:2]]
[2021.12.06-07.12.37:559][  0]LogConfig: Setting CVar [[r.SSS.Quality:1]]
[2021.12.06-07.12.37:559][  0]LogConfig: Setting CVar [[r.SSS.HalfRes:0]]
[2021.12.06-07.12.37:559][  0]LogConfig: Setting CVar [[r.SSGI.Quality:3]]
[2021.12.06-07.12.37:559][  0]LogConfig: Setting CVar [[r.EmitterSpawnRateScale:1.0]]
[2021.12.06-07.12.37:559][  0]LogConfig: Setting CVar [[r.ParticleLightQuality:2]]
[2021.12.06-07.12.37:559][  0]LogConfig: Setting CVar [[r.SkyAtmosphere.AerialPerspectiveLUT.FastApplyOnOpaque:1 ; Always have FastSkyLUT 1 in this case to avoid wrong sky]]
[2021.12.06-07.12.37:559][  0]LogConfig: Setting CVar [[r.SkyAtmosphere.AerialPerspectiveLUT.SampleCountPerSlice:1]]
[2021.12.06-07.12.37:559][  0]LogConfig: Setting CVar [[r.SkyAtmosphere.AerialPerspectiveLUT.DepthResolution:16.0]]
[2021.12.06-07.12.37:559][  0]LogConfig: Setting CVar [[r.SkyAtmosphere.FastSkyLUT:1]]
[2021.12.06-07.12.37:559][  0]LogConfig: Setting CVar [[r.SkyAtmosphere.FastSkyLUT.SampleCountMin:4.0]]
[2021.12.06-07.12.37:559][  0]LogConfig: Setting CVar [[r.SkyAtmosphere.FastSkyLUT.SampleCountMax:32.0]]
[2021.12.06-07.12.37:559][  0]LogConfig: Setting CVar [[r.SkyAtmosphere.SampleCountMin:4.0]]
[2021.12.06-07.12.37:559][  0]LogConfig: Setting CVar [[r.SkyAtmosphere.SampleCountMax:32.0]]
[2021.12.06-07.12.37:559][  0]LogConfig: Setting CVar [[r.SkyAtmosphere.TransmittanceLUT.UseSmallFormat:0]]
[2021.12.06-07.12.37:559][  0]LogConfig: Setting CVar [[r.SkyAtmosphere.TransmittanceLUT.SampleCount:10.0]]
[2021.12.06-07.12.37:559][  0]LogConfig: Setting CVar [[r.SkyAtmosphere.MultiScatteringLUT.SampleCount:15.0]]
[2021.12.06-07.12.37:559][  0]LogConfig: Applying CVar settings from Section [FoliageQuality@3] File [C:/Users/floojosh/Work Folders/game development course/github/Group_5_AIE_Assesment/Robot_Survival/Saved/Config/Windows/Scalability.ini]
[2021.12.06-07.12.37:559][  0]LogConfig: Setting CVar [[foliage.DensityScale:1.0]]
[2021.12.06-07.12.37:559][  0]LogConfig: Setting CVar [[grass.DensityScale:1.0]]
[2021.12.06-07.12.37:559][  0]LogConfig: Applying CVar settings from Section [ShadingQuality@3] File [C:/Users/floojosh/Work Folders/game development course/github/Group_5_AIE_Assesment/Robot_Survival/Saved/Config/Windows/Scalability.ini]
[2021.12.06-07.12.37:559][  0]LogConfig: Setting CVar [[r.HairStrands.SkyLighting.SampleCount:16]]
[2021.12.06-07.12.37:559][  0]LogConfig: Setting CVar [[r.HairStrands.SkyLighting.JitterIntegration:0]]
[2021.12.06-07.12.37:559][  0]LogConfig: Setting CVar [[r.HairStrands.SkyAO.SampleCount:16]]
[2021.12.06-07.12.37:559][  0]LogConfig: Setting CVar [[r.HairStrands.DeepShadow.SuperSampling:0]]
[2021.12.06-07.12.37:559][  0]LogConfig: Setting CVar [[r.HairStrands.VisibilityPPLL:0]]
[2021.12.06-07.12.37:559][  0]LogConfig: Setting CVar [[r.HairStrands.RasterizationScale:0.5]]
[2021.12.06-07.12.37:559][  0]LogConfig: Setting CVar [[r.HairStrands.VelocityRasterizationScale:1]]
[2021.12.06-07.12.37:559][  0]LogInit: Selected Device Profile: [Windows]
[2021.12.06-07.12.37:559][  0]LogInit: Applying CVar settings loaded from the selected device profile: [Windows]
[2021.12.06-07.12.37:559][  0]LogHAL: Display: Platform has ~ 8 GB [8463278080 / 8589934592 / 8], which maps to Default [LargestMinGB=32, LargerMinGB=12, DefaultMinGB=8, SmallerMinGB=6, SmallestMinGB=0)
[2021.12.06-07.12.37:559][  0]LogInit: Going up to parent DeviceProfile []
[2021.12.06-07.12.37:559][  0]LogConfig: Applying CVar settings from Section [ViewDistanceQuality@3] File [C:/Users/floojosh/Work Folders/game development course/github/Group_5_AIE_Assesment/Robot_Survival/Saved/Config/Windows/Scalability.ini]
[2021.12.06-07.12.37:559][  0]LogConfig: Setting CVar [[r.SkeletalMeshLODBias:0]]
[2021.12.06-07.12.37:559][  0]LogConfig: Setting CVar [[r.ViewDistanceScale:1.0]]
[2021.12.06-07.12.37:559][  0]LogConfig: Applying CVar settings from Section [AntiAliasingQuality@3] File [C:/Users/floojosh/Work Folders/game development course/github/Group_5_AIE_Assesment/Robot_Survival/Saved/Config/Windows/Scalability.ini]
[2021.12.06-07.12.37:559][  0]LogConfig: Setting CVar [[r.PostProcessAAQuality:4]]
[2021.12.06-07.12.37:559][  0]LogConfig: Applying CVar settings from Section [ShadowQuality@3] File [C:/Users/floojosh/Work Folders/game development course/github/Group_5_AIE_Assesment/Robot_Survival/Saved/Config/Windows/Scalability.ini]
[2021.12.06-07.12.37:559][  0]LogConfig: Setting CVar [[r.LightFunctionQuality:1]]
[2021.12.06-07.12.37:559][  0]LogConfig: Setting CVar [[r.ShadowQuality:5]]
[2021.12.06-07.12.37:559][  0]LogConfig: Setting CVar [[r.Shadow.CSM.MaxCascades:10]]
[2021.12.06-07.12.37:559][  0]LogConfig: Setting CVar [[r.Shadow.MaxResolution:2048]]
[2021.12.06-07.12.37:560][  0]LogConfig: Setting CVar [[r.Shadow.MaxCSMResolution:2048]]
[2021.12.06-07.12.37:560][  0]LogConfig: Setting CVar [[r.Shadow.RadiusThreshold:0.01]]
[2021.12.06-07.12.37:560][  0]LogConfig: Setting CVar [[r.Shadow.DistanceScale:1.0]]
[2021.12.06-07.12.37:560][  0]LogConfig: Setting CVar [[r.Shadow.CSM.TransitionScale:1.0]]
[2021.12.06-07.12.37:560][  0]LogConfig: Setting CVar [[r.Shadow.PreShadowResolutionFactor:1.0]]
[2021.12.06-07.12.37:560][  0]LogConfig: Setting CVar [[r.DistanceFieldShadowing:1]]
[2021.12.06-07.12.37:560][  0]LogConfig: Setting CVar [[r.DistanceFieldAO:1]]
[2021.12.06-07.12.37:560][  0]LogConfig: Setting CVar [[r.AOQuality:2]]
[2021.12.06-07.12.37:560][  0]LogConfig: Setting CVar [[r.VolumetricFog:1]]
[2021.12.06-07.12.37:560][  0]LogConfig: Setting CVar [[r.VolumetricFog.GridPixelSize:8]]
[2021.12.06-07.12.37:560][  0]LogConfig: Setting CVar [[r.VolumetricFog.GridSizeZ:128]]
[2021.12.06-07.12.37:560][  0]LogConfig: Setting CVar [[r.VolumetricFog.HistoryMissSupersampleCount:4]]
[2021.12.06-07.12.37:560][  0]LogConfig: Setting CVar [[r.LightMaxDrawDistanceScale:1]]
[2021.12.06-07.12.37:560][  0]LogConfig: Setting CVar [[r.CapsuleShadows:1]]
[2021.12.06-07.12.37:560][  0]LogConfig: Applying CVar settings from Section [PostProcessQuality@3] File [C:/Users/floojosh/Work Folders/game development course/github/Group_5_AIE_Assesment/Robot_Survival/Saved/Config/Windows/Scalability.ini]
[2021.12.06-07.12.37:560][  0]LogConfig: Setting CVar [[r.MotionBlurQuality:4]]
[2021.12.06-07.12.37:560][  0]LogConfig: Setting CVar [[r.AmbientOcclusionMipLevelFactor:0.4]]
[2021.12.06-07.12.37:560][  0]LogConfig: Setting CVar [[r.AmbientOcclusionMaxQuality:100]]
[2021.12.06-07.12.37:560][  0]LogConfig: Setting CVar [[r.AmbientOcclusionLevels:-1]]
[2021.12.06-07.12.37:560][  0]LogConfig: Setting CVar [[r.AmbientOcclusionRadiusScale:1.0]]
[2021.12.06-07.12.37:560][  0]LogConfig: Setting CVar [[r.DepthOfFieldQuality:2]]
[2021.12.06-07.12.37:560][  0]LogConfig: Setting CVar [[r.RenderTargetPoolMin:400]]
[2021.12.06-07.12.37:560][  0]LogConfig: Setting CVar [[r.LensFlareQuality:2]]
[2021.12.06-07.12.37:560][  0]LogConfig: Setting CVar [[r.SceneColorFringeQuality:1]]
[2021.12.06-07.12.37:560][  0]LogConfig: Setting CVar [[r.EyeAdaptationQuality:2]]
[2021.12.06-07.12.37:560][  0]LogConfig: Setting CVar [[r.BloomQuality:5]]
[2021.12.06-07.12.37:560][  0]LogConfig: Setting CVar [[r.FastBlurThreshold:100]]
[2021.12.06-07.12.37:560][  0]LogConfig: Setting CVar [[r.Upscale.Quality:3]]
[2021.12.06-07.12.37:560][  0]LogConfig: Setting CVar [[r.Tonemapper.GrainQuantization:1]]
[2021.12.06-07.12.37:560][  0]LogConfig: Setting CVar [[r.LightShaftQuality:1]]
[2021.12.06-07.12.37:560][  0]LogConfig: Setting CVar [[r.Filter.SizeScale:1]]
[2021.12.06-07.12.37:560][  0]LogConfig: Setting CVar [[r.Tonemapper.Quality:5]]
[2021.12.06-07.12.37:560][  0]LogConfig: Setting CVar [[r.DOF.Gather.AccumulatorQuality:1        ; higher gathering accumulator quality]]
[2021.12.06-07.12.37:560][  0]LogConfig: Setting CVar [[r.DOF.Gather.PostfilterMethod:1          ; Median3x3 postfilering method]]
[2021.12.06-07.12.37:560][  0]LogConfig: Setting CVar [[r.DOF.Gather.EnableBokehSettings:0       ; no bokeh simulation when gathering]]
[2021.12.06-07.12.37:560][  0]LogConfig: Setting CVar [[r.DOF.Gather.RingCount:4                 ; medium number of samples when gathering]]
[2021.12.06-07.12.37:560][  0]LogConfig: Setting CVar [[r.DOF.Scatter.ForegroundCompositing:1    ; additive foreground scattering]]
[2021.12.06-07.12.37:560][  0]LogConfig: Setting CVar [[r.DOF.Scatter.BackgroundCompositing:2    ; additive background scattering]]
[2021.12.06-07.12.37:560][  0]LogConfig: Setting CVar [[r.DOF.Scatter.EnableBokehSettings:1      ; bokeh simulation when scattering]]
[2021.12.06-07.12.37:560][  0]LogConfig: Setting CVar [[r.DOF.Scatter.MaxSpriteRatio:0.1         ; only a maximum of 10% of scattered bokeh]]
[2021.12.06-07.12.37:560][  0]LogConfig: Setting CVar [[r.DOF.Recombine.Quality:1                ; cheap slight out of focus]]
[2021.12.06-07.12.37:560][  0]LogConfig: Setting CVar [[r.DOF.Recombine.EnableBokehSettings:0    ; no bokeh simulation on slight out of focus]]
[2021.12.06-07.12.37:560][  0]LogConfig: Setting CVar [[r.DOF.TemporalAAQuality:1                ; more stable temporal accumulation]]
[2021.12.06-07.12.37:560][  0]LogConfig: Setting CVar [[r.DOF.Kernel.MaxForegroundRadius:0.025]]
[2021.12.06-07.12.37:560][  0]LogConfig: Setting CVar [[r.DOF.Kernel.MaxBackgroundRadius:0.025]]
[2021.12.06-07.12.37:560][  0]LogConfig: Applying CVar settings from Section [TextureQuality@3] File [C:/Users/floojosh/Work Folders/game development course/github/Group_5_AIE_Assesment/Robot_Survival/Saved/Config/Windows/Scalability.ini]
[2021.12.06-07.12.37:560][  0]LogConfig: Setting CVar [[r.Streaming.MipBias:0]]
[2021.12.06-07.12.37:560][  0]LogConfig: Setting CVar [[r.Streaming.AmortizeCPUToGPUCopy:0]]
[2021.12.06-07.12.37:560][  0]LogConfig: Setting CVar [[r.Streaming.MaxNumTexturesToStreamPerFrame:0]]
[2021.12.06-07.12.37:560][  0]LogConfig: Setting CVar [[r.Streaming.Boost:1]]
[2021.12.06-07.12.37:560][  0]LogConfig: Setting CVar [[r.MaxAnisotropy:8]]
[2021.12.06-07.12.37:560][  0]LogConfig: Setting CVar [[r.VT.MaxAnisotropy:8]]
[2021.12.06-07.12.37:560][  0]LogConfig: Setting CVar [[r.Streaming.LimitPoolSizeToVRAM:0]]
[2021.12.06-07.12.37:561][  0]LogConfig: Setting CVar [[r.Streaming.PoolSize:1000]]
[2021.12.06-07.12.37:561][  0]LogConfig: Setting CVar [[r.Streaming.MaxEffectiveScreenSize:0]]
[2021.12.06-07.12.37:561][  0]LogConfig: Applying CVar settings from Section [EffectsQuality@3] File [C:/Users/floojosh/Work Folders/game development course/github/Group_5_AIE_Assesment/Robot_Survival/Saved/Config/Windows/Scalability.ini]
[2021.12.06-07.12.37:561][  0]LogConfig: Setting CVar [[r.TranslucencyLightingVolumeDim:64]]
[2021.12.06-07.12.37:561][  0]LogConfig: Setting CVar [[r.RefractionQuality:2]]
[2021.12.06-07.12.37:561][  0]LogConfig: Setting CVar [[r.SSR.Quality:3]]
[2021.12.06-07.12.37:561][  0]LogConfig: Setting CVar [[r.SSR.HalfResSceneColor:0]]
[2021.12.06-07.12.37:561][  0]LogConfig: Setting CVar [[r.SceneColorFormat:4]]
[2021.12.06-07.12.37:561][  0]LogConfig: Setting CVar [[r.DetailMode:2]]
[2021.12.06-07.12.37:561][  0]LogConfig: Setting CVar [[r.TranslucencyVolumeBlur:1]]
[2021.12.06-07.12.37:561][  0]LogConfig: Setting CVar [[r.MaterialQualityLevel:1 ; High quality]]
[2021.12.06-07.12.37:561][  0]LogConfig: Setting CVar [[r.SSS.Scale:1]]
[2021.12.06-07.12.37:561][  0]LogConfig: Setting CVar [[r.SSS.SampleSet:2]]
[2021.12.06-07.12.37:561][  0]LogConfig: Setting CVar [[r.SSS.Quality:1]]
[2021.12.06-07.12.37:561][  0]LogConfig: Setting CVar [[r.SSS.HalfRes:0]]
[2021.12.06-07.12.37:561][  0]LogConfig: Setting CVar [[r.SSGI.Quality:3]]
[2021.12.06-07.12.37:561][  0]LogConfig: Setting CVar [[r.EmitterSpawnRateScale:1.0]]
[2021.12.06-07.12.37:561][  0]LogConfig: Setting CVar [[r.ParticleLightQuality:2]]
[2021.12.06-07.12.37:561][  0]LogConfig: Setting CVar [[r.SkyAtmosphere.AerialPerspectiveLUT.FastApplyOnOpaque:1 ; Always have FastSkyLUT 1 in this case to avoid wrong sky]]
[2021.12.06-07.12.37:561][  0]LogConfig: Setting CVar [[r.SkyAtmosphere.AerialPerspectiveLUT.SampleCountPerSlice:1]]
[2021.12.06-07.12.37:561][  0]LogConfig: Setting CVar [[r.SkyAtmosphere.AerialPerspectiveLUT.DepthResolution:16.0]]
[2021.12.06-07.12.37:561][  0]LogConfig: Setting CVar [[r.SkyAtmosphere.FastSkyLUT:1]]
[2021.12.06-07.12.37:561][  0]LogConfig: Setting CVar [[r.SkyAtmosphere.FastSkyLUT.SampleCountMin:4.0]]
[2021.12.06-07.12.37:561][  0]LogConfig: Setting CVar [[r.SkyAtmosphere.FastSkyLUT.SampleCountMax:32.0]]
[2021.12.06-07.12.37:561][  0]LogConfig: Setting CVar [[r.SkyAtmosphere.SampleCountMin:4.0]]
[2021.12.06-07.12.37:561][  0]LogConfig: Setting CVar [[r.SkyAtmosphere.SampleCountMax:32.0]]
[2021.12.06-07.12.37:561][  0]LogConfig: Setting CVar [[r.SkyAtmosphere.TransmittanceLUT.UseSmallFormat:0]]
[2021.12.06-07.12.37:561][  0]LogConfig: Setting CVar [[r.SkyAtmosphere.TransmittanceLUT.SampleCount:10.0]]
[2021.12.06-07.12.37:561][  0]LogConfig: Setting CVar [[r.SkyAtmosphere.MultiScatteringLUT.SampleCount:15.0]]
[2021.12.06-07.12.37:561][  0]LogConfig: Applying CVar settings from Section [FoliageQuality@3] File [C:/Users/floojosh/Work Folders/game development course/github/Group_5_AIE_Assesment/Robot_Survival/Saved/Config/Windows/Scalability.ini]
[2021.12.06-07.12.37:561][  0]LogConfig: Setting CVar [[foliage.DensityScale:1.0]]
[2021.12.06-07.12.37:561][  0]LogConfig: Setting CVar [[grass.DensityScale:1.0]]
[2021.12.06-07.12.37:561][  0]LogConfig: Applying CVar settings from Section [ShadingQuality@3] File [C:/Users/floojosh/Work Folders/game development course/github/Group_5_AIE_Assesment/Robot_Survival/Saved/Config/Windows/Scalability.ini]
[2021.12.06-07.12.37:561][  0]LogConfig: Setting CVar [[r.HairStrands.SkyLighting.SampleCount:16]]
[2021.12.06-07.12.37:562][  0]LogConfig: Setting CVar [[r.HairStrands.SkyLighting.JitterIntegration:0]]
[2021.12.06-07.12.37:562][  0]LogConfig: Setting CVar [[r.HairStrands.SkyAO.SampleCount:16]]
[2021.12.06-07.12.37:562][  0]LogConfig: Setting CVar [[r.HairStrands.DeepShadow.SuperSampling:0]]
[2021.12.06-07.12.37:562][  0]LogConfig: Setting CVar [[r.HairStrands.VisibilityPPLL:0]]
[2021.12.06-07.12.37:562][  0]LogConfig: Setting CVar [[r.HairStrands.RasterizationScale:0.5]]
[2021.12.06-07.12.37:562][  0]LogConfig: Setting CVar [[r.HairStrands.VelocityRasterizationScale:1]]
[2021.12.06-07.12.37:562][  0]LogConfig: Applying CVar settings from Section [Startup] File [../../../Engine/Config/ConsoleVariables.ini]
[2021.12.06-07.12.37:568][  0]LogConfig: Setting CVar [[net.UseAdaptiveNetUpdateFrequency:0]]
[2021.12.06-07.12.37:568][  0]LogConfig: Setting CVar [[p.chaos.AllowCreatePhysxBodies:1]]
[2021.12.06-07.12.37:568][  0]LogConfig: Setting CVar [[fx.SkipVectorVMBackendOptimizations:1]]
[2021.12.06-07.12.37:568][  0]LogConfig: Applying CVar settings from Section [ConsoleVariables] File [C:/Users/floojosh/Work Folders/game development course/github/Group_5_AIE_Assesment/Robot_Survival/Saved/Config/Windows/Engine.ini]
[2021.12.06-07.12.37:568][  0]LogInit: Computer: UC-C20-29
[2021.12.06-07.12.37:568][  0]LogInit: User: floojosh
[2021.12.06-07.12.37:568][  0]LogInit: CPU Page size=4096, Cores=2
[2021.12.06-07.12.37:568][  0]LogInit: High frequency timer resolution =10.000000 MHz
[2021.12.06-07.12.37:568][  0]LogMemory: Memory total: Physical=7.9GB (8GB approx)
[2021.12.06-07.12.37:568][  0]LogMemory: Platform Memory Stats for Windows
[2021.12.06-07.12.37:568][  0]LogMemory: Process Physical Memory: 116.93 MB used, 116.93 MB peak
[2021.12.06-07.12.37:568][  0]LogMemory: Process Virtual Memory: 102.83 MB used, 102.83 MB peak
[2021.12.06-07.12.37:569][  0]LogMemory: Physical Memory: 4834.20 MB used,  3237.01 MB free, 8071.21 MB total
[2021.12.06-07.12.37:569][  0]LogMemory: Virtual Memory: 5150.52 MB used,  134212576.00 MB free, 134217728.00 MB total
[2021.12.06-07.12.37:598][  0]LogWindows: WindowsPlatformFeatures enabled
[2021.12.06-07.12.38:099][  0]LogInit: Physics initialised using underlying interface: PhysX
[2021.12.06-07.12.38:102][  0]LogInit: Using OS detected language (en-US).
[2021.12.06-07.12.38:102][  0]LogInit: Using OS detected locale (en-AU).
[2021.12.06-07.12.38:126][  0]LogTextLocalizationManager: No specific localization for 'en-US' exists, so the 'en' localization will be used.
[2021.12.06-07.12.38:571][  0]LogInit: Setting process to per monitor DPI aware
[2021.12.06-07.12.38:747][  0]LogSlate: New Slate User Created.  User Index 0, Is Virtual User: 0
[2021.12.06-07.12.38:747][  0]LogSlate: Slate User Registered.  User Index 0, Is Virtual User: 0
[2021.12.06-07.12.42:205][  0]LogHMD: Failed to initialize OpenVR with code 110
[2021.12.06-07.12.42:205][  0]LogD3D11RHI: D3D11 min allowed feature level: 11_0
[2021.12.06-07.12.42:205][  0]LogD3D11RHI: D3D11 max allowed feature level: 11_0
[2021.12.06-07.12.42:205][  0]LogD3D11RHI: D3D11 adapters:
[2021.12.06-07.12.42:404][  0]LogD3D11RHI:    0. 'Intel(R) HD Graphics 615' (Feature Level 11_0)
[2021.12.06-07.12.42:404][  0]LogD3D11RHI:       128/0/4035 MB DedicatedVideo/DedicatedSystem/SharedSystem, Outputs:1, VendorId:0x8086
[2021.12.06-07.12.42:411][  0]LogD3D11RHI:    1. 'Microsoft Basic Render Driver' (Feature Level 11_0)
[2021.12.06-07.12.42:411][  0]LogD3D11RHI:       0/0/4035 MB DedicatedVideo/DedicatedSystem/SharedSystem, Outputs:0, VendorId:0x1414
[2021.12.06-07.12.42:411][  0]LogD3D11RHI: Chosen D3D11 Adapter: 0
[2021.12.06-07.12.42:424][  0]LogD3D11RHI: Creating new Direct3DDevice
[2021.12.06-07.12.42:424][  0]LogD3D11RHI:     GPU DeviceId: 0x591e (for the marketing name, search the web for "GPU Device Id")
[2021.12.06-07.12.42:424][  0]LogWindows: EnumDisplayDevices:
[2021.12.06-07.12.42:424][  0]LogWindows:    0. 'Intel(R) HD Graphics 615' (P:1 D:1)
[2021.12.06-07.12.42:425][  0]LogWindows:    1. 'Intel(R) HD Graphics 615' (P:0 D:0)
[2021.12.06-07.12.42:425][  0]LogWindows:    2. 'Intel(R) HD Graphics 615' (P:0 D:0)
[2021.12.06-07.12.42:426][  0]LogWindows: DebugString: FoundDriverCount:3 
[2021.12.06-07.12.42:426][  0]LogD3D11RHI:     Adapter Name: Intel(R) HD Graphics 615
[2021.12.06-07.12.42:426][  0]LogD3D11RHI:   Driver Version: 26.20.100.6888 (internal:26.20.100.6888, unified:26.20.100.6888)
[2021.12.06-07.12.42:426][  0]LogD3D11RHI:      Driver Date: 5-16-2019
[2021.12.06-07.12.42:426][  0]LogRHI: Texture pool is 1502 MB (70% of 2145 MB)
[2021.12.06-07.12.42:759][  0]LogD3D11RHI: RHI does not have support for 64 bit atomics
[2021.12.06-07.12.42:759][  0]LogD3D11RHI: [IntelMetricsDiscovery] Started
[2021.12.06-07.12.42:759][  0]LogD3D11RHI: Async texture creation enabled
[2021.12.06-07.12.42:759][  0]LogD3D11RHI: Array index from any shader is supported
[2021.12.06-07.12.42:783][  0]LogD3D11RHI: GPU Timing Frequency: 12.000048 (Debug: 2 0)
[2021.12.06-07.12.43:837][  0]LogTargetPlatformManager: Display: Loaded TargetPlatform 'AllDesktop'
[2021.12.06-07.12.43:896][  0]LogTargetPlatformManager: Display: Loaded TargetPlatform 'Android'
[2021.12.06-07.12.43:896][  0]LogTargetPlatformManager: Display: Loaded TargetPlatform 'Android_ASTC'
[2021.12.06-07.12.43:896][  0]LogTargetPlatformManager: Display: Loaded TargetPlatform 'Android_DXT'
[2021.12.06-07.12.43:896][  0]LogTargetPlatformManager: Display: Loaded TargetPlatform 'Android_ETC2'
[2021.12.06-07.12.43:896][  0]LogTargetPlatformManager: Display: Loaded TargetPlatform 'AndroidClient'
[2021.12.06-07.12.43:896][  0]LogTargetPlatformManager: Display: Loaded TargetPlatform 'Android_ASTCClient'
[2021.12.06-07.12.43:896][  0]LogTargetPlatformManager: Display: Loaded TargetPlatform 'Android_DXTClient'
[2021.12.06-07.12.43:896][  0]LogTargetPlatformManager: Display: Loaded TargetPlatform 'Android_ETC2Client'
[2021.12.06-07.12.43:896][  0]LogTargetPlatformManager: Display: Loaded TargetPlatform 'Android_Multi'
[2021.12.06-07.12.43:896][  0]LogTargetPlatformManager: Display: Loaded TargetPlatform 'Android_MultiClient'
[2021.12.06-07.12.44:008][  0]LogTargetPlatformManager: Display: Loaded TargetPlatform 'IOSClient'
[2021.12.06-07.12.44:008][  0]LogTargetPlatformManager: Display: Loaded TargetPlatform 'IOS'
[2021.12.06-07.12.44:053][  0]LogTargetPlatformManager: Display: Loaded TargetPlatform 'Linux'
[2021.12.06-07.12.44:089][  0]LogTargetPlatformManager: Display: Loaded TargetPlatform 'LinuxNoEditor'
[2021.12.06-07.12.44:125][  0]LogTargetPlatformManager: Display: Loaded TargetPlatform 'LinuxClient'
[2021.12.06-07.12.44:170][  0]LogTargetPlatformManager: Display: Loaded TargetPlatform 'LinuxServer'
[2021.12.06-07.12.44:220][  0]LogTargetPlatformManager: Display: Loaded TargetPlatform 'LinuxAArch64NoEditor'
[2021.12.06-07.12.44:262][  0]LogTargetPlatformManager: Display: Loaded TargetPlatform 'LinuxAArch64Client'
[2021.12.06-07.12.44:300][  0]LogTargetPlatformManager: Display: Loaded TargetPlatform 'LinuxAArch64Server'
[2021.12.06-07.12.44:382][  0]LogTargetPlatformManager: Display: Loaded TargetPlatform 'Lumin'
[2021.12.06-07.12.44:382][  0]LogTargetPlatformManager: Display: Loaded TargetPlatform 'LuminClient'
[2021.12.06-07.12.44:440][  0]LogTargetPlatformManager: Display: Loaded TargetPlatform 'TVOSClient'
[2021.12.06-07.12.44:440][  0]LogTargetPlatformManager: Display: Loaded TargetPlatform 'TVOS'
[2021.12.06-07.12.44:486][  0]LogTargetPlatformManager: Display: Loaded TargetPlatform 'WindowsNoEditor'
[2021.12.06-07.12.44:533][  0]LogTargetPlatformManager: Display: Loaded TargetPlatform 'Windows'
[2021.12.06-07.12.44:568][  0]LogTargetPlatformManager: Display: Loaded TargetPlatform 'WindowsClient'
[2021.12.06-07.12.44:605][  0]LogTargetPlatformManager: Display: Loaded TargetPlatform 'WindowsServer'
[2021.12.06-07.12.44:605][  0]LogTargetPlatformManager: Display: Building Assets For Windows
[2021.12.06-07.12.44:715][  0]LogAudioDebug: Display: Lib vorbis DLL was dynamically loaded.
[2021.12.06-07.12.45:408][  0]LogShaderCompilers: Guid format shader working directory is -64 characters bigger than the processId version (../../../../../../Users/floojosh/Work Folders/game development course/github/Group_5_AIE_Assesment/Robot_Survival/Intermediate/Shaders/WorkingDirectory/2812/).
[2021.12.06-07.12.45:408][  0]LogShaderCompilers: Cleaned the shader compiler working directory 'C:/Users/floojosh/AppData/Local/Temp/UnrealShaderWorkingDir/2F87879B426C7D6992D4BF8B686222BE/'.
[2021.12.06-07.12.45:410][  0]LogXGEController: Cleaning working directory: C:/Users/floojosh/AppData/Local/Temp/UnrealXGEWorkingDir/
[2021.12.06-07.12.45:410][  0]LogXGEController: Cannot use XGE Controller as Incredibuild is not installed on this machine.
[2021.12.06-07.12.45:411][  0]LogShaderCompilers: Cannot use XGE Shader Compiler as Incredibuild is not installed on this machine.
[2021.12.06-07.12.45:411][  0]LogShaderCompilers: Display: Using Local Shader Compiler.
[2021.12.06-07.12.49:304][  0]LogDerivedDataCache: Display: Max Cache Size: 512 MB
[2021.12.06-07.12.49:521][  0]LogDerivedDataCache: Loaded boot cache 0.22s 75MB C:/Users/floojosh/AppData/Local/UnrealEngine/4.25/DerivedDataCache/Boot.ddc.
[2021.12.06-07.12.49:521][  0]LogDerivedDataCache: Display: Loaded Boot cache: C:/Users/floojosh/AppData/Local/UnrealEngine/4.25/DerivedDataCache/Boot.ddc
[2021.12.06-07.12.49:521][  0]LogDerivedDataCache: FDerivedDataBackendGraph:  Pak pak cache file ../../../../../../Users/floojosh/Work Folders/game development course/github/Group_5_AIE_Assesment/Robot_Survival/DerivedDataCache/DDC.ddp not found, will not use a pak cache.
[2021.12.06-07.12.49:521][  0]LogDerivedDataCache: Unable to find inner node Pak for hierarchical cache Hierarchy.
[2021.12.06-07.12.49:522][  0]LogDerivedDataCache: FDerivedDataBackendGraph:  CompressedPak pak cache file ../../../../../../Users/floojosh/Work Folders/game development course/github/Group_5_AIE_Assesment/Robot_Survival/DerivedDataCache/Compressed.ddp not found, will not use a pak cache.
[2021.12.06-07.12.49:522][  0]LogDerivedDataCache: Unable to find inner node CompressedPak for hierarchical cache Hierarchy.
[2021.12.06-07.12.49:541][  0]LogDerivedDataCache: Display: Pak cache opened for reading ../../../Engine/DerivedDataCache/Compressed.ddp.
[2021.12.06-07.12.49:542][  0]LogDerivedDataCache: FDerivedDataBackendGraph:  EnterprisePak pak cache file ../../../Enterprise/DerivedDataCache/Compressed.ddp not found, will not use a pak cache.
[2021.12.06-07.12.49:542][  0]LogDerivedDataCache: Unable to find inner node EnterprisePak for hierarchical cache Hierarchy.
[2021.12.06-07.12.49:548][  0]LogDerivedDataCache: Using Local data cache path C:/Users/floojosh/AppData/Local/UnrealEngine/Common/DerivedDataCache: Writable
[2021.12.06-07.12.49:548][  0]LogDerivedDataCache: Shared data cache path not found in *engine.ini, will not use an Shared cache.
[2021.12.06-07.12.49:548][  0]LogDerivedDataCache: Unable to find inner node Shared for hierarchical cache Hierarchy.
[2021.12.06-07.12.49:629][  0]LogSlate: Using FreeType 2.10.0
[2021.12.06-07.12.49:643][  0]LogSlate: SlateFontServices - WITH_FREETYPE: 1, WITH_HARFBUZZ: 1
[2021.12.06-07.12.49:955][  0]LogAssetRegistry: FAssetRegistry took 0.0053 seconds to start up
[2021.12.06-07.12.50:724][  0]LogInit: Selected Device Profile: [Windows]
[2021.12.06-07.12.51:363][  0]LogMeshReduction: Using QuadricMeshReduction for automatic static mesh reduction
[2021.12.06-07.12.51:364][  0]LogMeshReduction: Using SimplygonMeshReduction for automatic skeletal mesh reduction
[2021.12.06-07.12.51:364][  0]LogMeshReduction: Using ProxyLODMeshReduction for automatic mesh merging
[2021.12.06-07.12.51:364][  0]LogMeshReduction: No distributed automatic mesh merging module available
[2021.12.06-07.12.51:364][  0]LogMeshMerging: No distributed automatic mesh merging module available
[2021.12.06-07.12.51:439][  0]LogNetVersion: Robot_Survival 1.0.0, NetCL: 13144385, EngineNetVer: 14, GameNetVer: 0 (Checksum: 1874618694)
[2021.12.06-07.12.56:003][  0]LogAISub: UAISubsystem::UAISubsystem AISubsystem (000001BB0030E380), frame # 0
[2021.12.06-07.12.56:004][  0]LogAISub: UAISubsystem::UAISubsystem AIPerceptionSystem (000001BB02054B80), frame # 0
[2021.12.06-07.12.56:007][  0]LogAISub: UAISubsystem::UAISubsystem EnvQueryManager (000001BB02196A00), frame # 0
[2021.12.06-07.12.56:280][  0]LogPackageLocalizationCache: Processed 19 localized package path(s) for 1 prioritized culture(s) in 0.241377 seconds
[2021.12.06-07.12.56:288][  0]LogUObjectArray: 15917 objects as part of root set at end of initial load.
[2021.12.06-07.12.56:288][  0]LogUObjectAllocator: 3965568 out of 0 bytes used by permanent object pool.
[2021.12.06-07.12.56:288][  0]LogUObjectArray: CloseDisregardForGC: 0/0 objects in disregard for GC pool
[2021.12.06-07.12.59:077][  0]LogTcpMessaging: Initializing TcpMessaging bridge
[2021.12.06-07.12.59:108][  0]LogUdpMessaging: Initializing bridge on interface 0.0.0.0:0 to multicast group 230.0.0.1:6666.
[2021.12.06-07.12.59:700][  0]SourceControl: Source control is disabled
[2021.12.06-07.12.59:700][  0]SourceControl: Source control is disabled
[2021.12.06-07.12.59:770][  0]SourceControl: Source control is disabled
[2021.12.06-07.12.59:803][  0]SourceControl: Source control is disabled
[2021.12.06-07.12.59:859][  0]SourceControl: Source control is disabled
[2021.12.06-07.13.01:953][  0]LogAndroidPermission: UAndroidPermissionCallbackProxy::GetInstance
[2021.12.06-07.13.02:099][  0]LogAudioCaptureCore: Display: No Audio Capture implementations found. Audio input will be silent.
[2021.12.06-07.13.02:099][  0]LogAudioCaptureCore: Display: No Audio Capture implementations found. Audio input will be silent.
[2021.12.06-07.13.02:383][  0]LogOcInput: OculusInput pre-init called
[2021.12.06-07.13.02:455][  0]LogWindows: Failed to load 'OVRPlugin.dll' (GetLastError=126)
[2021.12.06-07.13.02:455][  0]LogWindows: File 'OVRPlugin.dll' does not exist
[2021.12.06-07.13.02:729][  0]LogEngine: Initializing Engine...
[2021.12.06-07.13.02:733][  0]LogHMD: Failed to initialize OpenVR with code 110
[2021.12.06-07.13.02:734][  0]LogMagicLeap: Warning: VR disabled because ZI is not enabled.  To enable, in the editor, Edit -> Project Settings -> Plugins -> Magic Leap Plugin -> Enable Zero Iteration
[2021.12.06-07.13.02:735][  0]LogStats: UGameplayTagsManager::InitializeManager -  0.000 s
[2021.12.06-07.13.03:046][  0]LogInit: Initializing FReadOnlyCVARCache
[2021.12.06-07.13.03:090][  0]LogAIModule: Creating AISystem for world Untitled
[2021.12.06-07.13.03:090][  0]LogAISub: UAISubsystem::UAISubsystem EnvQueryManager (000001BB08785C00), frame # 0
[2021.12.06-07.13.03:090][  0]LogAISub: UAISubsystem::UAISubsystem AIPerceptionSystem (000001BB087C9580), frame # 0
[2021.12.06-07.13.03:243][  0]LogAudioMixer: Display: Audio Mixer Platform Settings:
[2021.12.06-07.13.03:243][  0]LogAudioMixer: Display: 	Sample Rate:						  48000
[2021.12.06-07.13.03:243][  0]LogAudioMixer: Display: 	Callback Buffer Frame Size Requested: 1024
[2021.12.06-07.13.03:243][  0]LogAudioMixer: Display: 	Callback Buffer Frame Size To Use:	  1024
[2021.12.06-07.13.03:243][  0]LogAudioMixer: Display: 	Number of buffers to queue:			  2
[2021.12.06-07.13.03:243][  0]LogAudioMixer: Display: 	Max Channels (voices):				  32
[2021.12.06-07.13.03:243][  0]LogAudioMixer: Display: 	Number of Async Source Workers:		  0
[2021.12.06-07.13.03:243][  0]LogAudio: Display: AudioDevice MaxSources: 32
[2021.12.06-07.13.03:244][  0]LogAudio: Display: Using built-in audio occlusion.
[2021.12.06-07.13.03:244][  0]LogAudioMixer: Display: Initializing audio mixer.
[2021.12.06-07.13.03:350][  0]LogAudioMixer: Display: 0: FrontLeft
[2021.12.06-07.13.03:350][  0]LogAudioMixer: Display: 1: FrontRight
[2021.12.06-07.13.04:077][  0]LogAudioMixer: Display: Using Audio Device Headphones (Conexant ISST Audio)
[2021.12.06-07.13.04:081][  0]LogAudioMixer: Display: Initializing Sound Submixes...
[2021.12.06-07.13.04:096][  0]LogAudioMixer: Display: Creating Master Submix 'MasterSubmixDefault'
[2021.12.06-07.13.04:096][  0]LogAudioMixer: Display: Creating Master Submix 'MasterReverbSubmixDefault'
[2021.12.06-07.13.04:098][  0]LogAudioMixer: Display: Creating Master Submix 'MasterEQSubmixDefault'
[2021.12.06-07.13.04:099][  0]LogInit: FAudioDevice initialized.
[2021.12.06-07.13.04:099][  0]LogNetVersion: Set ProjectVersion to 1.0.0.0. Version Checksum will be recalculated on next use.
[2021.12.06-07.13.04:190][  0]LogDerivedDataCache: Saved boot cache 0.09s 75MB C:/Users/floojosh/AppData/Local/UnrealEngine/4.25/DerivedDataCache/Boot.ddc.
[2021.12.06-07.13.04:193][  0]LogInit: Texture streaming: Enabled
[2021.12.06-07.13.04:293][  0]LogEngineSessionManager: EngineSessionManager initialized
[2021.12.06-07.13.04:293][  0]LogEditorSessionSummary: Verbose: Initializing EditorSessionSummaryWriter for editor session tracking
[2021.12.06-07.13.04:308][  0]LogEditorSessionSummary: EditorSessionSummaryWriter initialized
[2021.12.06-07.13.04:520][  0]LogInit: Transaction tracking system initialized
[2021.12.06-07.13.04:697][  0]BlueprintLog: New page: Editor Load
[2021.12.06-07.13.05:458][  0]LocalizationService: Localization service is disabled
[2021.12.06-07.13.06:505][  0]LogCook: Display: Max memory allowance for cook 16384mb min free memory 0mb
[2021.12.06-07.13.06:506][  0]LogCook: Display: Mobile HDR setting 1
[2021.12.06-07.13.06:679][  0]LogFileCache: Scanning file cache for directory 'C:/Users/floojosh/Work Folders/game development course/github/Group_5_AIE_Assesment/Robot_Survival/Content/' took 0.02s
[2021.12.06-07.13.09:263][  0]SourceControl: Source control is disabled
[2021.12.06-07.13.09:263][  0]LogUnrealEdMisc: Loading editor; pre map load, took 40.410
[2021.12.06-07.13.09:266][  0]LightingResults: New page: Lighting Build
[2021.12.06-07.13.09:269][  0]LogWorld: UWorld::CleanupWorld for Untitled, bSessionEnded=true, bCleanupResources=true
[2021.12.06-07.13.09:269][  0]LogSlate: InvalidateAllWidgets triggered.  All widgets were invalidated
[2021.12.06-07.13.09:269][  0]MapCheck: New page: Map Check
[2021.12.06-07.13.09:269][  0]LightingResults: New page: Lighting Build
[2021.12.06-07.13.09:282][  0]LogAISub: UAISubsystem::~UAISubsystem EnvQueryManager (000001BB08785C00), frame # 0
[2021.12.06-07.13.09:282][  0]LogAISub: UAISubsystem::~UAISubsystem AIPerceptionSystem (000001BB087C9580), frame # 0
[2021.12.06-07.13.09:284][  0]LogUObjectHash: Compacting FUObjectHashTables data took   1.06ms
[2021.12.06-07.13.09:825][  0]LogBlueprint: Error: [Compiler BP_HealthPack] In use pin  Health  no longer exists on node  Set . Please refresh node or break links to remove pin.
[2021.12.06-07.13.09:825][  0]LogBlueprint: Error: [Compiler BP_HealthPack] In use pin  Health  no longer exists on node  Get . Please refresh node or break links to remove pin.
[2021.12.06-07.13.10:382][  0]LogAIModule: Creating AISystem for world FirstPersonExampleMap
[2021.12.06-07.13.10:382][  0]LogAISub: UAISubsystem::UAISubsystem EnvQueryManager (000001BB11687E00), frame # 0
[2021.12.06-07.13.10:382][  0]LogAISub: UAISubsystem::UAISubsystem AIPerceptionSystem (000001BB11780B80), frame # 0
[2021.12.06-07.13.10:414][  0]LogEditorServer: Finished looking for orphan Actors (0.000 secs)
[2021.12.06-07.13.10:484][  0]LogUObjectHash: Compacting FUObjectHashTables data took   1.51ms
[2021.12.06-07.13.10:484][  0]Cmd: MAP CHECKDEP NOCLEARLOG
[2021.12.06-07.13.10:485][  0]MapCheck: Map check complete: 0 Error(s), 0 Warning(s), took 0.331ms to complete.
[2021.12.06-07.13.10:485][  0]LogFileHelpers: Loading map 'FirstPersonExampleMap' took 1.222
[2021.12.06-07.13.10:490][  0]LogUnrealEdMisc: Total Editor Startup Time, took 41.637
[2021.12.06-07.13.10:761][  0]LogSlate: Updating window title bar state: overlay mode, drag disabled, window buttons hidden, title bar hidden
[2021.12.06-07.13.10:779][  0]LogSlate: Updating window title bar state: overlay mode, drag disabled, window buttons hidden, title bar hidden
[2021.12.06-07.13.10:793][  0]LogSlate: Updating window title bar state: overlay mode, drag disabled, window buttons hidden, title bar hidden
[2021.12.06-07.13.10:811][  0]LogSlate: Updating window title bar state: overlay mode, drag disabled, window buttons hidden, title bar hidden
[2021.12.06-07.13.10:863][  0]LogCollectionManager: Loaded 0 collections in 0.003968 seconds
[2021.12.06-07.13.10:895][  0]LogFileCache: Scanning file cache for directory 'C:/Users/floojosh/Work Folders/game development course/github/Group_5_AIE_Assesment/Robot_Survival/Saved/Collections/' took 0.00s
[2021.12.06-07.13.10:895][  0]LogFileCache: Scanning file cache for directory 'C:/Users/floojosh/Work Folders/game development course/github/Group_5_AIE_Assesment/Robot_Survival/Content/Developers/floojosh/Collections/' took 0.00s
[2021.12.06-07.13.10:895][  0]LogFileCache: Scanning file cache for directory 'C:/Users/floojosh/Work Folders/game development course/github/Group_5_AIE_Assesment/Robot_Survival/Content/Collections/' took 0.00s
[2021.12.06-07.13.10:895][  0]LogContentBrowser: Native class hierarchy populated in 0.0183 seconds. Added 3427 classes and 821 folders.
[2021.12.06-07.13.10:903][  0]LogContentBrowser: Native class hierarchy updated for 'WidgetCarousel' in 0.0005 seconds. Added 0 classes and 0 folders.
[2021.12.06-07.13.11:398][  0]LogContentBrowser: Native class hierarchy updated for 'AddContentDialog' in 0.0004 seconds. Added 0 classes and 0 folders.
[2021.12.06-07.13.11:401][  0]LogContentBrowser: Native class hierarchy updated for 'SceneOutliner' in 0.0004 seconds. Added 2 classes and 0 folders.
[2021.12.06-07.13.11:605][  0]LogSlate: Took 0.006078 seconds to synchronously load lazily loaded font '../../../Engine/Content/Slate/Fonts/Roboto-Regular.ttf' (155K)
[2021.12.06-07.13.11:614][  0]LogSlate: Took 0.004881 seconds to synchronously load lazily loaded font '../../../Engine/Content/Slate/Fonts/Roboto-Bold.ttf' (160K)
[2021.12.06-07.13.11:631][  0]LogSlate: Took 0.005617 seconds to synchronously load lazily loaded font '../../../Engine/Content/Editor/Slate/Fonts/FontAwesome.ttf' (139K)
[2021.12.06-07.13.11:819][  0]LogRenderer: Reallocating scene render targets to support 676x376 Format 10 NumSamples 1 (Frame:1).
[2021.12.06-07.13.12:517][  0]LogContentBrowser: Native class hierarchy updated for 'HierarchicalLODOutliner' in 0.0005 seconds. Added 0 classes and 0 folders.
[2021.12.06-07.13.12:517][  0]LogLoad: (Engine Initialization) Total time: 43.66 seconds
[2021.12.06-07.13.12:517][  0]LogLoad: (Engine Initialization) Total Blueprint compile time: 0.00 seconds
[2021.12.06-07.13.12:582][  0]LogAssetRegistry: Asset discovery search completed in 22.6286 seconds
[2021.12.06-07.13.12:589][  0]LogCollectionManager: Fixed up redirectors for 0 collections in 0.000010 seconds (updated 0 objects)
[2021.12.06-07.13.12:590][  0]LogContentStreaming: Texture pool size now 1000 MB
[2021.12.06-07.13.14:361][  5]LogSlate: Took 0.007175 seconds to synchronously load lazily loaded font '../../../Engine/Content/Slate/Fonts/Roboto-Light.ttf' (167K)
[2021.12.06-07.13.18:298][126]LogTemp: Repeating last play command: Selected Viewport
[2021.12.06-07.13.18:404][126]LogPlayLevel: PlayLevel: No blueprints needed recompiling
[2021.12.06-07.13.18:404][126]BlueprintLog: Warning: Blueprint failed to compile:  BP_HealthPack
[2021.12.06-07.13.18:405][126]LogCustomDialog: Dialog displayed:
[2021.12.06-07.13.20:450][126]LogSlate: Window 'Blueprint Compilation Errors' being destroyed
[2021.12.06-07.13.20:549][126]LogSlate: Took 0.004676 seconds to synchronously load lazily loaded font '../../../Engine/Content/Slate/Fonts/DroidSansMono.ttf' (77K)
[2021.12.06-07.13.22:493][172]LogSlate: Window 'Message Log' being destroyed
[2021.12.06-07.13.22:541][172]LogSlate: Window 'Message Log' being destroyed
[2021.12.06-07.13.30:229][263]LogAssetEditorSubsystem: Opening Asset editor for Blueprint /Game/Collectables/BP_HealthPack.BP_HealthPack
[2021.12.06-07.13.31:409][263]LogContentBrowser: Native class hierarchy updated for 'BlueprintGraph' in 0.0011 seconds. Added 125 classes and 0 folders.
[2021.12.06-07.13.32:972][263]LogSlate: Took 0.004495 seconds to synchronously load lazily loaded font '../../../Engine/Content/Slate/Fonts/Roboto-BoldCondensed.ttf' (158K)
[2021.12.06-07.13.41:450][424]LogSlate: Took 0.007010 seconds to synchronously load lazily loaded font '../../../Engine/Content/Slate/Fonts/Roboto-BoldCondensedItalic.ttf' (160K)
[2021.12.06-07.13.44:869][484]LogSlate: Window 'Change Variable Type' being destroyed
[2021.12.06-07.13.52:630][619]LogSlate: Window 'Find in Blueprints' being destroyed
[2021.12.06-07.13.52:678][619]LogSlate: Window 'Find in Blueprints' being destroyed
[2021.12.06-07.14.13:820][160]BlueprintLog: New page: Compile BP_HealthPack
[2021.12.06-07.14.13:955][160]LogUObjectHash: Compacting FUObjectHashTables data took   6.96ms
[2021.12.06-07.14.17:707][241]LogTemp: Repeating last play command: Selected Viewport
[2021.12.06-07.14.17:794][241]LogPlayLevel: PlayLevel: No blueprints needed recompiling
[2021.12.06-07.14.17:797][241]PIE: New page: PIE session: FirstPersonExampleMap (7 Dec 2021, 4:14:17 am)
[2021.12.06-07.14.17:799][241]LogOnline: OSS: Creating online subsystem instance for: NULL
[2021.12.06-07.14.17:802][241]LogOnline: OSS: TryLoadSubsystemAndSetDefault: Loaded subsystem for module [NULL]
[2021.12.06-07.14.17:803][241]LogPlayLevel: Creating play world package: /Game/FirstPersonBP/Maps/UEDPIE_0_FirstPersonExampleMap
[2021.12.06-07.14.17:844][241]LogPlayLevel: PIE: StaticDuplicateObject took: (0.041130s)
[2021.12.06-07.14.17:848][241]LogAIModule: Creating AISystem for world FirstPersonExampleMap
[2021.12.06-07.14.17:848][241]LogAISub: UAISubsystem::UAISubsystem EnvQueryManager (000001BBA3AE1200), frame # 1241
[2021.12.06-07.14.17:848][241]LogAISub: UAISubsystem::UAISubsystem AIPerceptionSystem (000001BB31BB60C0), frame # 1241
[2021.12.06-07.14.17:849][241]LogPlayLevel: PIE: World Init took: (0.004626s)
[2021.12.06-07.14.17:849][241]LogPlayLevel: PIE: Created PIE world by copying editor world from /Game/FirstPersonBP/Maps/FirstPersonExampleMap.FirstPersonExampleMap to /Game/FirstPersonBP/Maps/UEDPIE_0_FirstPersonExampleMap.FirstPersonExampleMap (0.046257s)
[2021.12.06-07.14.17:902][241]LogUObjectHash: Compacting FUObjectHashTables data took   4.54ms
[2021.12.06-07.14.17:903][241]LogAudioMixer: Display: Audio Mixer Platform Settings:
[2021.12.06-07.14.17:903][241]LogAudioMixer: Display: 	Sample Rate:						  48000
[2021.12.06-07.14.17:903][241]LogAudioMixer: Display: 	Callback Buffer Frame Size Requested: 1024
[2021.12.06-07.14.17:904][241]LogAudioMixer: Display: 	Callback Buffer Frame Size To Use:	  1024
[2021.12.06-07.14.17:904][241]LogAudioMixer: Display: 	Number of buffers to queue:			  2
[2021.12.06-07.14.17:904][241]LogAudioMixer: Display: 	Max Channels (voices):				  32
[2021.12.06-07.14.17:904][241]LogAudioMixer: Display: 	Number of Async Source Workers:		  0
[2021.12.06-07.14.17:904][241]LogAudio: Display: AudioDevice MaxSources: 32
[2021.12.06-07.14.17:904][241]LogAudio: Display: Using built-in audio occlusion.
[2021.12.06-07.14.17:904][241]LogAudioMixer: Display: Initializing audio mixer.
[2021.12.06-07.14.17:914][241]LogAudioMixer: Display: 0: FrontLeft
[2021.12.06-07.14.17:914][241]LogAudioMixer: Display: 1: FrontRight
[2021.12.06-07.14.17:975][241]LogAudioMixer: Display: Using Audio Device Headphones (Conexant ISST Audio)
[2021.12.06-07.14.17:975][241]LogAudioMixer: Display: Initializing Sound Submixes...
[2021.12.06-07.14.17:976][241]LogAudioMixer: Display: Creating Master Submix 'MasterSubmixDefault'
[2021.12.06-07.14.17:976][241]LogAudioMixer: Display: Creating Master Submix 'MasterReverbSubmixDefault'
[2021.12.06-07.14.17:977][241]LogAudioMixer: Display: Creating Master Submix 'MasterEQSubmixDefault'
[2021.12.06-07.14.18:007][241]LogInit: FAudioDevice initialized.
[2021.12.06-07.14.18:027][241]LogLoad: Game class is 'FirstPersonGameMode_C'
[2021.12.06-07.14.18:037][241]LogWorld: Bringing World /Game/FirstPersonBP/Maps/UEDPIE_0_FirstPersonExampleMap.FirstPersonExampleMap up for play (max tick rate 0) at 2021.12.06-17.44.18
[2021.12.06-07.14.18:039][241]LogWorld: Bringing up level for play took: 0.007598
[2021.12.06-07.14.18:040][241]LogOnline: OSS: Creating online subsystem instance for: :Context_9
[2021.12.06-07.14.18:073][241]LogContentBrowser: Native class hierarchy updated for 'MovieSceneCapture' in 0.0007 seconds. Added 20 classes and 0 folders.
[2021.12.06-07.14.18:077][241]PIE: Server logged in
[2021.12.06-07.14.18:079][241]PIE: Play in editor total start time 0.296 seconds.
[2021.12.06-07.14.20:881][291]LogBlueprintUserMessages: [Melee_Enemy6] Enemy Hit
[2021.12.06-07.14.21:336][303]LogBlueprintUserMessages: [Melee_Enemy6] Enemy Hit
[2021.12.06-07.14.28:418][476]LogBlueprintUserMessages: [FirstPersonCharacter_C_1] 99
[2021.12.06-07.14.28:576][480]LogBlueprintUserMessages: [FirstPersonCharacter_C_1] 98
[2021.12.06-07.14.28:732][484]LogBlueprintUserMessages: [FirstPersonCharacter_C_1] 97
[2021.12.06-07.14.28:922][489]LogBlueprintUserMessages: [FirstPersonCharacter_C_1] 96
[2021.12.06-07.14.29:151][495]LogBlueprintUserMessages: [FirstPersonCharacter_C_1] 95
[2021.12.06-07.14.29:380][501]LogBlueprintUserMessages: [FirstPersonCharacter_C_1] 94
[2021.12.06-07.14.29:532][505]LogBlueprintUserMessages: [FirstPersonCharacter_C_1] 93
[2021.12.06-07.14.29:763][511]LogBlueprintUserMessages: [FirstPersonCharacter_C_1] 92
[2021.12.06-07.14.29:877][514]LogBlueprintUserMessages: [FirstPersonCharacter_C_1] 91
[2021.12.06-07.14.35:351][648]LogSlate: Updating window title bar state: overlay mode, drag disabled, window buttons hidden, title bar hidden
[2021.12.06-07.14.35:352][648]LogWorld: BeginTearingDown for /Game/FirstPersonBP/Maps/UEDPIE_0_FirstPersonExampleMap
[2021.12.06-07.14.35:354][648]LogWorld: UWorld::CleanupWorld for FirstPersonExampleMap, bSessionEnded=true, bCleanupResources=true
[2021.12.06-07.14.35:358][648]LogSlate: InvalidateAllWidgets triggered.  All widgets were invalidated
[2021.12.06-07.14.35:385][648]LogPlayLevel: Display: Shutting down PIE online subsystems
[2021.12.06-07.14.35:403][648]LogSlate: InvalidateAllWidgets triggered.  All widgets were invalidated
[2021.12.06-07.14.35:596][648]LogSlate: Updating window title bar state: overlay mode, drag disabled, window buttons hidden, title bar hidden
[2021.12.06-07.14.35:646][648]LogAISub: UAISubsystem::~UAISubsystem AIPerceptionSystem (000001BB31BB60C0), frame # 1648
[2021.12.06-07.14.35:646][648]LogAISub: UAISubsystem::~UAISubsystem EnvQueryManager (000001BBA3AE1200), frame # 1648
[2021.12.06-07.14.35:710][648]LogUObjectHash: Compacting FUObjectHashTables data took  24.92ms
[2021.12.06-07.14.35:839][649]LogPlayLevel: Display: Destroying online subsystem :Context_9
[2021.12.06-07.14.47:240][861]LogSlate: Took 0.009694 seconds to synchronously load lazily loaded font '../../../Engine/Content/Slate/Fonts/Roboto-Italic.ttf' (157K)
[2021.12.06-07.15.00:969][119]BlueprintLog: New page: Compile BP_HealthPack
[2021.12.06-07.15.01:125][119]LogUObjectHash: Compacting FUObjectHashTables data took   8.96ms
[2021.12.06-07.15.44:761][780]BlueprintLog: New page: Compile BP_HealthPack
[2021.12.06-07.15.44:904][780]LogUObjectHash: Compacting FUObjectHashTables data took   6.51ms
[2021.12.06-07.15.49:303][863]LogAssetEditorSubsystem: Opening Asset editor for Blueprint /Game/Collectables/BP_AmmoPack.BP_AmmoPack
[2021.12.06-07.16.21:409][462]BlueprintLog: New page: Compile BP_AmmoPack
[2021.12.06-07.16.21:611][462]LogUObjectHash: Compacting FUObjectHashTables data took  13.72ms
[2021.12.06-07.16.24:890][534]LogTemp: Repeating last play command: Selected Viewport
[2021.12.06-07.16.24:981][534]LogPlayLevel: PlayLevel: No blueprints needed recompiling
[2021.12.06-07.16.24:982][534]PIE: New page: PIE session: FirstPersonExampleMap (7 Dec 2021, 4:16:24 am)
[2021.12.06-07.16.24:982][534]LogPlayLevel: Creating play world package: /Game/FirstPersonBP/Maps/UEDPIE_0_FirstPersonExampleMap
[2021.12.06-07.16.25:018][534]LogPlayLevel: PIE: StaticDuplicateObject took: (0.036759s)
[2021.12.06-07.16.25:021][534]LogAIModule: Creating AISystem for world FirstPersonExampleMap
[2021.12.06-07.16.25:021][534]LogAISub: UAISubsystem::UAISubsystem EnvQueryManager (000001BBB722E600), frame # 3534
[2021.12.06-07.16.25:021][534]LogAISub: UAISubsystem::UAISubsystem AIPerceptionSystem (000001BBB7A8F880), frame # 3534
[2021.12.06-07.16.25:022][534]LogPlayLevel: PIE: World Init took: (0.003644s)
[2021.12.06-07.16.25:022][534]LogPlayLevel: PIE: Created PIE world by copying editor world from /Game/FirstPersonBP/Maps/FirstPersonExampleMap.FirstPersonExampleMap to /Game/FirstPersonBP/Maps/UEDPIE_0_FirstPersonExampleMap.FirstPersonExampleMap (0.040822s)
[2021.12.06-07.16.25:100][534]LogUObjectHash: Compacting FUObjectHashTables data took   6.80ms
[2021.12.06-07.16.25:102][534]LogAudioMixer: Display: Audio Mixer Platform Settings:
[2021.12.06-07.16.25:103][534]LogAudioMixer: Display: 	Sample Rate:						  48000
[2021.12.06-07.16.25:103][534]LogAudioMixer: Display: 	Callback Buffer Frame Size Requested: 1024
[2021.12.06-07.16.25:103][534]LogAudioMixer: Display: 	Callback Buffer Frame Size To Use:	  1024
[2021.12.06-07.16.25:103][534]LogAudioMixer: Display: 	Number of buffers to queue:			  2
[2021.12.06-07.16.25:103][534]LogAudioMixer: Display: 	Max Channels (voices):				  32
[2021.12.06-07.16.25:103][534]LogAudioMixer: Display: 	Number of Async Source Workers:		  0
[2021.12.06-07.16.25:103][534]LogAudio: Display: AudioDevice MaxSources: 32
[2021.12.06-07.16.25:104][534]LogAudio: Display: Using built-in audio occlusion.
[2021.12.06-07.16.25:104][534]LogAudioMixer: Display: Initializing audio mixer.
[2021.12.06-07.16.25:115][534]LogAudioMixer: Display: 0: FrontLeft
[2021.12.06-07.16.25:115][534]LogAudioMixer: Display: 1: FrontRight
[2021.12.06-07.16.25:184][534]LogAudioMixer: Display: Using Audio Device Headphones (Conexant ISST Audio)
[2021.12.06-07.16.25:184][534]LogAudioMixer: Display: Initializing Sound Submixes...
[2021.12.06-07.16.25:184][534]LogAudioMixer: Display: Creating Master Submix 'MasterSubmixDefault'
[2021.12.06-07.16.25:184][534]LogAudioMixer: Display: Creating Master Submix 'MasterReverbSubmixDefault'
[2021.12.06-07.16.25:185][534]LogAudioMixer: Display: Creating Master Submix 'MasterEQSubmixDefault'
[2021.12.06-07.16.25:214][534]LogInit: FAudioDevice initialized.
[2021.12.06-07.16.25:238][534]LogLoad: Game class is 'FirstPersonGameMode_C'
[2021.12.06-07.16.25:245][534]LogWorld: Bringing World /Game/FirstPersonBP/Maps/UEDPIE_0_FirstPersonExampleMap.FirstPersonExampleMap up for play (max tick rate 0) at 2021.12.06-17.46.25
[2021.12.06-07.16.25:246][534]LogWorld: Bringing up level for play took: 0.006702
[2021.12.06-07.16.25:247][534]LogOnline: OSS: Creating online subsystem instance for: :Context_11
[2021.12.06-07.16.25:256][534]PIE: Server logged in
[2021.12.06-07.16.25:258][534]PIE: Play in editor total start time 0.288 seconds.
[2021.12.06-07.16.28:211][601]LogBlueprintUserMessages: [Melee_Enemy6] Hit
[2021.12.06-07.16.28:764][615]LogBlueprintUserMessages: [Melee_Enemy6] Enemy Hit
[2021.12.06-07.16.29:338][629]LogBlueprintUserMessages: [Melee_Enemy6] Enemy Hit
[2021.12.06-07.16.30:655][661]LogBlueprintUserMessages: [FirstPersonCharacter_C_1] 99
[2021.12.06-07.16.30:808][665]LogBlueprintUserMessages: [FirstPersonCharacter_C_1] 98
[2021.12.06-07.16.31:037][671]LogBlueprintUserMessages: [FirstPersonCharacter_C_1] 97
[2021.12.06-07.16.31:192][675]LogBlueprintUserMessages: [FirstPersonCharacter_C_1] 96
[2021.12.06-07.16.31:267][677]LogBlueprintUserMessages: [FirstPersonCharacter_C_1] 95
[2021.12.06-07.16.31:384][680]LogBlueprintUserMessages: [FirstPersonCharacter_C_1] 94
[2021.12.06-07.16.31:465][682]LogBlueprintUserMessages: [FirstPersonCharacter_C_1] 93
[2021.12.06-07.16.32:183][700]LogBlueprintUserMessages: [FirstPersonCharacter_C_1] 92
[2021.12.06-07.16.32:472][707]LogBlueprintUserMessages: [FirstPersonCharacter_C_1] 91
[2021.12.06-07.16.32:587][710]LogBlueprintUserMessages: [FirstPersonCharacter_C_1] 90
[2021.12.06-07.16.32:945][719]LogBlueprintUserMessages: [FirstPersonCharacter_C_1] 89
[2021.12.06-07.16.33:220][726]LogBlueprintUserMessages: [FirstPersonCharacter_C_1] 88
[2021.12.06-07.16.33:410][731]LogBlueprintUserMessages: [FirstPersonCharacter_C_1] 87
[2021.12.06-07.16.33:524][734]LogBlueprintUserMessages: [FirstPersonCharacter_C_1] 86
[2021.12.06-07.16.34:057][748]LogBlueprintUserMessages: [FirstPersonCharacter_C_1] 85
[2021.12.06-07.16.34:170][751]LogBlueprintUserMessages: [FirstPersonCharacter_C_1] 84
[2021.12.06-07.16.40:198][897]LogSlate: Updating window title bar state: overlay mode, drag disabled, window buttons hidden, title bar hidden
[2021.12.06-07.16.40:198][897]LogWorld: BeginTearingDown for /Game/FirstPersonBP/Maps/UEDPIE_0_FirstPersonExampleMap
[2021.12.06-07.16.40:199][897]LogWorld: UWorld::CleanupWorld for FirstPersonExampleMap, bSessionEnded=true, bCleanupResources=true
[2021.12.06-07.16.40:202][897]LogSlate: InvalidateAllWidgets triggered.  All widgets were invalidated
[2021.12.06-07.16.40:243][897]LogPlayLevel: Display: Shutting down PIE online subsystems
[2021.12.06-07.16.40:259][897]LogSlate: InvalidateAllWidgets triggered.  All widgets were invalidated
[2021.12.06-07.16.40:435][897]LogSlate: Updating window title bar state: overlay mode, drag disabled, window buttons hidden, title bar hidden
[2021.12.06-07.16.40:442][897]LogAISub: UAISubsystem::~UAISubsystem EnvQueryManager (000001BBB722E600), frame # 3897
[2021.12.06-07.16.40:442][897]LogAISub: UAISubsystem::~UAISubsystem AIPerceptionSystem (000001BBB7A8F880), frame # 3897
[2021.12.06-07.16.40:450][897]LogUObjectHash: Compacting FUObjectHashTables data took   8.03ms
[2021.12.06-07.16.40:560][898]LogPlayLevel: Display: Destroying online subsystem :Context_11
[2021.12.06-07.16.42:366][942]LogUObjectHash: Compacting FUObjectHashTables data took   8.12ms
[2021.12.06-07.16.42:519][942]LogSavePackage: Moving '../../../../../../Users/floojosh/Work Folders/game development course/github/Group_5_AIE_Assesment/Robot_Survival/Saved/FirstPersonExampleMap9FFFE4B842E678B7CEC131890606AE71.tmp' to '../../../../../../Users/floojosh/Work Folders/game development course/github/Group_5_AIE_Assesment/Robot_Survival/Content/FirstPersonBP/Maps/FirstPersonExampleMap.umap'
[2021.12.06-07.16.42:867][942]AssetCheck: New page: Asset Save: FirstPersonExampleMap
[2021.12.06-07.16.42:867][942]LogContentValidation: Display: Validating World /Game/FirstPersonBP/Maps/FirstPersonExampleMap.FirstPersonExampleMap
