Log file open, 12/06/21 17:52:28
LogInit: Display: Running engine for game: Robot_Survival
LogPlatformFile: Not using cached read wrapper
LogTaskGraph: Started task graph with 5 named threads and 20 total threads with 3 sets of task threads.
LogStats: Stats thread started at 0.207788
LogD3D11RHI: Loaded GFSDK_Aftermath_Lib.x64.dll
LogICUInternationalization: ICU TimeZone Detection - Raw Offset: +9:30, Platform Override: ''
LogPluginManager: Mounting plugin Paper2D
LogPluginManager: Mounting plugin AISupport
LogPluginManager: Mounting plugin LightPropagationVolume
LogPluginManager: Mounting plugin CameraShakePreviewer
LogPluginManager: Mounting plugin ActorLayerUtilities
LogPluginManager: Mounting plugin AnimationSharing
LogPluginManager: Mounting plugin CLionSourceCodeAccess
LogPluginManager: Mounting plugin CodeLiteSourceCodeAccess
LogPluginManager: Mounting plugin GitSourceControl
LogPluginManager: Mounting plugin KDevelopSourceCodeAccess
LogPluginManager: Mounting plugin NullSourceCodeAccess
LogPluginManager: Mounting plugin PerforceSourceControl
LogPluginManager: Mounting plugin PlasticSourceControl
LogPluginManager: Mounting plugin RiderSourceCodeAccess
LogPluginManager: Mounting plugin SubversionSourceControl
LogPluginManager: Mounting plugin UObjectPlugin
LogPluginManager: Mounting plugin VisualStudioCodeSourceCodeAccess
LogPluginManager: Mounting plugin VisualStudioSourceCodeAccess
LogPluginManager: Mounting plugin XCodeSourceCodeAccess
LogPluginManager: Mounting plugin AssetManagerEditor
LogPluginManager: Mounting plugin CryptoKeys
LogPluginManager: Mounting plugin CurveEditorTools
LogPluginManager: Mounting plugin DataValidation
LogPluginManager: Mounting plugin EditorScriptingUtilities
LogPluginManager: Mounting plugin FacialAnimation
LogPluginManager: Mounting plugin GameplayTagsEditor
LogPluginManager: Mounting plugin GeometryMode
LogPluginManager: Mounting plugin MacGraphicsSwitching
LogPluginManager: Mounting plugin MaterialAnalyzer
LogPluginManager: Mounting plugin MobileLauncherProfileWizard
LogPluginManager: Mounting plugin PluginBrowser
LogPluginManager: Mounting plugin SpeedTreeImporter
LogPluginManager: Mounting plugin DatasmithContent
LogPluginManager: Mounting plugin VariantManagerContent
LogPluginManager: Mounting plugin AlembicImporter
LogPluginManager: Mounting plugin AutomationUtils
LogPluginManager: Mounting plugin BackChannel
LogPluginManager: Mounting plugin ChaosCloth
LogPluginManager: Mounting plugin ChaosClothEditor
LogPluginManager: Mounting plugin ChaosEditor
LogPluginManager: Mounting plugin ChaosNiagara
LogPluginManager: Mounting plugin ChaosSolverPlugin
LogPluginManager: Mounting plugin CharacterAI
LogPluginManager: Mounting plugin GeometryCache
LogPluginManager: Mounting plugin GeometryCollectionPlugin
LogPluginManager: Mounting plugin GeometryProcessing
LogPluginManager: Mounting plugin PlanarCut
LogPluginManager: Mounting plugin PlatformCrypto
LogPluginManager: Mounting plugin ProxyLODPlugin
LogPluginManager: Mounting plugin SkeletalReduction
LogPluginManager: Mounting plugin Niagara
LogPluginManager: Mounting plugin MagicLeap
LogPluginManager: Mounting plugin MagicLeapLightEstimation
LogPluginManager: Mounting plugin MagicLeapMedia
LogPluginManager: Mounting plugin MagicLeapPassableWorld
LogPluginManager: Mounting plugin MLSDK
LogPluginManager: Mounting plugin AndroidMedia
LogPluginManager: Mounting plugin AvfMedia
LogPluginManager: Mounting plugin ImgMedia
LogPluginManager: Mounting plugin MediaCompositing
LogPluginManager: Mounting plugin MediaPlayerEditor
LogPluginManager: Mounting plugin WebMMedia
LogPluginManager: Mounting plugin WmfMedia
LogPluginManager: Mounting plugin MeshPainting
LogPluginManager: Mounting plugin TcpMessaging
LogPluginManager: Mounting plugin UdpMessaging
LogPluginManager: Mounting plugin ActorSequence
LogPluginManager: Mounting plugin LevelSequenceEditor
LogPluginManager: Mounting plugin MatineeToLevelSequence
LogPluginManager: Mounting plugin MovieRenderPipeline
LogPluginManager: Mounting plugin TemplateSequence
LogPluginManager: Mounting plugin NetcodeUnitTest
LogPluginManager: Mounting plugin NUTUnrealEngine4
LogPluginManager: Mounting plugin OnlineSubsystemGooglePlay
LogPluginManager: Mounting plugin OnlineSubsystemIOS
LogPluginManager: Mounting plugin OnlineSubsystem
LogPluginManager: Mounting plugin OnlineSubsystemNull
LogPluginManager: Mounting plugin OnlineSubsystemUtils
LogPluginManager: Mounting plugin LauncherChunkInstaller
LogPluginManager: Mounting plugin AndroidDeviceProfileSelector
LogPluginManager: Mounting plugin AndroidMoviePlayer
LogPluginManager: Mounting plugin AndroidPermission
LogPluginManager: Mounting plugin AppleImageUtils
LogPluginManager: Mounting plugin AppleMoviePlayer
LogPluginManager: Mounting plugin ArchVisCharacter
LogPluginManager: Mounting plugin AssetTags
LogPluginManager: Mounting plugin AudioCapture
LogPluginManager: Mounting plugin CableComponent
LogPluginManager: Mounting plugin CustomMeshComponent
LogPluginManager: Mounting plugin EditableMesh
LogPluginManager: Mounting plugin ExampleDeviceProfileSelector
LogPluginManager: Mounting plugin GoogleCloudMessaging
LogPluginManager: Mounting plugin GooglePAD
LogPluginManager: Mounting plugin IOSDeviceProfileSelector
LogPluginManager: Mounting plugin LinuxDeviceProfileSelector
LogPluginManager: Mounting plugin LocationServicesBPLibrary
LogPluginManager: Mounting plugin MobilePatchingUtils
LogPluginManager: Mounting plugin OculusVR
LogPluginManager: Mounting plugin PhysXVehicles
LogPluginManager: Mounting plugin PostSplashScreen
LogPluginManager: Mounting plugin ProceduralMeshComponent
LogPluginManager: Mounting plugin RuntimePhysXCooking
LogPluginManager: Mounting plugin SignificanceManager
LogPluginManager: Mounting plugin SoundFields
LogPluginManager: Mounting plugin SteamVR
LogPluginManager: Mounting plugin Synthesis
LogPluginManager: Mounting plugin WebMMoviePlayer
LogPluginManager: Mounting plugin WindowsMoviePlayer
LogPluginManager: Mounting plugin ScreenshotTools
LogInit: Using libcurl 7.55.1-DEV
LogInit:  - built for x86_64-pc-win32
LogInit:  - supports SSL with OpenSSL/1.1.1
LogInit:  - supports HTTP deflate (compression) using libz 1.2.8
LogInit:  - other features:
LogInit:      CURL_VERSION_SSL
LogInit:      CURL_VERSION_LIBZ
LogInit:      CURL_VERSION_IPV6
LogInit:      CURL_VERSION_ASYNCHDNS
LogInit:      CURL_VERSION_LARGEFILE
LogInit:      CURL_VERSION_IDN
LogInit:  CurlRequestOptions (configurable via config and command line):
LogInit:  - bVerifyPeer = true  - Libcurl will verify peer certificate
LogInit:  - bUseHttpProxy = false  - Libcurl will NOT use HTTP proxy
LogInit:  - bDontReuseConnections = false  - Libcurl will reuse connections
LogInit:  - MaxHostConnections = 16  - Libcurl will limit the number of connections to a host
LogInit:  - LocalHostAddr = Default
LogInit:  - BufferSize = 65536
LogOnline: OSS: Creating online subsystem instance for: NULL
LogInit: WinSock: version 1.1 (2.2), MaxSocks=32767, MaxUdp=65467
LogOnline: OSS: TryLoadSubsystemAndSetDefault: Loaded subsystem for module [NULL]
LogInit: Build: ++UE4+Release-4.25-CL-14469661
LogInit: Engine Version: 4.25.4-14469661+++UE4+Release-4.25
LogInit: Compatible Engine Version: 4.25.0-13144385+++UE4+Release-4.25
LogInit: Net CL: 13144385
LogInit: OS: Windows 10 (Release 2009) (), CPU: AMD Ryzen 5 3500X 6-Core Processor             , GPU: NVIDIA GeForce GTX 1660 SUPER
LogInit: Compiled (64-bit): Oct 11 2020 08:10:49
LogInit: Compiled with Visual C++: 19.24.28315.00
LogInit: Build Configuration: Development
LogInit: Branch Name: ++UE4+Release-4.25
LogInit: Command Line: 
LogInit: Base Directory: D:/Media/Games/UE_4.25/Engine/Binaries/Win64/
LogInit: Allocator: TBB
LogInit: Installed Engine Build: 1
LogDevObjectVersion: Number of dev versions registered: 26
LogDevObjectVersion:   Dev-Blueprints (B0D832E4-1F89-4F0D-ACCF-7EB736FD4AA2): 10
LogDevObjectVersion:   Dev-Build (E1C64328-A22C-4D53-A36C-8E866417BD8C): 0
LogDevObjectVersion:   Dev-Core (375EC13C-06E4-48FB-B500-84F0262A717E): 4
LogDevObjectVersion:   Dev-Editor (E4B068ED-F494-42E9-A231-DA0B2E46BB41): 38
LogDevObjectVersion:   Dev-Framework (CFFC743F-43B0-4480-9391-14DF171D2073): 37
LogDevObjectVersion:   Dev-Mobile (B02B49B5-BB20-44E9-A304-32B752E40360): 2
LogDevObjectVersion:   Dev-Networking (A4E4105C-59A1-49B5-A7C5-40C4547EDFEE): 0
LogDevObjectVersion:   Dev-Online (39C831C9-5AE6-47DC-9A44-9C173E1C8E7C): 0
LogDevObjectVersion:   Dev-Physics (78F01B33-EBEA-4F98-B9B4-84EACCB95AA2): 4
LogDevObjectVersion:   Dev-Platform (6631380F-2D4D-43E0-8009-CF276956A95A): 0
LogDevObjectVersion:   Dev-Rendering (12F88B9F-8875-4AFC-A67C-D90C383ABD29): 43
LogDevObjectVersion:   Dev-Sequencer (7B5AE74C-D270-4C10-A958-57980B212A5A): 12
LogDevObjectVersion:   Dev-VR (D7296918-1DD6-4BDD-9DE2-64A83CC13884): 3
LogDevObjectVersion:   Dev-LoadTimes (C2A15278-BFE7-4AFE-6C17-90FF531DF755): 1
LogDevObjectVersion:   Private-Geometry (6EACA3D4-40EC-4CC1-B786-8BED09428FC5): 3
LogDevObjectVersion:   Dev-AnimPhys (29E575DD-E0A3-4627-9D10-D276232CDCEA): 17
LogDevObjectVersion:   Dev-Anim (AF43A65D-7FD3-4947-9873-3E8ED9C1BB05): 7
LogDevObjectVersion:   Dev-ReflectionCapture (6B266CEC-1EC7-4B8F-A30B-E4D90942FC07): 1
LogDevObjectVersion:   Dev-Automation (0DF73D61-A23F-47EA-B727-89E90C41499A): 1
LogDevObjectVersion:   FortniteMain (601D1886-AC64-4F84-AA16-D3DE0DEAC7D6): 31
LogDevObjectVersion:   Dev-Enterprise (9DFFBCD6-494F-0158-E221-12823C92A888): 10
LogDevObjectVersion:   Dev-Niagara (F2AED0AC-9AFE-416F-8664-AA7FFA26D6FC): 1
LogDevObjectVersion:   Dev-Destruction (174F1F0B-B4C6-45A5-B13F-2EE8D0FB917D): 10
LogDevObjectVersion:   Dev-Physics-Ext (35F94A83-E258-406C-A318-09F59610247C): 37
LogDevObjectVersion:   Dev-PhysicsMaterial-Chaos (B68FC16E-8B1B-42E2-B453-215C058844FE): 1
LogDevObjectVersion:   Dev-CineCamera (B2E18506-4273-CFC2-A54E-F4BB758BBA07): 1
LogInit: Presizing for max 25165824 objects, including 0 objects not considered by GC, pre-allocating 0 bytes for permanent pool.
LogConfig: Applying CVar settings from Section [/Script/Engine.StreamingSettings] File [C:/Users/TechFast Australia/Documents/GitHub/Group_5_AIE_Assesment/Robot_Survival/Saved/Config/Windows/Engine.ini]
LogConfig: Setting CVar [[s.MinBulkDataSizeForAsyncLoading:131072]]
LogConfig: Setting CVar [[s.AsyncLoadingThreadEnabled:0]]
LogConfig: Setting CVar [[s.EventDrivenLoaderEnabled:1]]
LogConfig: Setting CVar [[s.WarnIfTimeLimitExceeded:0]]
LogConfig: Setting CVar [[s.TimeLimitExceededMultiplier:1.5]]
LogConfig: Setting CVar [[s.TimeLimitExceededMinTime:0.005]]
LogConfig: Setting CVar [[s.UseBackgroundLevelStreaming:1]]
LogConfig: Setting CVar [[s.PriorityAsyncLoadingExtraTime:15.0]]
LogConfig: Setting CVar [[s.LevelStreamingActorsUpdateTimeLimit:5.0]]
LogConfig: Setting CVar [[s.PriorityLevelStreamingActorsUpdateExtraTime:5.0]]
LogConfig: Setting CVar [[s.LevelStreamingComponentsRegistrationGranularity:10]]
LogConfig: Setting CVar [[s.UnregisterComponentsTimeLimit:1.0]]
LogConfig: Setting CVar [[s.LevelStreamingComponentsUnregistrationGranularity:5]]
LogConfig: Setting CVar [[s.FlushStreamingOnExit:1]]
LogInit: Object subsystem initialized
LogConfig: Setting CVar [[con.DebugEarlyDefault:1]]
LogConfig: Setting CVar [[r.setres:1280x720]]
[2021.12.06-07.22.28:755][  0]LogConfig: Setting CVar [[r.VSync:0]]
[2021.12.06-07.22.28:755][  0]LogConfig: Setting CVar [[r.RHICmdBypass:0]]
[2021.12.06-07.22.28:755][  0]LogConfig: Applying CVar settings from Section [/Script/Engine.RendererSettings] File [C:/Users/TechFast Australia/Documents/GitHub/Group_5_AIE_Assesment/Robot_Survival/Saved/Config/Windows/Engine.ini]
[2021.12.06-07.22.28:755][  0]LogConfig: Setting CVar [[r.GPUCrashDebugging:0]]
[2021.12.06-07.22.28:755][  0]LogConfig: Applying CVar settings from Section [/Script/Engine.RendererOverrideSettings] File [C:/Users/TechFast Australia/Documents/GitHub/Group_5_AIE_Assesment/Robot_Survival/Saved/Config/Windows/Engine.ini]
[2021.12.06-07.22.28:755][  0]LogConfig: Applying CVar settings from Section [/Script/Engine.StreamingSettings] File [C:/Users/TechFast Australia/Documents/GitHub/Group_5_AIE_Assesment/Robot_Survival/Saved/Config/Windows/Engine.ini]
[2021.12.06-07.22.28:755][  0]LogConfig: Setting CVar [[s.MinBulkDataSizeForAsyncLoading:131072]]
[2021.12.06-07.22.28:755][  0]LogConfig: Setting CVar [[s.AsyncLoadingThreadEnabled:0]]
[2021.12.06-07.22.28:755][  0]LogConfig: Setting CVar [[s.EventDrivenLoaderEnabled:1]]
[2021.12.06-07.22.28:755][  0]LogConfig: Setting CVar [[s.WarnIfTimeLimitExceeded:0]]
[2021.12.06-07.22.28:755][  0]LogConfig: Setting CVar [[s.TimeLimitExceededMultiplier:1.5]]
[2021.12.06-07.22.28:755][  0]LogConfig: Setting CVar [[s.TimeLimitExceededMinTime:0.005]]
[2021.12.06-07.22.28:755][  0]LogConfig: Setting CVar [[s.UseBackgroundLevelStreaming:1]]
[2021.12.06-07.22.28:755][  0]LogConfig: Setting CVar [[s.PriorityAsyncLoadingExtraTime:15.0]]
[2021.12.06-07.22.28:755][  0]LogConfig: Setting CVar [[s.LevelStreamingActorsUpdateTimeLimit:5.0]]
[2021.12.06-07.22.28:755][  0]LogConfig: Setting CVar [[s.PriorityLevelStreamingActorsUpdateExtraTime:5.0]]
[2021.12.06-07.22.28:755][  0]LogConfig: Setting CVar [[s.LevelStreamingComponentsRegistrationGranularity:10]]
[2021.12.06-07.22.28:755][  0]LogConfig: Setting CVar [[s.UnregisterComponentsTimeLimit:1.0]]
[2021.12.06-07.22.28:755][  0]LogConfig: Setting CVar [[s.LevelStreamingComponentsUnregistrationGranularity:5]]
[2021.12.06-07.22.28:755][  0]LogConfig: Setting CVar [[s.FlushStreamingOnExit:1]]
[2021.12.06-07.22.28:755][  0]LogConfig: Applying CVar settings from Section [/Script/Engine.GarbageCollectionSettings] File [C:/Users/TechFast Australia/Documents/GitHub/Group_5_AIE_Assesment/Robot_Survival/Saved/Config/Windows/Engine.ini]
[2021.12.06-07.22.28:755][  0]LogConfig: Setting CVar [[gc.MaxObjectsNotConsideredByGC:1]]
[2021.12.06-07.22.28:755][  0]LogConfig: Setting CVar [[gc.SizeOfPermanentObjectPool:0]]
[2021.12.06-07.22.28:755][  0]LogConfig: Setting CVar [[gc.FlushStreamingOnGC:0]]
[2021.12.06-07.22.28:755][  0]LogConfig: Setting CVar [[gc.NumRetriesBeforeForcingGC:10]]
[2021.12.06-07.22.28:755][  0]LogConfig: Setting CVar [[gc.AllowParallelGC:1]]
[2021.12.06-07.22.28:755][  0]LogConfig: Setting CVar [[gc.TimeBetweenPurgingPendingKillObjects:61.1]]
[2021.12.06-07.22.28:755][  0]LogConfig: Setting CVar [[gc.MaxObjectsInEditor:25165824]]
[2021.12.06-07.22.28:755][  0]LogConfig: Setting CVar [[gc.IncrementalBeginDestroyEnabled:1]]
[2021.12.06-07.22.28:755][  0]LogConfig: Setting CVar [[gc.CreateGCClusters:1]]
[2021.12.06-07.22.28:755][  0]LogConfig: Setting CVar [[gc.MinGCClusterSize:5]]
[2021.12.06-07.22.28:755][  0]LogConfig: Setting CVar [[gc.ActorClusteringEnabled:0]]
[2021.12.06-07.22.28:755][  0]LogConfig: Setting CVar [[gc.BlueprintClusteringEnabled:0]]
[2021.12.06-07.22.28:755][  0]LogConfig: Setting CVar [[gc.UseDisregardForGCOnDedicatedServers:0]]
[2021.12.06-07.22.28:755][  0]LogConfig: Applying CVar settings from Section [/Script/Engine.NetworkSettings] File [C:/Users/TechFast Australia/Documents/GitHub/Group_5_AIE_Assesment/Robot_Survival/Saved/Config/Windows/Engine.ini]
[2021.12.06-07.22.28:755][  0]LogConfig: Applying CVar settings from Section [/Script/UnrealEd.CookerSettings] File [C:/Users/TechFast Australia/Documents/GitHub/Group_5_AIE_Assesment/Robot_Survival/Saved/Config/Windows/Engine.ini]
[2021.12.06-07.22.28:760][  0]LogConfig: Applying CVar settings from Section [ViewDistanceQuality@3] File [C:/Users/TechFast Australia/Documents/GitHub/Group_5_AIE_Assesment/Robot_Survival/Saved/Config/Windows/Scalability.ini]
[2021.12.06-07.22.28:760][  0]LogConfig: Setting CVar [[r.SkeletalMeshLODBias:0]]
[2021.12.06-07.22.28:760][  0]LogConfig: Setting CVar [[r.ViewDistanceScale:1.0]]
[2021.12.06-07.22.28:760][  0]LogConfig: Applying CVar settings from Section [AntiAliasingQuality@3] File [C:/Users/TechFast Australia/Documents/GitHub/Group_5_AIE_Assesment/Robot_Survival/Saved/Config/Windows/Scalability.ini]
[2021.12.06-07.22.28:760][  0]LogConfig: Setting CVar [[r.PostProcessAAQuality:4]]
[2021.12.06-07.22.28:760][  0]LogConfig: Applying CVar settings from Section [ShadowQuality@3] File [C:/Users/TechFast Australia/Documents/GitHub/Group_5_AIE_Assesment/Robot_Survival/Saved/Config/Windows/Scalability.ini]
[2021.12.06-07.22.28:760][  0]LogConfig: Setting CVar [[r.LightFunctionQuality:1]]
[2021.12.06-07.22.28:760][  0]LogConfig: Setting CVar [[r.ShadowQuality:5]]
[2021.12.06-07.22.28:760][  0]LogConfig: Setting CVar [[r.Shadow.CSM.MaxCascades:10]]
[2021.12.06-07.22.28:760][  0]LogConfig: Setting CVar [[r.Shadow.MaxResolution:2048]]
[2021.12.06-07.22.28:760][  0]LogConfig: Setting CVar [[r.Shadow.MaxCSMResolution:2048]]
[2021.12.06-07.22.28:760][  0]LogConfig: Setting CVar [[r.Shadow.RadiusThreshold:0.01]]
[2021.12.06-07.22.28:760][  0]LogConfig: Setting CVar [[r.Shadow.DistanceScale:1.0]]
[2021.12.06-07.22.28:760][  0]LogConfig: Setting CVar [[r.Shadow.CSM.TransitionScale:1.0]]
[2021.12.06-07.22.28:760][  0]LogConfig: Setting CVar [[r.Shadow.PreShadowResolutionFactor:1.0]]
[2021.12.06-07.22.28:760][  0]LogConfig: Setting CVar [[r.DistanceFieldShadowing:1]]
[2021.12.06-07.22.28:760][  0]LogConfig: Setting CVar [[r.DistanceFieldAO:1]]
[2021.12.06-07.22.28:760][  0]LogConfig: Setting CVar [[r.AOQuality:2]]
[2021.12.06-07.22.28:760][  0]LogConfig: Setting CVar [[r.VolumetricFog:1]]
[2021.12.06-07.22.28:760][  0]LogConfig: Setting CVar [[r.VolumetricFog.GridPixelSize:8]]
[2021.12.06-07.22.28:760][  0]LogConfig: Setting CVar [[r.VolumetricFog.GridSizeZ:128]]
[2021.12.06-07.22.28:760][  0]LogConfig: Setting CVar [[r.VolumetricFog.HistoryMissSupersampleCount:4]]
[2021.12.06-07.22.28:760][  0]LogConfig: Setting CVar [[r.LightMaxDrawDistanceScale:1]]
[2021.12.06-07.22.28:760][  0]LogConfig: Setting CVar [[r.CapsuleShadows:1]]
[2021.12.06-07.22.28:760][  0]LogConfig: Applying CVar settings from Section [PostProcessQuality@3] File [C:/Users/TechFast Australia/Documents/GitHub/Group_5_AIE_Assesment/Robot_Survival/Saved/Config/Windows/Scalability.ini]
[2021.12.06-07.22.28:760][  0]LogConfig: Setting CVar [[r.MotionBlurQuality:4]]
[2021.12.06-07.22.28:760][  0]LogConfig: Setting CVar [[r.AmbientOcclusionMipLevelFactor:0.4]]
[2021.12.06-07.22.28:760][  0]LogConfig: Setting CVar [[r.AmbientOcclusionMaxQuality:100]]
[2021.12.06-07.22.28:760][  0]LogConfig: Setting CVar [[r.AmbientOcclusionLevels:-1]]
[2021.12.06-07.22.28:760][  0]LogConfig: Setting CVar [[r.AmbientOcclusionRadiusScale:1.0]]
[2021.12.06-07.22.28:760][  0]LogConfig: Setting CVar [[r.DepthOfFieldQuality:2]]
[2021.12.06-07.22.28:760][  0]LogConfig: Setting CVar [[r.RenderTargetPoolMin:400]]
[2021.12.06-07.22.28:760][  0]LogConfig: Setting CVar [[r.LensFlareQuality:2]]
[2021.12.06-07.22.28:760][  0]LogConfig: Setting CVar [[r.SceneColorFringeQuality:1]]
[2021.12.06-07.22.28:760][  0]LogConfig: Setting CVar [[r.EyeAdaptationQuality:2]]
[2021.12.06-07.22.28:760][  0]LogConfig: Setting CVar [[r.BloomQuality:5]]
[2021.12.06-07.22.28:760][  0]LogConfig: Setting CVar [[r.FastBlurThreshold:100]]
[2021.12.06-07.22.28:760][  0]LogConfig: Setting CVar [[r.Upscale.Quality:3]]
[2021.12.06-07.22.28:760][  0]LogConfig: Setting CVar [[r.Tonemapper.GrainQuantization:1]]
[2021.12.06-07.22.28:760][  0]LogConfig: Setting CVar [[r.LightShaftQuality:1]]
[2021.12.06-07.22.28:760][  0]LogConfig: Setting CVar [[r.Filter.SizeScale:1]]
[2021.12.06-07.22.28:760][  0]LogConfig: Setting CVar [[r.Tonemapper.Quality:5]]
[2021.12.06-07.22.28:760][  0]LogConfig: Setting CVar [[r.DOF.Gather.AccumulatorQuality:1        ; higher gathering accumulator quality]]
[2021.12.06-07.22.28:760][  0]LogConfig: Setting CVar [[r.DOF.Gather.PostfilterMethod:1          ; Median3x3 postfilering method]]
[2021.12.06-07.22.28:760][  0]LogConfig: Setting CVar [[r.DOF.Gather.EnableBokehSettings:0       ; no bokeh simulation when gathering]]
[2021.12.06-07.22.28:760][  0]LogConfig: Setting CVar [[r.DOF.Gather.RingCount:4                 ; medium number of samples when gathering]]
[2021.12.06-07.22.28:760][  0]LogConfig: Setting CVar [[r.DOF.Scatter.ForegroundCompositing:1    ; additive foreground scattering]]
[2021.12.06-07.22.28:760][  0]LogConfig: Setting CVar [[r.DOF.Scatter.BackgroundCompositing:2    ; additive background scattering]]
[2021.12.06-07.22.28:760][  0]LogConfig: Setting CVar [[r.DOF.Scatter.EnableBokehSettings:1      ; bokeh simulation when scattering]]
[2021.12.06-07.22.28:760][  0]LogConfig: Setting CVar [[r.DOF.Scatter.MaxSpriteRatio:0.1         ; only a maximum of 10% of scattered bokeh]]
[2021.12.06-07.22.28:760][  0]LogConfig: Setting CVar [[r.DOF.Recombine.Quality:1                ; cheap slight out of focus]]
[2021.12.06-07.22.28:760][  0]LogConfig: Setting CVar [[r.DOF.Recombine.EnableBokehSettings:0    ; no bokeh simulation on slight out of focus]]
[2021.12.06-07.22.28:760][  0]LogConfig: Setting CVar [[r.DOF.TemporalAAQuality:1                ; more stable temporal accumulation]]
[2021.12.06-07.22.28:760][  0]LogConfig: Setting CVar [[r.DOF.Kernel.MaxForegroundRadius:0.025]]
[2021.12.06-07.22.28:760][  0]LogConfig: Setting CVar [[r.DOF.Kernel.MaxBackgroundRadius:0.025]]
[2021.12.06-07.22.28:760][  0]LogConfig: Applying CVar settings from Section [TextureQuality@3] File [C:/Users/TechFast Australia/Documents/GitHub/Group_5_AIE_Assesment/Robot_Survival/Saved/Config/Windows/Scalability.ini]
[2021.12.06-07.22.28:760][  0]LogConfig: Setting CVar [[r.Streaming.MipBias:0]]
[2021.12.06-07.22.28:760][  0]LogConfig: Setting CVar [[r.Streaming.AmortizeCPUToGPUCopy:0]]
[2021.12.06-07.22.28:760][  0]LogConfig: Setting CVar [[r.Streaming.MaxNumTexturesToStreamPerFrame:0]]
[2021.12.06-07.22.28:760][  0]LogConfig: Setting CVar [[r.Streaming.Boost:1]]
[2021.12.06-07.22.28:760][  0]LogConfig: Setting CVar [[r.MaxAnisotropy:8]]
[2021.12.06-07.22.28:760][  0]LogConfig: Setting CVar [[r.VT.MaxAnisotropy:8]]
[2021.12.06-07.22.28:760][  0]LogConfig: Setting CVar [[r.Streaming.LimitPoolSizeToVRAM:0]]
[2021.12.06-07.22.28:760][  0]LogConfig: Setting CVar [[r.Streaming.PoolSize:1000]]
[2021.12.06-07.22.28:760][  0]LogConfig: Setting CVar [[r.Streaming.MaxEffectiveScreenSize:0]]
[2021.12.06-07.22.28:760][  0]LogConfig: Applying CVar settings from Section [EffectsQuality@3] File [C:/Users/TechFast Australia/Documents/GitHub/Group_5_AIE_Assesment/Robot_Survival/Saved/Config/Windows/Scalability.ini]
[2021.12.06-07.22.28:761][  0]LogConfig: Setting CVar [[r.TranslucencyLightingVolumeDim:64]]
[2021.12.06-07.22.28:761][  0]LogConfig: Setting CVar [[r.RefractionQuality:2]]
[2021.12.06-07.22.28:761][  0]LogConfig: Setting CVar [[r.SSR.Quality:3]]
[2021.12.06-07.22.28:761][  0]LogConfig: Setting CVar [[r.SSR.HalfResSceneColor:0]]
[2021.12.06-07.22.28:761][  0]LogConfig: Setting CVar [[r.SceneColorFormat:4]]
[2021.12.06-07.22.28:761][  0]LogConfig: Setting CVar [[r.DetailMode:2]]
[2021.12.06-07.22.28:761][  0]LogConfig: Setting CVar [[r.TranslucencyVolumeBlur:1]]
[2021.12.06-07.22.28:761][  0]LogConfig: Setting CVar [[r.MaterialQualityLevel:1 ; High quality]]
[2021.12.06-07.22.28:761][  0]LogConfig: Setting CVar [[r.SSS.Scale:1]]
[2021.12.06-07.22.28:761][  0]LogConfig: Setting CVar [[r.SSS.SampleSet:2]]
[2021.12.06-07.22.28:761][  0]LogConfig: Setting CVar [[r.SSS.Quality:1]]
[2021.12.06-07.22.28:761][  0]LogConfig: Setting CVar [[r.SSS.HalfRes:0]]
[2021.12.06-07.22.28:761][  0]LogConfig: Setting CVar [[r.SSGI.Quality:3]]
[2021.12.06-07.22.28:761][  0]LogConfig: Setting CVar [[r.EmitterSpawnRateScale:1.0]]
[2021.12.06-07.22.28:761][  0]LogConfig: Setting CVar [[r.ParticleLightQuality:2]]
[2021.12.06-07.22.28:761][  0]LogConfig: Setting CVar [[r.SkyAtmosphere.AerialPerspectiveLUT.FastApplyOnOpaque:1 ; Always have FastSkyLUT 1 in this case to avoid wrong sky]]
[2021.12.06-07.22.28:761][  0]LogConfig: Setting CVar [[r.SkyAtmosphere.AerialPerspectiveLUT.SampleCountPerSlice:1]]
[2021.12.06-07.22.28:761][  0]LogConfig: Setting CVar [[r.SkyAtmosphere.AerialPerspectiveLUT.DepthResolution:16.0]]
[2021.12.06-07.22.28:761][  0]LogConfig: Setting CVar [[r.SkyAtmosphere.FastSkyLUT:1]]
[2021.12.06-07.22.28:761][  0]LogConfig: Setting CVar [[r.SkyAtmosphere.FastSkyLUT.SampleCountMin:4.0]]
[2021.12.06-07.22.28:761][  0]LogConfig: Setting CVar [[r.SkyAtmosphere.FastSkyLUT.SampleCountMax:32.0]]
[2021.12.06-07.22.28:761][  0]LogConfig: Setting CVar [[r.SkyAtmosphere.SampleCountMin:4.0]]
[2021.12.06-07.22.28:761][  0]LogConfig: Setting CVar [[r.SkyAtmosphere.SampleCountMax:32.0]]
[2021.12.06-07.22.28:761][  0]LogConfig: Setting CVar [[r.SkyAtmosphere.TransmittanceLUT.UseSmallFormat:0]]
[2021.12.06-07.22.28:761][  0]LogConfig: Setting CVar [[r.SkyAtmosphere.TransmittanceLUT.SampleCount:10.0]]
[2021.12.06-07.22.28:761][  0]LogConfig: Setting CVar [[r.SkyAtmosphere.MultiScatteringLUT.SampleCount:15.0]]
[2021.12.06-07.22.28:761][  0]LogConfig: Applying CVar settings from Section [FoliageQuality@3] File [C:/Users/TechFast Australia/Documents/GitHub/Group_5_AIE_Assesment/Robot_Survival/Saved/Config/Windows/Scalability.ini]
[2021.12.06-07.22.28:761][  0]LogConfig: Setting CVar [[foliage.DensityScale:1.0]]
[2021.12.06-07.22.28:761][  0]LogConfig: Setting CVar [[grass.DensityScale:1.0]]
[2021.12.06-07.22.28:761][  0]LogConfig: Applying CVar settings from Section [ShadingQuality@3] File [C:/Users/TechFast Australia/Documents/GitHub/Group_5_AIE_Assesment/Robot_Survival/Saved/Config/Windows/Scalability.ini]
[2021.12.06-07.22.28:761][  0]LogConfig: Setting CVar [[r.HairStrands.SkyLighting.SampleCount:16]]
[2021.12.06-07.22.28:761][  0]LogConfig: Setting CVar [[r.HairStrands.SkyLighting.JitterIntegration:0]]
[2021.12.06-07.22.28:761][  0]LogConfig: Setting CVar [[r.HairStrands.SkyAO.SampleCount:16]]
[2021.12.06-07.22.28:761][  0]LogConfig: Setting CVar [[r.HairStrands.DeepShadow.SuperSampling:0]]
[2021.12.06-07.22.28:761][  0]LogConfig: Setting CVar [[r.HairStrands.VisibilityPPLL:0]]
[2021.12.06-07.22.28:761][  0]LogConfig: Setting CVar [[r.HairStrands.RasterizationScale:0.5]]
[2021.12.06-07.22.28:761][  0]LogConfig: Setting CVar [[r.HairStrands.VelocityRasterizationScale:1]]
[2021.12.06-07.22.28:761][  0]LogInit: Selected Device Profile: [Windows]
[2021.12.06-07.22.28:761][  0]LogInit: Applying CVar settings loaded from the selected device profile: [Windows]
[2021.12.06-07.22.28:761][  0]LogHAL: Display: Platform has ~ 8 GB [8537563136 / 8589934592 / 8], which maps to Default [LargestMinGB=32, LargerMinGB=12, DefaultMinGB=8, SmallerMinGB=6, SmallestMinGB=0)
[2021.12.06-07.22.28:761][  0]LogInit: Going up to parent DeviceProfile []
[2021.12.06-07.22.28:761][  0]LogConfig: Applying CVar settings from Section [ViewDistanceQuality@3] File [C:/Users/TechFast Australia/Documents/GitHub/Group_5_AIE_Assesment/Robot_Survival/Saved/Config/Windows/Scalability.ini]
[2021.12.06-07.22.28:761][  0]LogConfig: Setting CVar [[r.SkeletalMeshLODBias:0]]
[2021.12.06-07.22.28:761][  0]LogConfig: Setting CVar [[r.ViewDistanceScale:1.0]]
[2021.12.06-07.22.28:761][  0]LogConfig: Applying CVar settings from Section [AntiAliasingQuality@3] File [C:/Users/TechFast Australia/Documents/GitHub/Group_5_AIE_Assesment/Robot_Survival/Saved/Config/Windows/Scalability.ini]
[2021.12.06-07.22.28:761][  0]LogConfig: Setting CVar [[r.PostProcessAAQuality:4]]
[2021.12.06-07.22.28:761][  0]LogConfig: Applying CVar settings from Section [ShadowQuality@3] File [C:/Users/TechFast Australia/Documents/GitHub/Group_5_AIE_Assesment/Robot_Survival/Saved/Config/Windows/Scalability.ini]
[2021.12.06-07.22.28:761][  0]LogConfig: Setting CVar [[r.LightFunctionQuality:1]]
[2021.12.06-07.22.28:761][  0]LogConfig: Setting CVar [[r.ShadowQuality:5]]
[2021.12.06-07.22.28:761][  0]LogConfig: Setting CVar [[r.Shadow.CSM.MaxCascades:10]]
[2021.12.06-07.22.28:761][  0]LogConfig: Setting CVar [[r.Shadow.MaxResolution:2048]]
[2021.12.06-07.22.28:761][  0]LogConfig: Setting CVar [[r.Shadow.MaxCSMResolution:2048]]
[2021.12.06-07.22.28:761][  0]LogConfig: Setting CVar [[r.Shadow.RadiusThreshold:0.01]]
[2021.12.06-07.22.28:761][  0]LogConfig: Setting CVar [[r.Shadow.DistanceScale:1.0]]
[2021.12.06-07.22.28:761][  0]LogConfig: Setting CVar [[r.Shadow.CSM.TransitionScale:1.0]]
[2021.12.06-07.22.28:761][  0]LogConfig: Setting CVar [[r.Shadow.PreShadowResolutionFactor:1.0]]
[2021.12.06-07.22.28:761][  0]LogConfig: Setting CVar [[r.DistanceFieldShadowing:1]]
[2021.12.06-07.22.28:761][  0]LogConfig: Setting CVar [[r.DistanceFieldAO:1]]
[2021.12.06-07.22.28:761][  0]LogConfig: Setting CVar [[r.AOQuality:2]]
[2021.12.06-07.22.28:761][  0]LogConfig: Setting CVar [[r.VolumetricFog:1]]
[2021.12.06-07.22.28:761][  0]LogConfig: Setting CVar [[r.VolumetricFog.GridPixelSize:8]]
[2021.12.06-07.22.28:761][  0]LogConfig: Setting CVar [[r.VolumetricFog.GridSizeZ:128]]
[2021.12.06-07.22.28:761][  0]LogConfig: Setting CVar [[r.VolumetricFog.HistoryMissSupersampleCount:4]]
[2021.12.06-07.22.28:761][  0]LogConfig: Setting CVar [[r.LightMaxDrawDistanceScale:1]]
[2021.12.06-07.22.28:761][  0]LogConfig: Setting CVar [[r.CapsuleShadows:1]]
[2021.12.06-07.22.28:761][  0]LogConfig: Applying CVar settings from Section [PostProcessQuality@3] File [C:/Users/TechFast Australia/Documents/GitHub/Group_5_AIE_Assesment/Robot_Survival/Saved/Config/Windows/Scalability.ini]
[2021.12.06-07.22.28:761][  0]LogConfig: Setting CVar [[r.MotionBlurQuality:4]]
[2021.12.06-07.22.28:761][  0]LogConfig: Setting CVar [[r.AmbientOcclusionMipLevelFactor:0.4]]
[2021.12.06-07.22.28:761][  0]LogConfig: Setting CVar [[r.AmbientOcclusionMaxQuality:100]]
[2021.12.06-07.22.28:761][  0]LogConfig: Setting CVar [[r.AmbientOcclusionLevels:-1]]
[2021.12.06-07.22.28:761][  0]LogConfig: Setting CVar [[r.AmbientOcclusionRadiusScale:1.0]]
[2021.12.06-07.22.28:761][  0]LogConfig: Setting CVar [[r.DepthOfFieldQuality:2]]
[2021.12.06-07.22.28:761][  0]LogConfig: Setting CVar [[r.RenderTargetPoolMin:400]]
[2021.12.06-07.22.28:761][  0]LogConfig: Setting CVar [[r.LensFlareQuality:2]]
[2021.12.06-07.22.28:761][  0]LogConfig: Setting CVar [[r.SceneColorFringeQuality:1]]
[2021.12.06-07.22.28:761][  0]LogConfig: Setting CVar [[r.EyeAdaptationQuality:2]]
[2021.12.06-07.22.28:761][  0]LogConfig: Setting CVar [[r.BloomQuality:5]]
[2021.12.06-07.22.28:761][  0]LogConfig: Setting CVar [[r.FastBlurThreshold:100]]
[2021.12.06-07.22.28:761][  0]LogConfig: Setting CVar [[r.Upscale.Quality:3]]
[2021.12.06-07.22.28:761][  0]LogConfig: Setting CVar [[r.Tonemapper.GrainQuantization:1]]
[2021.12.06-07.22.28:761][  0]LogConfig: Setting CVar [[r.LightShaftQuality:1]]
[2021.12.06-07.22.28:761][  0]LogConfig: Setting CVar [[r.Filter.SizeScale:1]]
[2021.12.06-07.22.28:761][  0]LogConfig: Setting CVar [[r.Tonemapper.Quality:5]]
[2021.12.06-07.22.28:761][  0]LogConfig: Setting CVar [[r.DOF.Gather.AccumulatorQuality:1        ; higher gathering accumulator quality]]
[2021.12.06-07.22.28:761][  0]LogConfig: Setting CVar [[r.DOF.Gather.PostfilterMethod:1          ; Median3x3 postfilering method]]
[2021.12.06-07.22.28:761][  0]LogConfig: Setting CVar [[r.DOF.Gather.EnableBokehSettings:0       ; no bokeh simulation when gathering]]
[2021.12.06-07.22.28:762][  0]LogConfig: Setting CVar [[r.DOF.Gather.RingCount:4                 ; medium number of samples when gathering]]
[2021.12.06-07.22.28:762][  0]LogConfig: Setting CVar [[r.DOF.Scatter.ForegroundCompositing:1    ; additive foreground scattering]]
[2021.12.06-07.22.28:762][  0]LogConfig: Setting CVar [[r.DOF.Scatter.BackgroundCompositing:2    ; additive background scattering]]
[2021.12.06-07.22.28:762][  0]LogConfig: Setting CVar [[r.DOF.Scatter.EnableBokehSettings:1      ; bokeh simulation when scattering]]
[2021.12.06-07.22.28:762][  0]LogConfig: Setting CVar [[r.DOF.Scatter.MaxSpriteRatio:0.1         ; only a maximum of 10% of scattered bokeh]]
[2021.12.06-07.22.28:762][  0]LogConfig: Setting CVar [[r.DOF.Recombine.Quality:1                ; cheap slight out of focus]]
[2021.12.06-07.22.28:762][  0]LogConfig: Setting CVar [[r.DOF.Recombine.EnableBokehSettings:0    ; no bokeh simulation on slight out of focus]]
[2021.12.06-07.22.28:762][  0]LogConfig: Setting CVar [[r.DOF.TemporalAAQuality:1                ; more stable temporal accumulation]]
[2021.12.06-07.22.28:762][  0]LogConfig: Setting CVar [[r.DOF.Kernel.MaxForegroundRadius:0.025]]
[2021.12.06-07.22.28:762][  0]LogConfig: Setting CVar [[r.DOF.Kernel.MaxBackgroundRadius:0.025]]
[2021.12.06-07.22.28:762][  0]LogConfig: Applying CVar settings from Section [TextureQuality@3] File [C:/Users/TechFast Australia/Documents/GitHub/Group_5_AIE_Assesment/Robot_Survival/Saved/Config/Windows/Scalability.ini]
[2021.12.06-07.22.28:762][  0]LogConfig: Setting CVar [[r.Streaming.MipBias:0]]
[2021.12.06-07.22.28:762][  0]LogConfig: Setting CVar [[r.Streaming.AmortizeCPUToGPUCopy:0]]
[2021.12.06-07.22.28:762][  0]LogConfig: Setting CVar [[r.Streaming.MaxNumTexturesToStreamPerFrame:0]]
[2021.12.06-07.22.28:762][  0]LogConfig: Setting CVar [[r.Streaming.Boost:1]]
[2021.12.06-07.22.28:762][  0]LogConfig: Setting CVar [[r.MaxAnisotropy:8]]
[2021.12.06-07.22.28:762][  0]LogConfig: Setting CVar [[r.VT.MaxAnisotropy:8]]
[2021.12.06-07.22.28:762][  0]LogConfig: Setting CVar [[r.Streaming.LimitPoolSizeToVRAM:0]]
[2021.12.06-07.22.28:762][  0]LogConfig: Setting CVar [[r.Streaming.PoolSize:1000]]
[2021.12.06-07.22.28:762][  0]LogConfig: Setting CVar [[r.Streaming.MaxEffectiveScreenSize:0]]
[2021.12.06-07.22.28:762][  0]LogConfig: Applying CVar settings from Section [EffectsQuality@3] File [C:/Users/TechFast Australia/Documents/GitHub/Group_5_AIE_Assesment/Robot_Survival/Saved/Config/Windows/Scalability.ini]
[2021.12.06-07.22.28:762][  0]LogConfig: Setting CVar [[r.TranslucencyLightingVolumeDim:64]]
[2021.12.06-07.22.28:762][  0]LogConfig: Setting CVar [[r.RefractionQuality:2]]
[2021.12.06-07.22.28:762][  0]LogConfig: Setting CVar [[r.SSR.Quality:3]]
[2021.12.06-07.22.28:762][  0]LogConfig: Setting CVar [[r.SSR.HalfResSceneColor:0]]
[2021.12.06-07.22.28:762][  0]LogConfig: Setting CVar [[r.SceneColorFormat:4]]
[2021.12.06-07.22.28:762][  0]LogConfig: Setting CVar [[r.DetailMode:2]]
[2021.12.06-07.22.28:762][  0]LogConfig: Setting CVar [[r.TranslucencyVolumeBlur:1]]
[2021.12.06-07.22.28:762][  0]LogConfig: Setting CVar [[r.MaterialQualityLevel:1 ; High quality]]
[2021.12.06-07.22.28:762][  0]LogConfig: Setting CVar [[r.SSS.Scale:1]]
[2021.12.06-07.22.28:762][  0]LogConfig: Setting CVar [[r.SSS.SampleSet:2]]
[2021.12.06-07.22.28:762][  0]LogConfig: Setting CVar [[r.SSS.Quality:1]]
[2021.12.06-07.22.28:762][  0]LogConfig: Setting CVar [[r.SSS.HalfRes:0]]
[2021.12.06-07.22.28:762][  0]LogConfig: Setting CVar [[r.SSGI.Quality:3]]
[2021.12.06-07.22.28:762][  0]LogConfig: Setting CVar [[r.EmitterSpawnRateScale:1.0]]
[2021.12.06-07.22.28:762][  0]LogConfig: Setting CVar [[r.ParticleLightQuality:2]]
[2021.12.06-07.22.28:762][  0]LogConfig: Setting CVar [[r.SkyAtmosphere.AerialPerspectiveLUT.FastApplyOnOpaque:1 ; Always have FastSkyLUT 1 in this case to avoid wrong sky]]
[2021.12.06-07.22.28:762][  0]LogConfig: Setting CVar [[r.SkyAtmosphere.AerialPerspectiveLUT.SampleCountPerSlice:1]]
[2021.12.06-07.22.28:762][  0]LogConfig: Setting CVar [[r.SkyAtmosphere.AerialPerspectiveLUT.DepthResolution:16.0]]
[2021.12.06-07.22.28:762][  0]LogConfig: Setting CVar [[r.SkyAtmosphere.FastSkyLUT:1]]
[2021.12.06-07.22.28:762][  0]LogConfig: Setting CVar [[r.SkyAtmosphere.FastSkyLUT.SampleCountMin:4.0]]
[2021.12.06-07.22.28:762][  0]LogConfig: Setting CVar [[r.SkyAtmosphere.FastSkyLUT.SampleCountMax:32.0]]
[2021.12.06-07.22.28:762][  0]LogConfig: Setting CVar [[r.SkyAtmosphere.SampleCountMin:4.0]]
[2021.12.06-07.22.28:762][  0]LogConfig: Setting CVar [[r.SkyAtmosphere.SampleCountMax:32.0]]
[2021.12.06-07.22.28:762][  0]LogConfig: Setting CVar [[r.SkyAtmosphere.TransmittanceLUT.UseSmallFormat:0]]
[2021.12.06-07.22.28:762][  0]LogConfig: Setting CVar [[r.SkyAtmosphere.TransmittanceLUT.SampleCount:10.0]]
[2021.12.06-07.22.28:762][  0]LogConfig: Setting CVar [[r.SkyAtmosphere.MultiScatteringLUT.SampleCount:15.0]]
[2021.12.06-07.22.28:762][  0]LogConfig: Applying CVar settings from Section [FoliageQuality@3] File [C:/Users/TechFast Australia/Documents/GitHub/Group_5_AIE_Assesment/Robot_Survival/Saved/Config/Windows/Scalability.ini]
[2021.12.06-07.22.28:762][  0]LogConfig: Setting CVar [[foliage.DensityScale:1.0]]
[2021.12.06-07.22.28:762][  0]LogConfig: Setting CVar [[grass.DensityScale:1.0]]
[2021.12.06-07.22.28:762][  0]LogConfig: Applying CVar settings from Section [ShadingQuality@3] File [C:/Users/TechFast Australia/Documents/GitHub/Group_5_AIE_Assesment/Robot_Survival/Saved/Config/Windows/Scalability.ini]
[2021.12.06-07.22.28:762][  0]LogConfig: Setting CVar [[r.HairStrands.SkyLighting.SampleCount:16]]
[2021.12.06-07.22.28:762][  0]LogConfig: Setting CVar [[r.HairStrands.SkyLighting.JitterIntegration:0]]
[2021.12.06-07.22.28:762][  0]LogConfig: Setting CVar [[r.HairStrands.SkyAO.SampleCount:16]]
[2021.12.06-07.22.28:762][  0]LogConfig: Setting CVar [[r.HairStrands.DeepShadow.SuperSampling:0]]
[2021.12.06-07.22.28:762][  0]LogConfig: Setting CVar [[r.HairStrands.VisibilityPPLL:0]]
[2021.12.06-07.22.28:762][  0]LogConfig: Setting CVar [[r.HairStrands.RasterizationScale:0.5]]
[2021.12.06-07.22.28:762][  0]LogConfig: Setting CVar [[r.HairStrands.VelocityRasterizationScale:1]]
[2021.12.06-07.22.28:762][  0]LogConfig: Applying CVar settings from Section [Startup] File [../../../Engine/Config/ConsoleVariables.ini]
[2021.12.06-07.22.28:762][  0]LogConfig: Setting CVar [[net.UseAdaptiveNetUpdateFrequency:0]]
[2021.12.06-07.22.28:762][  0]LogConfig: Setting CVar [[p.chaos.AllowCreatePhysxBodies:1]]
[2021.12.06-07.22.28:762][  0]LogConfig: Setting CVar [[fx.SkipVectorVMBackendOptimizations:1]]
[2021.12.06-07.22.28:762][  0]LogConfig: Applying CVar settings from Section [ConsoleVariables] File [C:/Users/TechFast Australia/Documents/GitHub/Group_5_AIE_Assesment/Robot_Survival/Saved/Config/Windows/Engine.ini]
[2021.12.06-07.22.28:763][  0]LogInit: Computer: NINJA-COOPS
[2021.12.06-07.22.28:763][  0]LogInit: User: TechFastAustralia
[2021.12.06-07.22.28:763][  0]LogInit: CPU Page size=4096, Cores=6
[2021.12.06-07.22.28:763][  0]LogInit: High frequency timer resolution =10.000000 MHz
[2021.12.06-07.22.28:763][  0]LogMemory: Memory total: Physical=8.0GB (8GB approx)
[2021.12.06-07.22.28:763][  0]LogMemory: Platform Memory Stats for Windows
[2021.12.06-07.22.28:763][  0]LogMemory: Process Physical Memory: 115.46 MB used, 115.46 MB peak
[2021.12.06-07.22.28:763][  0]LogMemory: Process Virtual Memory: 112.20 MB used, 112.20 MB peak
[2021.12.06-07.22.28:763][  0]LogMemory: Physical Memory: 7106.06 MB used,  1036.00 MB free, 8142.05 MB total
[2021.12.06-07.22.28:763][  0]LogMemory: Virtual Memory: 5155.14 MB used,  134212576.00 MB free, 134217728.00 MB total
[2021.12.06-07.22.28:767][  0]LogWindows: WindowsPlatformFeatures enabled
[2021.12.06-07.22.28:814][  0]LogInit: Physics initialised using underlying interface: PhysX
[2021.12.06-07.22.28:815][  0]LogInit: Using OS detected language (en-US).
[2021.12.06-07.22.28:815][  0]LogInit: Using OS detected locale (en-AU).
[2021.12.06-07.22.28:821][  0]LogTextLocalizationManager: No specific localization for 'en-US' exists, so the 'en' localization will be used.
[2021.12.06-07.22.28:981][  0]LogInit: Setting process to per monitor DPI aware
[2021.12.06-07.22.29:006][  0]LogSlate: New Slate User Created.  User Index 0, Is Virtual User: 0
[2021.12.06-07.22.29:006][  0]LogSlate: Slate User Registered.  User Index 0, Is Virtual User: 0
[2021.12.06-07.22.29:186][  0]LogHMD: Failed to initialize OpenVR with code 110
[2021.12.06-07.22.29:186][  0]LogD3D11RHI: D3D11 min allowed feature level: 11_0
[2021.12.06-07.22.29:186][  0]LogD3D11RHI: D3D11 max allowed feature level: 11_0
[2021.12.06-07.22.29:186][  0]LogD3D11RHI: D3D11 adapters:
[2021.12.06-07.22.29:298][  0]LogD3D11RHI:    0. 'NVIDIA GeForce GTX 1660 SUPER' (Feature Level 11_0)
[2021.12.06-07.22.29:298][  0]LogD3D11RHI:       5991/0/4071 MB DedicatedVideo/DedicatedSystem/SharedSystem, Outputs:2, VendorId:0x10de
[2021.12.06-07.22.29:300][  0]LogD3D11RHI:    1. 'Microsoft Basic Render Driver' (Feature Level 11_0)
[2021.12.06-07.22.29:300][  0]LogD3D11RHI:       0/0/4071 MB DedicatedVideo/DedicatedSystem/SharedSystem, Outputs:0, VendorId:0x1414
[2021.12.06-07.22.29:300][  0]LogD3D11RHI: Chosen D3D11 Adapter: 0
[2021.12.06-07.22.29:311][  0]LogD3D11RHI: Creating new Direct3DDevice
[2021.12.06-07.22.29:311][  0]LogD3D11RHI:     GPU DeviceId: 0x21c4 (for the marketing name, search the web for "GPU Device Id")
[2021.12.06-07.22.29:311][  0]LogWindows: EnumDisplayDevices:
[2021.12.06-07.22.29:312][  0]LogWindows:    0. 'NVIDIA GeForce GTX 1660 SUPER' (P:0 D:1)
[2021.12.06-07.22.29:312][  0]LogWindows:    1. 'NVIDIA GeForce GTX 1660 SUPER' (P:1 D:1)
[2021.12.06-07.22.29:312][  0]LogWindows:    2. 'NVIDIA GeForce GTX 1660 SUPER' (P:0 D:0)
[2021.12.06-07.22.29:312][  0]LogWindows:    3. 'NVIDIA GeForce GTX 1660 SUPER' (P:0 D:0)
[2021.12.06-07.22.29:312][  0]LogWindows: DebugString: FoundDriverCount:4 
[2021.12.06-07.22.29:312][  0]LogD3D11RHI:     Adapter Name: NVIDIA GeForce GTX 1660 SUPER
[2021.12.06-07.22.29:312][  0]LogD3D11RHI:   Driver Version: 461.09 (internal:27.21.14.6109, unified:461.09)
[2021.12.06-07.22.29:312][  0]LogD3D11RHI:      Driver Date: 12-31-2020
[2021.12.06-07.22.29:312][  0]LogRHI: Texture pool is 4193 MB (70% of 5991 MB)
[2021.12.06-07.22.29:391][  0]LogD3D11RHI: RHI has support for 64 bit atomics
[2021.12.06-07.22.29:391][  0]LogD3D11RHI: Async texture creation enabled
[2021.12.06-07.22.29:391][  0]LogD3D11RHI: Array index from any shader is supported
[2021.12.06-07.22.29:407][  0]LogD3D11RHI: GPU Timing Frequency: 1000.000000 (Debug: 2 1)
[2021.12.06-07.22.29:653][  0]LogTargetPlatformManager: Display: Loaded TargetPlatform 'AllDesktop'
[2021.12.06-07.22.29:677][  0]LogTargetPlatformManager: Display: Loaded TargetPlatform 'Android'
[2021.12.06-07.22.29:677][  0]LogTargetPlatformManager: Display: Loaded TargetPlatform 'Android_ASTC'
[2021.12.06-07.22.29:677][  0]LogTargetPlatformManager: Display: Loaded TargetPlatform 'Android_DXT'
[2021.12.06-07.22.29:677][  0]LogTargetPlatformManager: Display: Loaded TargetPlatform 'Android_ETC2'
[2021.12.06-07.22.29:677][  0]LogTargetPlatformManager: Display: Loaded TargetPlatform 'AndroidClient'
[2021.12.06-07.22.29:677][  0]LogTargetPlatformManager: Display: Loaded TargetPlatform 'Android_ASTCClient'
[2021.12.06-07.22.29:677][  0]LogTargetPlatformManager: Display: Loaded TargetPlatform 'Android_DXTClient'
[2021.12.06-07.22.29:677][  0]LogTargetPlatformManager: Display: Loaded TargetPlatform 'Android_ETC2Client'
[2021.12.06-07.22.29:677][  0]LogTargetPlatformManager: Display: Loaded TargetPlatform 'Android_Multi'
[2021.12.06-07.22.29:677][  0]LogTargetPlatformManager: Display: Loaded TargetPlatform 'Android_MultiClient'
[2021.12.06-07.22.29:702][  0]LogTargetPlatformManager: Display: Loaded TargetPlatform 'IOSClient'
[2021.12.06-07.22.29:702][  0]LogTargetPlatformManager: Display: Loaded TargetPlatform 'IOS'
[2021.12.06-07.22.29:713][  0]LogTargetPlatformManager: Display: Loaded TargetPlatform 'Linux'
[2021.12.06-07.22.29:722][  0]LogTargetPlatformManager: Display: Loaded TargetPlatform 'LinuxNoEditor'
[2021.12.06-07.22.29:732][  0]LogTargetPlatformManager: Display: Loaded TargetPlatform 'LinuxClient'
[2021.12.06-07.22.29:742][  0]LogTargetPlatformManager: Display: Loaded TargetPlatform 'LinuxServer'
[2021.12.06-07.22.29:753][  0]LogTargetPlatformManager: Display: Loaded TargetPlatform 'LinuxAArch64NoEditor'
[2021.12.06-07.22.29:763][  0]LogTargetPlatformManager: Display: Loaded TargetPlatform 'LinuxAArch64Client'
[2021.12.06-07.22.29:772][  0]LogTargetPlatformManager: Display: Loaded TargetPlatform 'LinuxAArch64Server'
[2021.12.06-07.22.29:799][  0]LogTargetPlatformManager: Display: Loaded TargetPlatform 'Lumin'
[2021.12.06-07.22.29:799][  0]LogTargetPlatformManager: Display: Loaded TargetPlatform 'LuminClient'
[2021.12.06-07.22.29:816][  0]LogTargetPlatformManager: Display: Loaded TargetPlatform 'TVOSClient'
[2021.12.06-07.22.29:816][  0]LogTargetPlatformManager: Display: Loaded TargetPlatform 'TVOS'
[2021.12.06-07.22.29:827][  0]LogTargetPlatformManager: Display: Loaded TargetPlatform 'WindowsNoEditor'
[2021.12.06-07.22.29:836][  0]LogTargetPlatformManager: Display: Loaded TargetPlatform 'Windows'
[2021.12.06-07.22.29:845][  0]LogTargetPlatformManager: Display: Loaded TargetPlatform 'WindowsClient'
[2021.12.06-07.22.29:854][  0]LogTargetPlatformManager: Display: Loaded TargetPlatform 'WindowsServer'
[2021.12.06-07.22.29:854][  0]LogTargetPlatformManager: Display: Building Assets For Windows
[2021.12.06-07.22.29:862][  0]LogAudioDebug: Display: Lib vorbis DLL was dynamically loaded.
[2021.12.06-07.22.29:927][  0]LogShaderCompilers: Guid format shader working directory is -23 characters bigger than the processId version (C:/Users/TechFast Australia/Documents/GitHub/Group_5_AIE_Assesment/Robot_Survival/Intermediate/Shaders/WorkingDirectory/19268/).
[2021.12.06-07.22.29:927][  0]LogShaderCompilers: Cleaned the shader compiler working directory 'C:/Users/TechFast Australia/AppData/Local/Temp/UnrealShaderWorkingDir/B8F01FDB4A3BB546ABBBF698BB95684F/'.
[2021.12.06-07.22.29:928][  0]LogXGEController: Cannot use XGE Controller as Incredibuild is not installed on this machine.
[2021.12.06-07.22.29:928][  0]LogShaderCompilers: Cannot use XGE Shader Compiler as Incredibuild is not installed on this machine.
[2021.12.06-07.22.29:928][  0]LogShaderCompilers: Display: Using Local Shader Compiler.
[2021.12.06-07.22.30:612][  0]LogDerivedDataCache: Display: Max Cache Size: 512 MB
[2021.12.06-07.22.30:677][  0]LogDerivedDataCache: Loaded boot cache 0.07s 76MB C:/Users/TechFast Australia/AppData/Local/UnrealEngine/4.25/DerivedDataCache/Boot.ddc.
[2021.12.06-07.22.30:677][  0]LogDerivedDataCache: Display: Loaded Boot cache: C:/Users/TechFast Australia/AppData/Local/UnrealEngine/4.25/DerivedDataCache/Boot.ddc
[2021.12.06-07.22.30:677][  0]LogDerivedDataCache: FDerivedDataBackendGraph:  Pak pak cache file C:/Users/TechFast Australia/Documents/GitHub/Group_5_AIE_Assesment/Robot_Survival/DerivedDataCache/DDC.ddp not found, will not use a pak cache.
[2021.12.06-07.22.30:677][  0]LogDerivedDataCache: Unable to find inner node Pak for hierarchical cache Hierarchy.
[2021.12.06-07.22.30:677][  0]LogDerivedDataCache: FDerivedDataBackendGraph:  CompressedPak pak cache file C:/Users/TechFast Australia/Documents/GitHub/Group_5_AIE_Assesment/Robot_Survival/DerivedDataCache/Compressed.ddp not found, will not use a pak cache.
[2021.12.06-07.22.30:677][  0]LogDerivedDataCache: Unable to find inner node CompressedPak for hierarchical cache Hierarchy.
[2021.12.06-07.22.30:688][  0]LogDerivedDataCache: Display: Pak cache opened for reading ../../../Engine/DerivedDataCache/Compressed.ddp.
[2021.12.06-07.22.30:688][  0]LogDerivedDataCache: FDerivedDataBackendGraph:  EnterprisePak pak cache file ../../../Enterprise/DerivedDataCache/Compressed.ddp not found, will not use a pak cache.
[2021.12.06-07.22.30:688][  0]LogDerivedDataCache: Unable to find inner node EnterprisePak for hierarchical cache Hierarchy.
[2021.12.06-07.22.30:689][  0]LogDerivedDataCache: Using Local data cache path C:/Users/TechFast Australia/AppData/Local/UnrealEngine/Common/DerivedDataCache: Writable
[2021.12.06-07.22.30:689][  0]LogDerivedDataCache: Shared data cache path not found in *engine.ini, will not use an Shared cache.
[2021.12.06-07.22.30:689][  0]LogDerivedDataCache: Unable to find inner node Shared for hierarchical cache Hierarchy.
[2021.12.06-07.22.30:736][  0]LogSlate: Using FreeType 2.10.0
[2021.12.06-07.22.30:737][  0]LogSlate: SlateFontServices - WITH_FREETYPE: 1, WITH_HARFBUZZ: 1
[2021.12.06-07.22.30:762][  0]LogAssetRegistry: FAssetRegistry took 0.0027 seconds to start up
[2021.12.06-07.22.30:985][  0]LogInit: Selected Device Profile: [Windows]
[2021.12.06-07.22.31:085][  0]LogMeshReduction: Using QuadricMeshReduction for automatic static mesh reduction
[2021.12.06-07.22.31:085][  0]LogMeshReduction: Using SimplygonMeshReduction for automatic skeletal mesh reduction
[2021.12.06-07.22.31:085][  0]LogMeshReduction: Using ProxyLODMeshReduction for automatic mesh merging
[2021.12.06-07.22.31:085][  0]LogMeshReduction: No distributed automatic mesh merging module available
[2021.12.06-07.22.31:085][  0]LogMeshMerging: No distributed automatic mesh merging module available
[2021.12.06-07.22.31:099][  0]LogNetVersion: Robot_Survival 1.0.0, NetCL: 13144385, EngineNetVer: 14, GameNetVer: 0 (Checksum: 1874618694)
[2021.12.06-07.22.31:489][  0]LogAISub: UAISubsystem::UAISubsystem AISubsystem (000001F24C350340), frame # 0
[2021.12.06-07.22.31:489][  0]LogAISub: UAISubsystem::UAISubsystem AIPerceptionSystem (000001F24C2991C0), frame # 0
[2021.12.06-07.22.31:491][  0]LogAISub: UAISubsystem::UAISubsystem EnvQueryManager (000001F24C2A7200), frame # 0
[2021.12.06-07.22.31:524][  0]LogPackageLocalizationCache: Processed 19 localized package path(s) for 1 prioritized culture(s) in 0.027634 seconds
[2021.12.06-07.22.31:528][  0]LogUObjectArray: 15917 objects as part of root set at end of initial load.
[2021.12.06-07.22.31:528][  0]LogUObjectAllocator: 3965568 out of 0 bytes used by permanent object pool.
[2021.12.06-07.22.31:528][  0]LogUObjectArray: CloseDisregardForGC: 0/0 objects in disregard for GC pool
[2021.12.06-07.22.31:847][  0]LogTcpMessaging: Initializing TcpMessaging bridge
[2021.12.06-07.22.31:851][  0]LogUdpMessaging: Initializing bridge on interface 0.0.0.0:0 to multicast group 230.0.0.1:6666.
[2021.12.06-07.22.31:851][  0]FUdpSocketBuilder: Failed to subscribe UdpMessageMulticastSocket to multicast group 230.0.0.1 on interface 0.0.0.0
[2021.12.06-07.22.31:851][  0]FUdpSocketBuilder: Failed to create and initialize socket UdpMessageMulticastSocket (last error: 0)
[2021.12.06-07.22.31:851][  0]LogUdpMessaging: Warning: StartTransport failed to create multicast socket on 0.0.0.0:0, joined to 230.0.0.1:6666 with TTL 1
[2021.12.06-07.22.31:926][  0]SourceControl: Source control is disabled
[2021.12.06-07.22.31:926][  0]SourceControl: Source control is disabled
[2021.12.06-07.22.31:929][  0]SourceControl: Source control is disabled
[2021.12.06-07.22.31:931][  0]SourceControl: Source control is disabled
[2021.12.06-07.22.31:937][  0]SourceControl: Source control is disabled
[2021.12.06-07.22.31:949][  0]LogVSAccessor: Display: Unable to create Visual Studio setup instance: 80040154
[2021.12.06-07.22.31:949][  0]LogVSAccessor: Display: Unable to create Visual Studio setup instance: 80040154
[2021.12.06-07.22.32:169][  0]LogAndroidPermission: UAndroidPermissionCallbackProxy::GetInstance
[2021.12.06-07.22.32:187][  0]LogAudioCaptureCore: Display: No Audio Capture implementations found. Audio input will be silent.
[2021.12.06-07.22.32:187][  0]LogAudioCaptureCore: Display: No Audio Capture implementations found. Audio input will be silent.
[2021.12.06-07.22.32:233][  0]LogOcInput: OculusInput pre-init called
[2021.12.06-07.22.32:247][  0]LogWindows: Failed to load 'OVRPlugin.dll' (GetLastError=126)
[2021.12.06-07.22.32:247][  0]LogWindows: File 'OVRPlugin.dll' does not exist
[2021.12.06-07.22.32:305][  0]LogEngine: Initializing Engine...
[2021.12.06-07.22.32:306][  0]LogHMD: Failed to initialize OpenVR with code 110
[2021.12.06-07.22.32:306][  0]LogMagicLeap: Warning: VR disabled because ZI is not enabled.  To enable, in the editor, Edit -> Project Settings -> Plugins -> Magic Leap Plugin -> Enable Zero Iteration
[2021.12.06-07.22.32:307][  0]LogStats: UGameplayTagsManager::InitializeManager -  0.000 s
[2021.12.06-07.22.32:426][  0]LogInit: Initializing FReadOnlyCVARCache
[2021.12.06-07.22.32:487][  0]LogAIModule: Creating AISystem for world Untitled
[2021.12.06-07.22.32:487][  0]LogAISub: UAISubsystem::UAISubsystem EnvQueryManager (000001F25077D200), frame # 0
[2021.12.06-07.22.32:487][  0]LogAISub: UAISubsystem::UAISubsystem AIPerceptionSystem (000001F25079E200), frame # 0
[2021.12.06-07.22.32:514][  0]LogAudioMixer: Display: Audio Mixer Platform Settings:
[2021.12.06-07.22.32:514][  0]LogAudioMixer: Display: 	Sample Rate:						  48000
[2021.12.06-07.22.32:514][  0]LogAudioMixer: Display: 	Callback Buffer Frame Size Requested: 1024
[2021.12.06-07.22.32:514][  0]LogAudioMixer: Display: 	Callback Buffer Frame Size To Use:	  1024
[2021.12.06-07.22.32:514][  0]LogAudioMixer: Display: 	Number of buffers to queue:			  2
[2021.12.06-07.22.32:514][  0]LogAudioMixer: Display: 	Max Channels (voices):				  32
[2021.12.06-07.22.32:514][  0]LogAudioMixer: Display: 	Number of Async Source Workers:		  0
[2021.12.06-07.22.32:514][  0]LogAudio: Display: AudioDevice MaxSources: 32
[2021.12.06-07.22.32:514][  0]LogAudio: Display: Using built-in audio occlusion.
[2021.12.06-07.22.32:514][  0]LogAudioMixer: Display: Initializing audio mixer.
[2021.12.06-07.22.32:566][  0]LogAudioMixer: Display: 0: FrontLeft
[2021.12.06-07.22.32:566][  0]LogAudioMixer: Display: 1: FrontRight
[2021.12.06-07.22.32:610][  0]LogAudioMixer: Display: Using Audio Device Speakers (HyperX Quadcast)
[2021.12.06-07.22.32:613][  0]LogAudioMixer: Display: Initializing Sound Submixes...
[2021.12.06-07.22.32:615][  0]LogAudioMixer: Display: Creating Master Submix 'MasterSubmixDefault'
[2021.12.06-07.22.32:615][  0]LogAudioMixer: Display: Creating Master Submix 'MasterReverbSubmixDefault'
[2021.12.06-07.22.32:616][  0]LogAudioMixer: Display: Creating Master Submix 'MasterEQSubmixDefault'
[2021.12.06-07.22.32:617][  0]LogInit: FAudioDevice initialized.
[2021.12.06-07.22.32:617][  0]LogNetVersion: Set ProjectVersion to 1.0.0.0. Version Checksum will be recalculated on next use.
[2021.12.06-07.22.32:695][  0]LogDerivedDataCache: Saved boot cache 0.08s 76MB C:/Users/TechFast Australia/AppData/Local/UnrealEngine/4.25/DerivedDataCache/Boot.ddc.
[2021.12.06-07.22.32:696][  0]LogInit: Texture streaming: Enabled
[2021.12.06-07.22.32:711][  0]LogEngineSessionManager: EngineSessionManager initialized
[2021.12.06-07.22.32:711][  0]LogEditorSessionSummary: Verbose: Initializing EditorSessionSummaryWriter for editor session tracking
[2021.12.06-07.22.32:712][  0]LogEditorSessionSummary: EditorSessionSummaryWriter initialized
[2021.12.06-07.22.32:786][  0]LogInit: Transaction tracking system initialized
[2021.12.06-07.22.32:806][  0]BlueprintLog: New page: Editor Load
[2021.12.06-07.22.32:868][  0]LocalizationService: Localization service is disabled
[2021.12.06-07.22.33:011][  0]LogSlate: Took 0.000196 seconds to synchronously load lazily loaded font '../../../Engine/Content/Slate/Fonts/Roboto-Regular.ttf' (155K)
[2021.12.06-07.22.33:153][  0]LogUdpMessaging: Warning: UDP messaging encountered an error. Auto repair routine started for reinitialization
[2021.12.06-07.22.36:066][  0]LogSlate: Window 'Low drive space warning' being destroyed
[2021.12.06-07.22.36:066][  0]LogWindowsTextInputMethodSystem: Display: IME system now deactivated.
[2021.12.06-07.22.36:071][  0]Message dialog closed, result: Ok, title: Low drive space warning, text: The following drive locations have limited free space.
It is recommended that you free some space to avoid issues such as crashed and data loss due to files not being able to be written and saved.

  101 MB Free 		 C:/Users/TechFast Australia/Documents/GitHub/Group_5_AIE_Assesment/Robot_Survival/
 				 The project directory. 

  101 MB Free 		 C:/Users/TechFast Australia/Documents/
 				 User directory where user specific settings are stored. 

[2021.12.06-07.22.36:072][  0]LogVSAccessor: Display: Unable to create Visual Studio setup instance: 80040154
[2021.12.06-07.22.36:073][  0]LogVSAccessor: Display: Unable to create Visual Studio setup instance: 80040154
[2021.12.06-07.22.36:247][  0]LogCook: Display: Max memory allowance for cook 16384mb min free memory 0mb
[2021.12.06-07.22.36:247][  0]LogCook: Display: Mobile HDR setting 1
[2021.12.06-07.22.36:373][  0]LogFileCache: Scanning file cache for directory 'C:/Users/TechFast Australia/Documents/GitHub/Group_5_AIE_Assesment/Robot_Survival/Content/' took 0.03s
[2021.12.06-07.22.36:568][  0]SourceControl: Source control is disabled
[2021.12.06-07.22.36:568][  0]LogUnrealEdMisc: Loading editor; pre map load, took 9.741
[2021.12.06-07.22.36:568][  0]Cmd: MAP LOAD FILE="C:/Users/TechFast Australia/Documents/GitHub/Group_5_AIE_Assesment/Robot_Survival/Content/FirstPersonBP/Maps/FirstPersonExampleMap.umap" TEMPLATE=0 SHOWPROGRESS=1 FEATURELEVEL=3
[2021.12.06-07.22.36:569][  0]LightingResults: New page: Lighting Build
[2021.12.06-07.22.36:570][  0]LogWorld: UWorld::CleanupWorld for Untitled, bSessionEnded=true, bCleanupResources=true
[2021.12.06-07.22.36:570][  0]LogSlate: InvalidateAllWidgets triggered.  All widgets were invalidated
[2021.12.06-07.22.36:570][  0]MapCheck: New page: Map Check
[2021.12.06-07.22.36:570][  0]LightingResults: New page: Lighting Build
[2021.12.06-07.22.36:580][  0]LogAISub: UAISubsystem::~UAISubsystem EnvQueryManager (000001F25077D200), frame # 0
[2021.12.06-07.22.36:580][  0]LogAISub: UAISubsystem::~UAISubsystem AIPerceptionSystem (000001F25079E200), frame # 0
[2021.12.06-07.22.36:580][  0]LogUObjectHash: Compacting FUObjectHashTables data took   0.69ms
[2021.12.06-07.22.39:232][  0]LogAIModule: Creating AISystem for world FirstPersonExampleMap
[2021.12.06-07.22.39:232][  0]LogAISub: UAISubsystem::UAISubsystem EnvQueryManager (000001F246B55000), frame # 0
[2021.12.06-07.22.39:232][  0]LogAISub: UAISubsystem::UAISubsystem AIPerceptionSystem (000001F246B6AE80), frame # 0
[2021.12.06-07.22.39:491][  0]LogEditorServer: Finished looking for orphan Actors (0.000 secs)
[2021.12.06-07.22.39:530][  0]LogUObjectHash: Compacting FUObjectHashTables data took   0.80ms
[2021.12.06-07.22.39:531][  0]Cmd: MAP CHECKDEP NOCLEARLOG
[2021.12.06-07.22.39:531][  0]MapCheck: Map check complete: 0 Error(s), 0 Warning(s), took 0.184ms to complete.
[2021.12.06-07.22.39:531][  0]LogFileHelpers: Loading map 'FirstPersonExampleMap' took 2.964
[2021.12.06-07.22.39:534][  0]LogUnrealEdMisc: Total Editor Startup Time, took 12.708
[2021.12.06-07.22.39:609][  0]LogWindowsTextInputMethodSystem: Display: IME system now deactivated.
[2021.12.06-07.22.40:154][  0]LogSlate: Updating window title bar state: overlay mode, drag disabled, window buttons hidden, title bar hidden
[2021.12.06-07.22.40:164][  0]LogSlate: Updating window title bar state: overlay mode, drag disabled, window buttons hidden, title bar hidden
[2021.12.06-07.22.40:170][  0]LogSlate: Updating window title bar state: overlay mode, drag disabled, window buttons hidden, title bar hidden
[2021.12.06-07.22.40:176][  0]LogSlate: Updating window title bar state: overlay mode, drag disabled, window buttons hidden, title bar hidden
[2021.12.06-07.22.40:230][  0]LogCollectionManager: Loaded 0 collections in 0.001704 seconds
[2021.12.06-07.22.40:399][  0]LogFileCache: Scanning file cache for directory 'C:/Users/TechFast Australia/Documents/GitHub/Group_5_AIE_Assesment/Robot_Survival/Saved/Collections/' took 0.00s
[2021.12.06-07.22.40:399][  0]LogFileCache: Scanning file cache for directory 'C:/Users/TechFast Australia/Documents/GitHub/Group_5_AIE_Assesment/Robot_Survival/Content/Developers/TechFastAustralia/Collections/' took 0.00s
[2021.12.06-07.22.40:399][  0]LogFileCache: Scanning file cache for directory 'C:/Users/TechFast Australia/Documents/GitHub/Group_5_AIE_Assesment/Robot_Survival/Content/Collections/' took 0.00s
[2021.12.06-07.22.40:399][  0]LogContentBrowser: Native class hierarchy populated in 0.0110 seconds. Added 3427 classes and 821 folders.
[2021.12.06-07.22.40:545][  0]LogContentBrowser: Native class hierarchy updated for 'WidgetCarousel' in 0.0003 seconds. Added 0 classes and 0 folders.
[2021.12.06-07.22.41:638][  0]LogContentBrowser: Native class hierarchy updated for 'AddContentDialog' in 0.0004 seconds. Added 0 classes and 0 folders.
[2021.12.06-07.22.41:683][  0]LogContentBrowser: Native class hierarchy updated for 'SceneOutliner' in 0.0004 seconds. Added 2 classes and 0 folders.
[2021.12.06-07.22.42:094][  0]LogSlate: Took 0.000307 seconds to synchronously load lazily loaded font '../../../Engine/Content/Slate/Fonts/Roboto-Bold.ttf' (160K)
[2021.12.06-07.22.42:146][  0]LogSlate: Took 0.014581 seconds to synchronously load lazily loaded font '../../../Engine/Content/Editor/Slate/Fonts/FontAwesome.ttf' (139K)
[2021.12.06-07.22.42:515][  0]LogRenderer: Reallocating scene render targets to support 1212x576 Format 10 NumSamples 1 (Frame:1).
[2021.12.06-07.22.43:100][  0]LogContentBrowser: Native class hierarchy updated for 'HierarchicalLODOutliner' in 0.0003 seconds. Added 0 classes and 0 folders.
[2021.12.06-07.22.43:100][  0]LogLoad: (Engine Initialization) Total time: 16.27 seconds
[2021.12.06-07.22.43:101][  0]LogLoad: (Engine Initialization) Total Blueprint compile time: 0.00 seconds
[2021.12.06-07.22.43:164][  0]LogAssetRegistry: Asset discovery search completed in 12.4040 seconds
[2021.12.06-07.22.43:168][  0]LogCollectionManager: Fixed up redirectors for 0 collections in 0.000002 seconds (updated 0 objects)
[2021.12.06-07.22.43:191][  0]LogContentStreaming: Texture pool size now 1000 MB
[2021.12.06-07.22.43:661][  0]LogSlate: Took 0.019174 seconds to synchronously load lazily loaded font '../../../Engine/Content/Slate/Fonts/Roboto-Light.ttf' (167K)
[2021.12.06-07.22.44:291][ 37]FUdpSocketBuilder: Failed to subscribe UdpMessageMulticastSocket to multicast group 230.0.0.1 on interface 0.0.0.0
[2021.12.06-07.22.44:291][ 37]FUdpSocketBuilder: Failed to create and initialize socket UdpMessageMulticastSocket (last error: 0)
[2021.12.06-07.22.44:291][ 37]LogUdpMessaging: Warning: StartTransport failed to create multicast socket on 0.0.0.0:0, joined to 230.0.0.1:6666 with TTL 1
[2021.12.06-07.22.44:306][ 37]LogUdpMessaging: Warning: UDP messaging encountered an error. Auto repair routine started for reinitialization
[2021.12.06-07.22.44:322][ 37]LogSlate: Took 0.000237 seconds to synchronously load lazily loaded font '../../../Engine/Content/Slate/Fonts/Roboto-Light.ttf' (167K)
[2021.12.06-07.22.46:399][145]FUdpSocketBuilder: Failed to subscribe UdpMessageMulticastSocket to multicast group 230.0.0.1 on interface 0.0.0.0
[2021.12.06-07.22.46:399][145]FUdpSocketBuilder: Failed to create and initialize socket UdpMessageMulticastSocket (last error: 0)
[2021.12.06-07.22.46:399][145]LogUdpMessaging: Warning: StartTransport failed to create multicast socket on 0.0.0.0:0, joined to 230.0.0.1:6666 with TTL 1
[2021.12.06-07.22.46:415][147]LogUdpMessaging: Warning: UDP messaging encountered an error. Auto repair routine started for reinitialization
[2021.12.06-07.22.47:605][225]FUdpSocketBuilder: Failed to subscribe UdpMessageMulticastSocket to multicast group 230.0.0.1 on interface 0.0.0.0
[2021.12.06-07.22.47:606][225]FUdpSocketBuilder: Failed to create and initialize socket UdpMessageMulticastSocket (last error: 0)
[2021.12.06-07.22.47:606][225]LogUdpMessaging: Warning: StartTransport failed to create multicast socket on 0.0.0.0:0, joined to 230.0.0.1:6666 with TTL 1
[2021.12.06-07.22.47:621][227]LogUdpMessaging: Warning: UDP messaging encountered an error. Auto repair routine started for reinitialization
[2021.12.06-07.22.49:812][463]FUdpSocketBuilder: Failed to subscribe UdpMessageMulticastSocket to multicast group 230.0.0.1 on interface 0.0.0.0
[2021.12.06-07.22.49:812][463]FUdpSocketBuilder: Failed to create and initialize socket UdpMessageMulticastSocket (last error: 0)
[2021.12.06-07.22.49:812][463]LogUdpMessaging: Warning: StartTransport failed to create multicast socket on 0.0.0.0:0, joined to 230.0.0.1:6666 with TTL 1
[2021.12.06-07.22.49:828][465]LogUdpMessaging: Warning: UDP messaging encountered an error. Auto repair routine started for reinitialization
[2021.12.06-07.22.52:018][698]FUdpSocketBuilder: Failed to subscribe UdpMessageMulticastSocket to multicast group 230.0.0.1 on interface 0.0.0.0
[2021.12.06-07.22.52:018][698]FUdpSocketBuilder: Failed to create and initialize socket UdpMessageMulticastSocket (last error: 0)
[2021.12.06-07.22.52:018][698]LogUdpMessaging: Warning: StartTransport failed to create multicast socket on 0.0.0.0:0, joined to 230.0.0.1:6666 with TTL 1
[2021.12.06-07.22.52:032][700]LogUdpMessaging: Warning: UDP messaging encountered an error. Auto repair routine started for reinitialization
[2021.12.06-07.22.53:614][855]LogUnrealMath: Error: FMatrix::InverseFast(), trying to invert a non-invertible matrix, this results in NaNs! Use Inverse() instead.
[2021.12.06-07.22.55:317][856]LogStats: FPlatformStackWalk::StackWalkAndDump -  1.660 s
[2021.12.06-07.22.55:317][856]LogOutputDevice: Error: === Handled ensure: ===
[2021.12.06-07.22.55:317][856]LogOutputDevice: Error: 
[2021.12.06-07.22.55:317][856]LogOutputDevice: Error: Ensure condition failed: false [File:D:/Build/++UE4/Sync/Engine/Source/Runtime/Core/Private/Math/Matrix.cpp] [Line: 8]
[2021.12.06-07.22.55:317][856]LogOutputDevice: Error: FMatrix::InverseFast(), trying to invert a non-invertible matrix, this results in NaNs! Use Inverse() instead.
[2021.12.06-07.22.55:317][856]LogOutputDevice: Error: Stack: 
[2021.12.06-07.22.55:317][856]LogOutputDevice: Error: [Callstack] 0x00007ff90cd94bb6 UE4Editor-Core.dll!UnknownFunction []
[2021.12.06-07.22.55:317][856]LogOutputDevice: Error: [Callstack] 0x00007ff90c768c08 UE4Editor-Core.dll!UnknownFunction []
[2021.12.06-07.22.55:317][856]LogOutputDevice: Error: [Callstack] 0x00007ff90987324b UE4Editor-Engine.dll!UnknownFunction []
[2021.12.06-07.22.55:317][856]LogOutputDevice: Error: [Callstack] 0x00007ff90a797bd4 UE4Editor-Engine.dll!UnknownFunction []
[2021.12.06-07.22.55:317][856]LogOutputDevice: Error: [Callstack] 0x00007ff90a7751df UE4Editor-Engine.dll!UnknownFunction []
[2021.12.06-07.22.55:317][856]LogOutputDevice: Error: [Callstack] 0x00007ff90a790b9e UE4Editor-Engine.dll!UnknownFunction []
[2021.12.06-07.22.55:317][856]LogOutputDevice: Error: [Callstack] 0x00007ff90a78eb69 UE4Editor-Engine.dll!UnknownFunction []
[2021.12.06-07.22.55:317][856]LogOutputDevice: Error: [Callstack] 0x00007ff90110e0f3 UE4Editor-Renderer.dll!UnknownFunction []
[2021.12.06-07.22.55:317][856]LogOutputDevice: Error: [Callstack] 0x00007ff9010fdf0b UE4Editor-Renderer.dll!UnknownFunction []
[2021.12.06-07.22.55:317][856]LogOutputDevice: Error: [Callstack] 0x00007ff901112b89 UE4Editor-Renderer.dll!UnknownFunction []
[2021.12.06-07.22.55:317][856]LogOutputDevice: Error: [Callstack] 0x00007ff900b26864 UE4Editor-Renderer.dll!UnknownFunction []
[2021.12.06-07.22.55:317][856]LogOutputDevice: Error: [Callstack] 0x00007ff9010b6e41 UE4Editor-Renderer.dll!UnknownFunction []
[2021.12.06-07.22.55:317][856]LogOutputDevice: Error: [Callstack] 0x00007ff9010a0a58 UE4Editor-Renderer.dll!UnknownFunction []
[2021.12.06-07.22.55:317][856]LogOutputDevice: Error: [Callstack] 0x00007ff9010a36bd UE4Editor-Renderer.dll!UnknownFunction []
[2021.12.06-07.22.55:317][856]LogOutputDevice: Error: [Callstack] 0x00007ff90c5b87d8 UE4Editor-Core.dll!UnknownFunction []
[2021.12.06-07.22.55:317][856]LogOutputDevice: Error: [Callstack] 0x00007ff90c5b8aa3 UE4Editor-Core.dll!UnknownFunction []
[2021.12.06-07.22.55:317][856]LogOutputDevice: Error: [Callstack] 0x00007ff934eef892 UE4Editor-RenderCore.dll!UnknownFunction []
[2021.12.06-07.22.55:317][856]LogOutputDevice: Error: [Callstack] 0x00007ff934ef53d4 UE4Editor-RenderCore.dll!UnknownFunction []
[2021.12.06-07.22.55:317][856]LogOutputDevice: Error: [Callstack] 0x00007ff90caa04db UE4Editor-Core.dll!UnknownFunction []
[2021.12.06-07.22.55:317][856]LogOutputDevice: Error: [Callstack] 0x00007ff90ca97eb0 UE4Editor-Core.dll!UnknownFunction []
[2021.12.06-07.22.55:317][856]LogOutputDevice: Error: [Callstack] 0x00007ff978a47034 KERNEL32.DLL!UnknownFunction []
[2021.12.06-07.22.55:317][856]LogOutputDevice: Error: [Callstack] 0x00007ff978e62651 ntdll.dll!UnknownFunction []
[2021.12.06-07.22.55:317][856]LogOutputDevice: Error: 
[2021.12.06-07.22.55:317][856]LogStats:                SubmitErrorReport -  0.000 s
[2021.12.06-07.23.04:889][856]LogStats:                    SendNewReport -  9.572 s
[2021.12.06-07.23.04:889][856]LogStats:             FDebug::EnsureFailed - 11.233 s
[2021.12.06-07.23.04:894][856]LogUnrealMath: Error: FMatrix::InverseFast(), trying to invert a non-invertible matrix, this results in NaNs! Use Inverse() instead.
[2021.12.06-07.23.04:927][856]LogUnrealMath: Error: FMatrix::InverseFast(), trying to invert a non-invertible matrix, this results in NaNs! Use Inverse() instead.
[2021.12.06-07.23.04:929][856]LogUnrealMath: Error: FMatrix::InverseFast(), trying to invert a non-invertible matrix, this results in NaNs! Use Inverse() instead.
[2021.12.06-07.23.05:172][856]LogEditorViewport: Clicking on Actor (LMB): StaticMeshActor (Floor)
[2021.12.06-07.23.05:715][856]LogUnrealMath: Error: FMatrix::InverseFast(), trying to invert a non-invertible matrix, this results in NaNs! Use Inverse() instead.
[2021.12.06-07.23.05:719][856]LogUnrealMath: Error: FMatrix::InverseFast(), trying to invert a non-invertible matrix, this results in NaNs! Use Inverse() instead.
[2021.12.06-07.23.05:784][856]LogEditorViewport: Clicking on Actor (LMB): StaticMeshActor (Floor)
[2021.12.06-07.23.05:814][856]LogUnrealMath: Error: FMatrix::InverseFast(), trying to invert a non-invertible matrix, this results in NaNs! Use Inverse() instead.
[2021.12.06-07.23.05:816][856]LogUnrealMath: Error: FMatrix::InverseFast(), trying to invert a non-invertible matrix, this results in NaNs! Use Inverse() instead.
[2021.12.06-07.23.06:025][856]LogEditorViewport: Clicking on Actor (LMB): StaticMeshActor (Floor)
[2021.12.06-07.23.06:027][856]LogUnrealMath: Error: FMatrix::InverseFast(), trying to invert a non-invertible matrix, this results in NaNs! Use Inverse() instead.
[2021.12.06-07.23.06:031][856]LogUnrealMath: Error: FMatrix::InverseFast(), trying to invert a non-invertible matrix, this results in NaNs! Use Inverse() instead.
[2021.12.06-07.23.06:063][856]LogEditorViewport: Clicking on Component (LMB): StaticMeshComponent (StaticMeshComponent0)
[2021.12.06-07.23.06:083][856]LogTemp: Resetting audio stream to device id 
[2021.12.06-07.23.06:104][856]LogAudioMixer: Display: 0: FrontLeft
[2021.12.06-07.23.06:104][856]LogAudioMixer: Display: 1: FrontRight
[2021.12.06-07.23.06:795][857]FUdpSocketBuilder: Failed to subscribe UdpMessageMulticastSocket to multicast group 230.0.0.1 on interface 0.0.0.0
[2021.12.06-07.23.06:795][857]FUdpSocketBuilder: Failed to create and initialize socket UdpMessageMulticastSocket (last error: 0)
[2021.12.06-07.23.06:796][857]LogUdpMessaging: Warning: StartTransport failed to create multicast socket on 0.0.0.0:0, joined to 230.0.0.1:6666 with TTL 1
[2021.12.06-07.23.06:834][857]LogUdpMessaging: Warning: UDP messaging encountered an error. Auto repair routine started for reinitialization
[2021.12.06-07.23.09:403][ 33]FUdpSocketBuilder: Failed to subscribe UdpMessageMulticastSocket to multicast group 230.0.0.1 on interface 0.0.0.0
[2021.12.06-07.23.09:403][ 33]FUdpSocketBuilder: Failed to create and initialize socket UdpMessageMulticastSocket (last error: 0)
[2021.12.06-07.23.09:403][ 33]LogUdpMessaging: Warning: StartTransport failed to create multicast socket on 0.0.0.0:0, joined to 230.0.0.1:6666 with TTL 1
[2021.12.06-07.23.09:420][ 35]LogUdpMessaging: Warning: UDP messaging encountered an error. Auto repair routine started for reinitialization
[2021.12.06-07.23.11:613][251]FUdpSocketBuilder: Failed to subscribe UdpMessageMulticastSocket to multicast group 230.0.0.1 on interface 0.0.0.0
[2021.12.06-07.23.11:613][251]FUdpSocketBuilder: Failed to create and initialize socket UdpMessageMulticastSocket (last error: 0)
[2021.12.06-07.23.11:613][251]LogUdpMessaging: Warning: StartTransport failed to create multicast socket on 0.0.0.0:0, joined to 230.0.0.1:6666 with TTL 1
[2021.12.06-07.23.11:624][252]LogUdpMessaging: Warning: UDP messaging encountered an error. Auto repair routine started for reinitialization
[2021.12.06-07.23.12:264][289]LogAssetEditorSubsystem: Opening Asset editor for Blueprint /Game/FirstPersonBP/Blueprints/FirstPersonCharacter.FirstPersonCharacter
[2021.12.06-07.23.12:841][289]LogContentBrowser: Native class hierarchy updated for 'BlueprintGraph' in 0.0006 seconds. Added 125 classes and 0 folders.
[2021.12.06-07.23.14:191][289]LogSlate: Took 0.000234 seconds to synchronously load lazily loaded font '../../../Engine/Content/Slate/Fonts/Roboto-BoldCondensed.ttf' (158K)
[2021.12.06-07.23.14:776][290]LogSlate: Took 0.020526 seconds to synchronously load lazily loaded font '../../../Engine/Content/Slate/Fonts/Roboto-Italic.ttf' (157K)
[2021.12.06-07.23.14:924][291]FUdpSocketBuilder: Failed to subscribe UdpMessageMulticastSocket to multicast group 230.0.0.1 on interface 0.0.0.0
[2021.12.06-07.23.14:925][291]FUdpSocketBuilder: Failed to create and initialize socket UdpMessageMulticastSocket (last error: 0)
[2021.12.06-07.23.14:925][291]LogUdpMessaging: Warning: StartTransport failed to create multicast socket on 0.0.0.0:0, joined to 230.0.0.1:6666 with TTL 1
[2021.12.06-07.23.14:943][292]LogUdpMessaging: Warning: UDP messaging encountered an error. Auto repair routine started for reinitialization
[2021.12.06-07.23.16:931][407]FUdpSocketBuilder: Failed to subscribe UdpMessageMulticastSocket to multicast group 230.0.0.1 on interface 0.0.0.0
[2021.12.06-07.23.16:931][407]FUdpSocketBuilder: Failed to create and initialize socket UdpMessageMulticastSocket (last error: 0)
[2021.12.06-07.23.16:931][407]LogUdpMessaging: Warning: StartTransport failed to create multicast socket on 0.0.0.0:0, joined to 230.0.0.1:6666 with TTL 1
[2021.12.06-07.23.17:248][407]LogUdpMessaging: Warning: UDP messaging encountered an error. Auto repair routine started for reinitialization
[2021.12.06-07.23.17:783][422]LogRenderer: Reallocating scene render targets to support 1392x728 Format 10 NumSamples 1 (Frame:1).
[2021.12.06-07.23.17:793][423]LogUnrealMath: Error: FMatrix::InverseFast(), trying to invert a non-invertible matrix, this results in NaNs! Use Inverse() instead.
[2021.12.06-07.23.17:825][424]LogD3D11RHI: Error: Direct3DDevice->CreateTexture2D(TextureDesc,SubResourceData,OutTexture2D) failed 
 at D:/Build/++UE4/Sync/Engine/Source/Runtime/Windows/D3D11RHI/Private/D3D11Texture.cpp:480 
 with error E_OUTOFMEMORY, 
 Size=1392x728x1 PF=14 D3DFormat=DXGI_FORMAT_R16G16_UNORM(0x00000023), NumMips=1, Flags=D3D11_BIND_RENDER_TARGET D3D11_BIND_SHADER_RESOURCE D3D11_BIND_UNORDERED_ACCESS , Usage:0x0, CPUFlags:0x0, MiscFlags:0x0, SampleCount:0x1, SampleQuality:0x0, SubresPtr:0x0000000000000000, SubresPitch:0, SubresSlicePitch:0
[2021.12.06-07.23.24:472][424]LogConsoleResponse:    136 = 32768 KB (2D 8192x2048 PF_ShadowDepth) WholeSceneShadowmap
[2021.12.06-07.23.24:472][424]LogConsoleResponse:    108 = 24576 KB (2D 6144x2048 PF_ShadowDepth) WholeSceneShadowmap
[2021.12.06-07.23.24:472][424]LogConsoleResponse:     55 = 8192 KB (3D 256x128x32 PF_FloatRGBA RT) AtmosphereDeltaJ
[2021.12.06-07.23.24:472][424]LogConsoleResponse:     54 = 8192 KB (3D 256x128x32 PF_FloatRGBA RT) AtmosphereDeltaSM
[2021.12.06-07.23.24:472][424]LogConsoleResponse:     53 = 8192 KB (3D 256x128x32 PF_FloatRGBA RT) AtmosphereDeltaSR
[2021.12.06-07.23.24:472][424]LogConsoleResponse:     52 = 8192 KB (3D 256x128x32 PF_FloatRGBA RT) AtmosphereInscatter
[2021.12.06-07.23.24:472][424]LogConsoleResponse:    114 = 7917 KB (2D 1392x728 PF_FloatRGBA RT UAV VRam) SceneColorDeferred VRamInKB(Start/Size):<NONE>
[2021.12.06-07.23.24:472][424]LogConsoleResponse:    106 = 7917 KB (2D 1392x728 PF_FloatRGBA RT UAV) LightAccumulation
[2021.12.06-07.23.24:472][424]LogConsoleResponse:    120 = 7917 KB (2D 1392x728 PF_FloatRGBA RT VRam) SceneColor VRamInKB(Start/Size):<NONE>
[2021.12.06-07.23.24:472][424]LogConsoleResponse:     62 = 5454 KB (2D 1212x576 PF_FloatRGBA UAV) TemporalAA
[2021.12.06-07.23.24:472][424]LogConsoleResponse:    119 = 4949 KB (2D 1392x728 PF_DepthStencil 4xMSAA) EditorPrimitivesDepth
[2021.12.06-07.23.24:472][424]LogConsoleResponse:    135 = 4949 KB (2D 1392x728 PF_DepthStencil 4xMSAA) SelectionOutline
[2021.12.06-07.23.24:472][424]LogConsoleResponse:     97 = 4949 KB (2D 1392x728 PF_DepthStencil VRam) SceneDepthZ VRamInKB(Start/Size):<NONE>
[2021.12.06-07.23.24:472][424]LogConsoleResponse:    109 = 3959 KB (2D 1392x728 PF_A2B10G10R10 RT) GBufferA
[2021.12.06-07.23.24:472][424]LogConsoleResponse:    118 = 3959 KB (2D 1392x728 PF_B8G8R8A8 RT 4xMSAA) EditorPrimitivesColor
[2021.12.06-07.23.24:472][424]LogConsoleResponse:    111 = 3959 KB (2D 1392x728 PF_B8G8R8A8 RT sRGB) GBufferC
[2021.12.06-07.23.24:472][424]LogConsoleResponse:    134 = 3959 KB (2D 1392x728 PF_B8G8R8A8 RT VRam) FXAA VRamInKB(Start/Size):<NONE>
[2021.12.06-07.23.24:472][424]LogConsoleResponse:    110 = 3959 KB (2D 1392x728 PF_B8G8R8A8 RT VRam) GBufferB VRamInKB(Start/Size):<NONE>
[2021.12.06-07.23.24:472][424]LogConsoleResponse:    115 = 3959 KB (2D 1392x728 PF_B8G8R8A8 RT VRam) ScreenShadowMaskTexture VRamInKB(Start/Size):<NONE>
[2021.12.06-07.23.24:472][424]LogConsoleResponse:    133 = 3959 KB (2D 1392x728 PF_B8G8R8A8 RT VRam) SelectionOutlineColor VRamInKB(Start/Size):<NONE>
[2021.12.06-07.23.24:472][424]LogConsoleResponse:    112 = 3959 KB (2D 1392x728 PF_B8G8R8A8 RT) GBufferD
[2021.12.06-07.23.24:472][424]LogConsoleResponse:    113 = 3959 KB (2D 1392x728 PF_B8G8R8A8 RT) GBufferE
[2021.12.06-07.23.24:472][424]LogConsoleResponse:     98 = 2475 KB (2D 696x364 PF_DepthStencil) SmallDepthZ
[2021.12.06-07.23.24:472][424]LogConsoleResponse:    100 = 2048 KB (3D 64x64x64 PF_FloatRGBA RT UAV) TranslucentVolume0
[2021.12.06-07.23.24:472][424]LogConsoleResponse:    102 = 2048 KB (3D 64x64x64 PF_FloatRGBA RT UAV) TranslucentVolume1
[2021.12.06-07.23.24:472][424]LogConsoleResponse:    104 = 2048 KB (3D 64x64x64 PF_FloatRGBA RT UAV) TranslucentVolume2
[2021.12.06-07.23.24:472][424]LogConsoleResponse:    101 = 2048 KB (3D 64x64x64 PF_FloatRGBA RT UAV) TranslucentVolumeDir0
[2021.12.06-07.23.24:472][424]LogConsoleResponse:    103 = 2048 KB (3D 64x64x64 PF_FloatRGBA RT UAV) TranslucentVolumeDir1
[2021.12.06-07.23.24:472][424]LogConsoleResponse:    105 = 2048 KB (3D 64x64x64 PF_FloatRGBA RT UAV) TranslucentVolumeDir2
[2021.12.06-07.23.24:472][424]LogConsoleResponse:    107 = 1980 KB (2D 1392x364 PF_R32_UINT RT UAV) QuadOverdrawBuffer
[2021.12.06-07.23.24:472][424]LogConsoleResponse:     86 = 1024 KB (Cube[1] 128 PF_FloatRGBA) ReflectionEnvs
[2021.12.06-07.23.24:472][424]LogConsoleResponse:     99 = 990 KB (2D 1392x728 PF_G8 RT UAV) ScreenSpaceAO
[2021.12.06-07.23.24:472][424]LogConsoleResponse:    132 = 990 KB (2D 696x364 PF_FloatRGB RT VRam) BloomX VRamInKB(Start/Size):<NONE>
[2021.12.06-07.23.24:472][424]LogConsoleResponse:    121 = 990 KB (2D 696x364 PF_FloatRGB RT VRam) BloomY VRamInKB(Start/Size):<NONE>
[2021.12.06-07.23.24:472][424]LogConsoleResponse:    137 = 342 KB (2D 512x256 PF_R16F UAV VRam) HZBFurthest VRamInKB(Start/Size):<NONE>
[2021.12.06-07.23.24:472][424]LogConsoleResponse:     21 = 256 KB (2D 256x256 PF_B8G8R8A8) HZBResultsCPU
[2021.12.06-07.23.24:472][424]LogConsoleResponse:     96 = 256 KB (2D 256x256 PF_B8G8R8A8) HZBResultsCPU
[2021.12.06-07.23.24:472][424]LogConsoleResponse:     20 = 256 KB (2D 256x256 PF_B8G8R8A8) HZBResultsCPU
[2021.12.06-07.23.24:472][424]LogConsoleResponse:     22 = 256 KB (2D 256x256 PF_B8G8R8A8) HZBResultsCPU
[2021.12.06-07.23.24:472][424]LogConsoleResponse:     23 = 256 KB (2D 256x256 PF_B8G8R8A8) HZBResultsCPU
[2021.12.06-07.23.24:472][424]LogConsoleResponse:    131 = 248 KB (2D 348x182 PF_FloatRGB RT VRam) BloomX VRamInKB(Start/Size):<NONE>
[2021.12.06-07.23.24:472][424]LogConsoleResponse:    122 = 248 KB (2D 348x182 PF_FloatRGB RT VRam) BloomY VRamInKB(Start/Size):<NONE>
[2021.12.06-07.23.24:472][424]LogConsoleResponse:     49 = 128 KB (2D 256x64 PF_FloatRGBA RT) AtmosphereTransmittance
[2021.12.06-07.23.24:472][424]LogConsoleResponse:     58 = 128 KB (3D 32x32x32 PF_A2B10G10R10 RT VRam) CombineLUTs VRamInKB(Start/Size):<NONE>
[2021.12.06-07.23.24:472][424]LogConsoleResponse:    117 = 128 KB (3D 32x32x32 PF_A2B10G10R10 RT VRam) CombineLUTs VRamInKB(Start/Size):<NONE>
[2021.12.06-07.23.24:472][424]LogConsoleResponse:      7 = 64 KB (2D 128x128 PF_B8G8R8A8) PerlinNoiseGradient
[2021.12.06-07.23.24:472][424]LogConsoleResponse:    130 = 62 KB (2D 174x91 PF_FloatRGB RT VRam) BloomX VRamInKB(Start/Size):<NONE>
[2021.12.06-07.23.24:472][424]LogConsoleResponse:    123 = 62 KB (2D 174x91 PF_FloatRGB RT VRam) BloomY VRamInKB(Start/Size):<NONE>
[2021.12.06-07.23.24:472][424]LogConsoleResponse:     43 = 49 KB (2D 98x64 PF_A16B16G16R16) SSProfiles
[2021.12.06-07.23.24:472][424]LogConsoleResponse:     18 = 32 KB (2D 64x64 PF_FloatRGBA VRam) LTCMat VRamInKB(Start/Size):<NONE>
[2021.12.06-07.23.24:472][424]LogConsoleResponse:     14 = 16 KB (2D 128x32 PF_G16R16) PreintegratedGF
[2021.12.06-07.23.24:472][424]LogConsoleResponse:     19 = 16 KB (2D 64x64 PF_G16R16F VRam) LTCAmp VRamInKB(Start/Size):<NONE>
[2021.12.06-07.23.24:472][424]LogConsoleResponse:    129 = 16 KB (2D 87x46 PF_FloatRGB RT VRam) BloomX VRamInKB(Start/Size):<NONE>
[2021.12.06-07.23.24:472][424]LogConsoleResponse:    124 = 16 KB (2D 87x46 PF_FloatRGB RT VRam) BloomY VRamInKB(Start/Size):<NONE>
[2021.12.06-07.23.24:472][424]LogConsoleResponse:     15 = 16 KB (3D 16x16x16 PF_B8G8R8A8) PerlinNoise3D
[2021.12.06-07.23.24:472][424]LogConsoleResponse:     51 = 8 KB (2D 64x16 PF_FloatRGBA RT) AtmosphereDeltaE
[2021.12.06-07.23.24:472][424]LogConsoleResponse:     50 = 8 KB (2D 64x16 PF_FloatRGBA RT) AtmosphereIrradiance
[2021.12.06-07.23.24:472][424]LogConsoleResponse:     16 = 8 KB (2D 64x64 PF_R8G8) SSAORandomization
[2021.12.06-07.23.24:472][424]LogConsoleResponse:    128 = 4 KB (2D 44x23 PF_FloatRGB RT VRam) BloomX VRamInKB(Start/Size):<NONE>
[2021.12.06-07.23.24:472][424]LogConsoleResponse:    125 = 4 KB (2D 44x23 PF_FloatRGB RT VRam) BloomY VRamInKB(Start/Size):<NONE>
[2021.12.06-07.23.24:472][424]LogConsoleResponse:    127 = 2 KB (2D 22x12 PF_FloatRGB RT VRam) BloomX VRamInKB(Start/Size):<NONE>
[2021.12.06-07.23.24:472][424]LogConsoleResponse:    126 = 2 KB (2D 22x12 PF_FloatRGB RT VRam) BloomY VRamInKB(Start/Size):<NONE>
[2021.12.06-07.23.24:472][424]LogConsoleResponse:    116 = 1 KB (2D 1x1 PF_A32B32G32R32F RT UAV) EyeAdaptation
[2021.12.06-07.23.24:472][424]LogConsoleResponse:     57 = 1 KB (2D 1x1 PF_A32B32G32R32F RT UAV) EyeAdaptation
[2021.12.06-07.23.24:472][424]LogConsoleResponse:     87 = 1 KB (2D 1x1 PF_A32B32G32R32F RT UAV) EyeAdaptation
[2021.12.06-07.23.24:472][424]LogConsoleResponse:      4 = 1 KB (2D 1x1 PF_B8G8R8A8 RT) BlackAlphaOneDummy
[2021.12.06-07.23.24:472][424]LogConsoleResponse:      2 = 1 KB (2D 1x1 PF_B8G8R8A8 RT) BlackDummy
[2021.12.06-07.23.24:472][424]LogConsoleResponse:      6 = 1 KB (2D 1x1 PF_B8G8R8A8 RT) DefaultNormal8Bit
[2021.12.06-07.23.24:472][424]LogConsoleResponse:      5 = 1 KB (2D 1x1 PF_B8G8R8A8 RT) GreenDummy
[2021.12.06-07.23.24:472][424]LogConsoleResponse:      1 = 1 KB (2D 1x1 PF_B8G8R8A8 RT) WhiteDummy
[2021.12.06-07.23.24:472][424]LogConsoleResponse:      9 = 1 KB (2D 1x1 PF_DepthStencil) DepthDummy
[2021.12.06-07.23.24:472][424]LogConsoleResponse:      8 = 1 KB (2D 1x1 PF_FloatRGBA RT) MaxFP16Depth
[2021.12.06-07.23.24:472][424]LogConsoleResponse:     11 = 1 KB (2D 1x1 PF_FloatRGBA RT) MidGreyDummy
[2021.12.06-07.23.24:472][424]LogConsoleResponse:      3 = 1 KB (2D 1x1 PF_R32_UINT RT) ZeroUIntDummy
[2021.12.06-07.23.24:472][424]LogConsoleResponse:     10 = 1 KB (2D 1x1 PF_R8G8B8A8_UINT RT) StencilDummy
[2021.12.06-07.23.24:472][424]LogConsoleResponse:     12 = 1 KB (2D 32x16 PF_R16_UINT) SobolSampling
[2021.12.06-07.23.24:472][424]LogConsoleResponse:     17 = 1 KB (2D 4x4 PF_R8G8B8A8) GTAORandomization
[2021.12.06-07.23.24:473][424]LogConsoleResponse:     13 = 1 KB (3D 1x1x1 PF_B8G8R8A8 RT) VolumetricBlackDummy
[2021.12.06-07.23.24:473][424]LogConsoleResponse:    138 = 0 KB (2D 1392x728 PF_G16R16 RT UAV) UnknownTexture2D
[2021.12.06-07.23.24:473][424]LogConsoleResponse: 
[2021.12.06-07.23.24:473][424]LogConsoleResponse: Pool: 130/189 MB (referenced/allocated)
[2021.12.06-07.23.24:473][424]Cmd: rhi.DumpMemory
[2021.12.06-07.23.24:622][424]RHI resource memory (not tracked by our allocator)
[2021.12.06-07.23.24:622][424]         2228160  -  Render target memory Cube - STAT_RenderTargetMemoryCube - STATGROUP_RHI - STATCAT_Advanced
[2021.12.06-07.23.24:622][424]        59113476  -  Render target memory 3D - STAT_RenderTargetMemory3D - STATGROUP_RHI - STATCAT_Advanced
[2021.12.06-07.23.24:622][424]         1175808  -  Structured buffer memory - STAT_StructuredBufferMemory - STATGROUP_RHI - STATCAT_Advanced
[2021.12.06-07.23.24:622][424]          795584  -  Uniform buffer memory - STAT_UniformBufferMemory - STATGROUP_RHI - STATCAT_Advanced
[2021.12.06-07.23.24:622][424]        22085700  -  Texture memory Cube - STAT_TextureMemoryCube - STATGROUP_RHI - STATCAT_Advanced
[2021.12.06-07.23.24:622][424]         8413260  -  Texture memory 3D - STAT_TextureMemory3D - STATGROUP_RHI - STATCAT_Advanced
[2021.12.06-07.23.24:622][424]       577170085  -  Render target memory 2D - STAT_RenderTargetMemory2D - STATGROUP_RHI - STATCAT_Advanced
[2021.12.06-07.23.24:622][424]        88642576  -  Texture memory 2D - STAT_TextureMemory2D - STATGROUP_RHI - STATCAT_Advanced
[2021.12.06-07.23.24:622][424]        30764042  -  Index buffer memory - STAT_IndexBufferMemory - STATGROUP_RHI - STATCAT_Advanced
[2021.12.06-07.23.24:622][424]        24226920  -  Vertex buffer memory - STAT_VertexBufferMemory - STATGROUP_RHI - STATCAT_Advanced
[2021.12.06-07.23.24:622][424]776.878MB total
[2021.12.06-07.23.24:622][424]LogWindows: FPlatformMisc::RequestExit(1)
[2021.12.06-07.23.24:622][424]LogCore: Engine exit requested (reason: Win RequestExit)
[2021.12.06-07.23.24:622][424]Cmd: Mem FromReport
[2021.12.06-07.23.24:623][424]LogMemory: Platform Memory Stats for Windows
[2021.12.06-07.23.24:623][424]LogMemory: Process Physical Memory: 1167.18 MB used, 1180.29 MB peak
[2021.12.06-07.23.24:623][424]LogMemory: Process Virtual Memory: 2104.11 MB used, 2108.23 MB peak
[2021.12.06-07.23.24:623][424]LogMemory: Physical Memory: 7288.43 MB used,  853.62 MB free, 8142.05 MB total
[2021.12.06-07.23.24:623][424]LogMemory: Virtual Memory: 8122.75 MB used,  134209608.00 MB free, 134217728.00 MB total
[2021.12.06-07.23.24:623][424]LogMemory: 
[2021.12.06-07.23.24:623][424]Allocator Stats for TBB: (not implemented)
[2021.12.06-07.23.24:623][424]LogMemory: Memory Stats:
[2021.12.06-07.23.24:623][424]LogMemory: FMemStack (gamethread) current size = 0.00 MB
[2021.12.06-07.23.24:623][424]LogMemory: FPageAllocator (all threads) allocation size [used/ unused] = [0.81 / 0.81] MB
[2021.12.06-07.23.24:623][424]LogMemory: Nametable memory usage = 5.95 MB
[2021.12.06-07.23.24:648][424]Log file closed, 12/06/21 17:53:24
